2023-10-19 15:12:15,767 file.manager INFO 2.0.0
2023-10-19 15:12:15,768 file.manager INFO Copyright (C) 2003-2022, Noriaki Ando and OpenRTM development team,
2023-10-19 15:12:15,768 file.manager INFO   Intelligent Systems Research Institute, AIST,
2023-10-19 15:12:15,768 file.manager INFO Copyright (C) 2022, Noriaki Ando and OpenRTM development team,
2023-10-19 15:12:15,768 file.manager INFO   Industrial Cyber-Physical Research Center, AIST,
2023-10-19 15:12:15,768 file.manager INFO   All right reserved.
2023-10-19 15:12:15,768 file.manager INFO Manager starting.
2023-10-19 15:12:15,768 file.manager INFO Starting local logging.
2023-10-19 15:12:15,777 file.manager.namingmanager INFO NameServer connection succeeded: corba/localhost
2023-10-19 15:12:19,860 file.ManagerServant INFO Master manager not found
2023-10-19 15:12:19,862 file.LocalServiceAdmin INFO All the local services are enabled.
2023-10-19 15:12:19,878 file.manager INFO Component type conf file: camera.conf loaded.
2023-10-19 15:12:19,880 file.ec_base INFO setRate(1000000.000000) done
2023-10-19 15:12:19,880 file.ec_base INFO setRate(100.000000) done
2023-10-19 15:12:19,880 file.rtobject INFO 1 execution context was created.
2023-10-19 15:12:19,883 file.rtobject INFO Initial active configuration set is default.
2023-10-19 15:12:34,068 file.ManagerServant INFO Master manager not found
2023-10-19 15:12:44,161 file.ManagerServant INFO Master manager not found
2023-10-19 15:12:54,234 file.ManagerServant INFO Master manager not found
2023-10-19 15:13:04,300 file.ManagerServant INFO Master manager not found
2023-10-19 15:13:14,413 file.ManagerServant INFO Master manager not found
2023-10-19 15:13:24,492 file.ManagerServant INFO Master manager not found
2023-10-19 15:13:34,590 file.ManagerServant INFO Master manager not found
2023-10-19 15:13:44,671 file.ManagerServant INFO Master manager not found
2023-10-19 15:13:54,780 file.ManagerServant INFO Master manager not found
2023-10-19 15:14:04,770 file.ManagerServant INFO Master manager not found
2023-10-19 15:14:14,892 file.ManagerServant INFO Master manager not found
2023-10-19 15:14:24,984 file.ManagerServant INFO Master manager not found
2023-10-19 15:14:35,109 file.ManagerServant INFO Master manager not found
2023-10-19 15:14:45,117 file.ManagerServant INFO Master manager not found
2023-10-19 15:14:55,224 file.ManagerServant INFO Master manager not found
2023-10-19 15:15:05,314 file.ManagerServant INFO Master manager not found
2023-10-19 15:15:15,395 file.ManagerServant INFO Master manager not found
2023-10-19 15:15:25,474 file.ManagerServant INFO Master manager not found
2023-10-19 15:15:35,552 file.ManagerServant INFO Master manager not found
2023-10-19 15:15:45,617 file.ManagerServant INFO Master manager not found
2023-10-19 15:15:55,709 file.ManagerServant INFO Master manager not found
2023-10-19 15:16:05,787 file.ManagerServant INFO Master manager not found
2023-10-19 15:16:15,869 file.ManagerServant INFO Master manager not found
2023-10-19 15:16:25,991 file.ManagerServant INFO Master manager not found
2023-10-19 15:16:35,995 file.ManagerServant INFO Master manager not found
2023-10-19 15:16:45,967 file.ManagerServant INFO Master manager not found
2023-10-19 15:16:56,050 file.ManagerServant INFO Master manager not found
2023-10-19 15:17:06,149 file.ManagerServant INFO Master manager not found
2023-10-19 15:17:16,267 file.ManagerServant INFO Master manager not found
2023-10-19 15:17:26,268 file.ManagerServant INFO Master manager not found
2023-10-19 15:17:36,285 file.ManagerServant INFO Master manager not found
2023-10-19 15:17:46,279 file.ManagerServant INFO Master manager not found
2023-10-19 15:17:56,374 file.ManagerServant INFO Master manager not found
2023-10-19 15:18:06,510 file.ManagerServant INFO Master manager not found
2023-10-19 15:18:16,527 file.ManagerServant INFO Master manager not found
2023-10-19 15:18:26,602 file.ManagerServant INFO Master manager not found
2023-10-19 15:18:36,734 file.ManagerServant INFO Master manager not found
2023-10-19 15:18:46,717 file.ManagerServant INFO Master manager not found
2023-10-19 15:18:56,689 file.ManagerServant INFO Master manager not found
2023-10-19 15:19:06,757 file.ManagerServant INFO Master manager not found
2023-10-19 15:19:16,823 file.ManagerServant INFO Master manager not found
2023-10-19 15:19:26,922 file.ManagerServant INFO Master manager not found
2023-10-19 15:19:36,902 file.ManagerServant INFO Master manager not found
2023-10-19 15:19:47,028 file.ManagerServant INFO Master manager not found
2023-10-19 15:19:56,995 file.ManagerServant INFO Master manager not found
2023-10-19 15:20:07,081 file.ManagerServant INFO Master manager not found
2023-10-19 15:20:17,167 file.ManagerServant INFO Master manager not found
2023-10-19 15:20:27,201 file.ManagerServant INFO Master manager not found
2023-10-19 15:20:37,293 file.ManagerServant INFO Master manager not found
2023-10-19 15:20:47,338 file.ManagerServant INFO Master manager not found
2023-10-19 15:20:57,400 file.ManagerServant INFO Master manager not found
2023-10-19 15:21:07,486 file.ManagerServant INFO Master manager not found
2023-10-19 15:21:17,585 file.ManagerServant INFO Master manager not found
2023-10-19 15:21:27,579 file.ManagerServant INFO Master manager not found
2023-10-19 15:21:37,574 file.ManagerServant INFO Master manager not found
2023-10-19 15:21:47,679 file.ManagerServant INFO Master manager not found
2023-10-19 15:21:57,774 file.ManagerServant INFO Master manager not found
2023-10-19 15:22:07,873 file.ManagerServant INFO Master manager not found
2023-10-19 15:22:17,988 file.ManagerServant INFO Master manager not found
2023-10-19 15:22:27,987 file.ManagerServant INFO Master manager not found
2023-10-19 15:22:38,085 file.ManagerServant INFO Master manager not found
2023-10-19 15:22:48,188 file.ManagerServant INFO Master manager not found
2023-10-19 15:22:58,279 file.ManagerServant INFO Master manager not found
2023-10-19 15:23:08,378 file.ManagerServant INFO Master manager not found
2023-10-19 15:23:18,495 file.ManagerServant INFO Master manager not found
2023-10-19 15:23:28,529 file.ManagerServant INFO Master manager not found
2023-10-19 15:23:38,523 file.ManagerServant INFO Master manager not found
2023-10-19 15:23:48,608 file.ManagerServant INFO Master manager not found
2023-10-19 15:23:58,679 file.ManagerServant INFO Master manager not found
2023-10-19 15:24:08,769 file.ManagerServant INFO Master manager not found
2023-10-19 15:24:18,838 file.ManagerServant INFO Master manager not found
2023-10-19 15:24:28,905 file.ManagerServant INFO Master manager not found
2023-10-19 15:24:39,035 file.ManagerServant INFO Master manager not found
2023-10-19 15:24:49,005 file.ManagerServant INFO Master manager not found
2023-10-19 15:24:59,124 file.ManagerServant INFO Master manager not found
2023-10-19 15:25:09,185 file.ManagerServant INFO Master manager not found
2023-10-19 15:25:19,281 file.ManagerServant INFO Master manager not found
2023-10-19 15:25:29,348 file.ManagerServant INFO Master manager not found
2023-10-19 15:25:39,420 file.ManagerServant INFO Master manager not found
2023-10-19 15:25:49,492 file.ManagerServant INFO Master manager not found
2023-10-19 15:25:59,578 file.ManagerServant INFO Master manager not found
2023-10-19 15:26:09,692 file.ManagerServant INFO Master manager not found
2023-10-19 15:26:19,784 file.ManagerServant INFO Master manager not found
2023-10-19 15:26:29,865 file.ManagerServant INFO Master manager not found
2023-10-19 15:26:39,943 file.ManagerServant INFO Master manager not found
2023-10-19 15:26:50,022 file.ManagerServant INFO Master manager not found
2023-10-19 15:27:00,075 file.ManagerServant INFO Master manager not found
2023-10-19 15:27:10,190 file.ManagerServant INFO Master manager not found
2023-10-19 15:27:20,268 file.ManagerServant INFO Master manager not found
2023-10-19 15:27:30,324 file.ManagerServant INFO Master manager not found
2023-10-19 15:27:40,405 file.ManagerServant INFO Master manager not found
2023-10-19 15:27:50,496 file.ManagerServant INFO Master manager not found
2023-10-19 15:28:00,549 file.ManagerServant INFO Master manager not found
2023-10-19 15:28:10,629 file.ManagerServant INFO Master manager not found
2023-10-19 15:28:20,735 file.ManagerServant INFO Master manager not found
2023-10-19 15:28:30,822 file.ManagerServant INFO Master manager not found
2023-10-19 15:28:40,915 file.ManagerServant INFO Master manager not found
2023-10-19 15:28:50,994 file.ManagerServant INFO Master manager not found
2023-10-19 15:29:01,066 file.ManagerServant INFO Master manager not found
2023-10-19 15:29:11,137 file.ManagerServant INFO Master manager not found
2023-10-19 15:29:21,232 file.ManagerServant INFO Master manager not found
2023-10-19 15:29:31,344 file.ManagerServant INFO Master manager not found
2023-10-19 15:29:41,413 file.ManagerServant INFO Master manager not found
2023-10-19 15:29:51,495 file.ManagerServant INFO Master manager not found
2023-10-19 15:30:01,542 file.ManagerServant INFO Master manager not found
2023-10-19 15:30:11,601 file.ManagerServant INFO Master manager not found
2023-10-19 15:30:21,643 file.ManagerServant INFO Master manager not found
2023-10-19 15:30:31,721 file.ManagerServant INFO Master manager not found
2023-10-19 15:30:41,777 file.ManagerServant INFO Master manager not found
2023-10-19 15:30:51,898 file.ManagerServant INFO Master manager not found
2023-10-19 15:31:01,833 file.ManagerServant INFO Master manager not found
2023-10-19 15:31:11,916 file.ManagerServant INFO Master manager not found
2023-10-19 15:31:21,984 file.ManagerServant INFO Master manager not found
2023-10-19 15:31:32,067 file.ManagerServant INFO Master manager not found
2023-10-19 15:31:42,137 file.ManagerServant INFO Master manager not found
2023-10-19 15:31:52,249 file.ManagerServant INFO Master manager not found
2023-10-19 15:32:02,335 file.ManagerServant INFO Master manager not found
2023-10-19 15:32:12,310 file.ManagerServant INFO Master manager not found
2023-10-19 15:32:22,372 file.ManagerServant INFO Master manager not found
2023-10-19 15:32:32,427 file.ManagerServant INFO Master manager not found
2023-10-19 15:32:42,465 file.ManagerServant INFO Master manager not found
2023-10-19 15:32:52,546 file.ManagerServant INFO Master manager not found
2023-10-19 15:33:02,635 file.ManagerServant INFO Master manager not found
2023-10-19 15:33:12,705 file.ManagerServant INFO Master manager not found
2023-10-19 15:33:22,778 file.ManagerServant INFO Master manager not found
2023-10-19 15:33:32,872 file.ManagerServant INFO Master manager not found
2023-10-19 15:33:42,930 file.ManagerServant INFO Master manager not found
2023-10-19 15:33:53,016 file.ManagerServant INFO Master manager not found
2023-10-19 15:34:03,039 file.ManagerServant INFO Master manager not found
2023-10-19 15:34:13,086 file.ManagerServant INFO Master manager not found
2023-10-19 15:34:23,158 file.ManagerServant INFO Master manager not found
2023-10-19 15:34:33,234 file.ManagerServant INFO Master manager not found
2023-10-19 15:34:43,300 file.ManagerServant INFO Master manager not found
2023-10-19 15:34:53,396 file.ManagerServant INFO Master manager not found
2023-10-19 15:35:03,392 file.ManagerServant INFO Master manager not found
2023-10-19 15:35:13,476 file.ManagerServant INFO Master manager not found
2023-10-19 15:35:23,508 file.ManagerServant INFO Master manager not found
2023-10-19 15:35:33,578 file.ManagerServant INFO Master manager not found
2023-10-19 15:35:43,665 file.ManagerServant INFO Master manager not found
2023-10-19 15:35:53,753 file.ManagerServant INFO Master manager not found
2023-10-19 15:36:03,858 file.ManagerServant INFO Master manager not found
2023-10-19 15:36:13,945 file.ManagerServant INFO Master manager not found
2023-10-19 15:36:24,021 file.ManagerServant INFO Master manager not found
2023-10-19 15:36:34,135 file.ManagerServant INFO Master manager not found
2023-10-19 15:36:44,237 file.ManagerServant INFO Master manager not found
2023-10-19 15:36:54,340 file.ManagerServant INFO Master manager not found
2023-10-19 15:37:04,462 file.ManagerServant INFO Master manager not found
2023-10-19 15:37:14,479 file.ManagerServant INFO Master manager not found
2023-10-19 15:37:24,572 file.ManagerServant INFO Master manager not found
2023-10-19 15:37:34,678 file.ManagerServant INFO Master manager not found
2023-10-19 15:37:44,745 file.ManagerServant INFO Master manager not found
2023-10-19 15:37:54,765 file.ManagerServant INFO Master manager not found
2023-10-19 15:38:04,846 file.ManagerServant INFO Master manager not found
2023-10-19 15:38:14,950 file.ManagerServant INFO Master manager not found
2023-10-19 15:38:25,011 file.ManagerServant INFO Master manager not found
2023-10-19 15:38:35,075 file.ManagerServant INFO Master manager not found
2023-10-19 15:38:45,119 file.ManagerServant INFO Master manager not found
2023-10-19 15:38:55,204 file.ManagerServant INFO Master manager not found
2023-10-19 15:39:05,275 file.ManagerServant INFO Master manager not found
2023-10-19 15:39:15,358 file.ManagerServant INFO Master manager not found
2023-10-19 15:39:25,454 file.ManagerServant INFO Master manager not found
2023-10-19 15:39:35,518 file.ManagerServant INFO Master manager not found
2023-10-19 15:39:45,590 file.ManagerServant INFO Master manager not found
2023-10-19 15:39:55,668 file.ManagerServant INFO Master manager not found
2023-10-19 15:40:05,754 file.ManagerServant INFO Master manager not found
2023-10-19 15:40:15,823 file.ManagerServant INFO Master manager not found
2023-10-19 15:40:25,912 file.ManagerServant INFO Master manager not found
2023-10-19 15:40:36,013 file.ManagerServant INFO Master manager not found
2023-10-19 15:40:46,095 file.ManagerServant INFO Master manager not found
2023-10-19 15:40:56,192 file.ManagerServant INFO Master manager not found
2023-10-19 15:41:06,281 file.ManagerServant INFO Master manager not found
2023-10-19 15:41:16,299 file.ManagerServant INFO Master manager not found
2023-10-19 15:41:26,380 file.ManagerServant INFO Master manager not found
2023-10-19 15:41:36,465 file.ManagerServant INFO Master manager not found
2023-10-19 15:41:46,559 file.ManagerServant INFO Master manager not found
2023-10-19 15:41:56,658 file.ManagerServant INFO Master manager not found
2023-10-19 15:42:06,695 file.ManagerServant INFO Master manager not found
2023-10-19 15:42:16,797 file.ManagerServant INFO Master manager not found
2023-10-19 15:42:26,863 file.ManagerServant INFO Master manager not found
2023-10-19 15:42:36,925 file.ManagerServant INFO Master manager not found
2023-10-19 15:42:47,003 file.ManagerServant INFO Master manager not found
2023-10-19 15:42:57,076 file.ManagerServant INFO Master manager not found
2023-10-19 15:43:07,076 file.ManagerServant INFO Master manager not found
2023-10-19 15:43:17,178 file.ManagerServant INFO Master manager not found
2023-10-19 15:43:27,262 file.ManagerServant INFO Master manager not found
2023-10-19 15:43:37,346 file.ManagerServant INFO Master manager not found
2023-10-19 15:43:47,433 file.ManagerServant INFO Master manager not found
2023-10-19 15:43:57,404 file.ManagerServant INFO Master manager not found
2023-10-19 15:44:07,467 file.ManagerServant INFO Master manager not found
2023-10-19 15:44:17,558 file.ManagerServant INFO Master manager not found
2023-10-19 15:44:27,574 file.ManagerServant INFO Master manager not found
2023-10-19 15:44:37,660 file.ManagerServant INFO Master manager not found
2023-10-19 15:44:47,770 file.ManagerServant INFO Master manager not found
2023-10-19 15:44:57,840 file.ManagerServant INFO Master manager not found
2023-10-19 15:45:07,922 file.ManagerServant INFO Master manager not found
2023-10-19 15:45:18,000 file.ManagerServant INFO Master manager not found
2023-10-19 15:45:28,105 file.ManagerServant INFO Master manager not found
2023-10-19 15:45:38,089 file.ManagerServant INFO Master manager not found
2023-10-19 15:45:48,192 file.ManagerServant INFO Master manager not found
2023-10-19 15:45:58,236 file.ManagerServant INFO Master manager not found
2023-10-19 15:46:08,313 file.ManagerServant INFO Master manager not found
2023-10-19 15:46:18,411 file.ManagerServant INFO Master manager not found
2023-10-19 15:46:28,476 file.ManagerServant INFO Master manager not found
2023-10-19 15:46:38,569 file.ManagerServant INFO Master manager not found
2023-10-19 15:46:48,668 file.ManagerServant INFO Master manager not found
2023-10-19 15:46:58,704 file.ManagerServant INFO Master manager not found
2023-10-19 15:47:08,766 file.ManagerServant INFO Master manager not found
2023-10-19 15:47:18,803 file.ManagerServant INFO Master manager not found
2023-10-19 15:47:28,891 file.ManagerServant INFO Master manager not found
2023-10-19 15:47:38,917 file.ManagerServant INFO Master manager not found
2023-10-19 15:47:49,023 file.ManagerServant INFO Master manager not found
2023-10-19 15:47:59,008 file.ManagerServant INFO Master manager not found
2023-10-19 15:48:09,102 file.ManagerServant INFO Master manager not found
2023-10-19 15:48:19,222 file.ManagerServant INFO Master manager not found
2023-10-19 15:48:29,306 file.ManagerServant INFO Master manager not found
2023-10-19 15:48:39,389 file.ManagerServant INFO Master manager not found
2023-10-19 15:48:49,486 file.ManagerServant INFO Master manager not found
2023-10-19 15:48:59,610 file.ManagerServant INFO Master manager not found
2023-10-19 15:49:09,608 file.ManagerServant INFO Master manager not found
2023-10-19 15:49:19,619 file.ManagerServant INFO Master manager not found
2023-10-19 15:49:29,723 file.ManagerServant INFO Master manager not found
