2023-10-19 15:50:55,802 file.manager INFO 2.0.0
2023-10-19 15:50:55,802 file.manager INFO Copyright (C) 2003-2022, Noriaki Ando and OpenRTM development team,
2023-10-19 15:50:55,803 file.manager INFO   Intelligent Systems Research Institute, AIST,
2023-10-19 15:50:55,803 file.manager INFO Copyright (C) 2022, Noriaki Ando and OpenRTM development team,
2023-10-19 15:50:55,803 file.manager INFO   Industrial Cyber-Physical Research Center, AIST,
2023-10-19 15:50:55,803 file.manager INFO   All right reserved.
2023-10-19 15:50:55,803 file.manager INFO Manager starting.
2023-10-19 15:50:55,803 file.manager INFO Starting local logging.
2023-10-19 15:50:55,812 file.manager.namingmanager INFO NameServer connection succeeded: corba/localhost
2023-10-19 15:50:59,903 file.ManagerServant INFO Master manager not found
2023-10-19 15:50:59,904 file.LocalServiceAdmin INFO All the local services are enabled.
2023-10-19 15:50:59,908 file.manager INFO Component type conf file: camera.conf loaded.
2023-10-19 15:50:59,910 file.ec_base INFO setRate(1000000.000000) done
2023-10-19 15:50:59,910 file.ec_base INFO setRate(100.000000) done
2023-10-19 15:50:59,910 file.rtobject INFO 1 execution context was created.
2023-10-19 15:50:59,912 file.rtobject INFO Initial active configuration set is default.
2023-10-19 15:51:14,061 file.ManagerServant INFO Master manager not found
2023-10-19 15:51:24,151 file.ManagerServant INFO Master manager not found
2023-10-19 15:51:34,264 file.ManagerServant INFO Master manager not found
2023-10-19 15:51:44,257 file.ManagerServant INFO Master manager not found
2023-10-19 15:51:54,346 file.ManagerServant INFO Master manager not found
2023-10-19 15:52:04,433 file.ManagerServant INFO Master manager not found
2023-10-19 15:52:14,529 file.ManagerServant INFO Master manager not found
2023-10-19 15:52:24,575 file.ManagerServant INFO Master manager not found
2023-10-19 15:52:34,678 file.ManagerServant INFO Master manager not found
2023-10-19 15:52:44,739 file.ManagerServant INFO Master manager not found
2023-10-19 15:52:54,811 file.ManagerServant INFO Master manager not found
2023-10-19 15:53:04,923 file.ManagerServant INFO Master manager not found
2023-10-19 15:53:14,912 file.ManagerServant INFO Master manager not found
2023-10-19 15:53:25,018 file.ManagerServant INFO Master manager not found
2023-10-19 15:53:35,110 file.ManagerServant INFO Master manager not found
2023-10-19 15:53:45,176 file.ManagerServant INFO Master manager not found
2023-10-19 15:53:55,277 file.ManagerServant INFO Master manager not found
2023-10-19 15:54:05,364 file.ManagerServant INFO Master manager not found
2023-10-19 15:54:15,448 file.ManagerServant INFO Master manager not found
2023-10-19 15:54:25,551 file.ManagerServant INFO Master manager not found
2023-10-19 15:54:35,620 file.ManagerServant INFO Master manager not found
2023-10-19 15:54:45,673 file.ManagerServant INFO Master manager not found
2023-10-19 15:54:55,802 file.ManagerServant INFO Master manager not found
2023-10-19 15:55:05,920 file.ManagerServant INFO Master manager not found
