2023-10-19 14:09:10,857 file.manager INFO 2.0.0
2023-10-19 14:09:10,857 file.manager INFO Copyright (C) 2003-2022, Noriaki Ando and OpenRTM development team,
2023-10-19 14:09:10,857 file.manager INFO   Intelligent Systems Research Institute, AIST,
2023-10-19 14:09:10,857 file.manager INFO Copyright (C) 2022, Noriaki Ando and OpenRTM development team,
2023-10-19 14:09:10,857 file.manager INFO   Industrial Cyber-Physical Research Center, AIST,
2023-10-19 14:09:10,857 file.manager INFO   All right reserved.
2023-10-19 14:09:10,857 file.manager INFO Manager starting.
2023-10-19 14:09:10,857 file.manager INFO Starting local logging.
2023-10-19 14:09:10,863 file.manager.namingmanager INFO NameServer connection succeeded: corba/localhost
2023-10-19 14:09:14,945 file.ManagerServant INFO Master manager not found
2023-10-19 14:09:14,946 file.LocalServiceAdmin INFO All the local services are enabled.
2023-10-19 14:09:14,949 file.manager INFO Component type conf file: camera.conf loaded.
2023-10-19 14:09:14,950 file.ec_base INFO setRate(1000000.000000) done
2023-10-19 14:09:14,950 file.ec_base INFO setRate(100.000000) done
2023-10-19 14:09:14,950 file.rtobject INFO 1 execution context was created.
2023-10-19 14:09:14,951 file.rtobject INFO Initial active configuration set is default.
2023-10-19 14:09:29,114 file.ManagerServant INFO Master manager not found
2023-10-19 14:09:39,187 file.ManagerServant INFO Master manager not found
2023-10-19 14:09:49,303 file.ManagerServant INFO Master manager not found
2023-10-19 14:09:59,305 file.ManagerServant INFO Master manager not found
2023-10-19 14:10:09,305 file.ManagerServant INFO Master manager not found
2023-10-19 14:10:19,389 file.ManagerServant INFO Master manager not found
2023-10-19 14:10:29,475 file.ManagerServant INFO Master manager not found
2023-10-19 14:10:39,558 file.ManagerServant INFO Master manager not found
2023-10-19 14:10:49,630 file.ManagerServant INFO Master manager not found
2023-10-19 14:10:59,720 file.ManagerServant INFO Master manager not found
2023-10-19 14:11:09,812 file.ManagerServant INFO Master manager not found
2023-10-19 14:11:19,871 file.ManagerServant INFO Master manager not found
2023-10-19 14:11:29,953 file.ManagerServant INFO Master manager not found
