2023-10-17 17:58:32,140 file.manager INFO 2.0.0
2023-10-17 17:58:32,140 file.manager INFO Copyright (C) 2003-2022, Noriaki Ando and OpenRTM development team,
2023-10-17 17:58:32,140 file.manager INFO   Intelligent Systems Research Institute, AIST,
2023-10-17 17:58:32,140 file.manager INFO Copyright (C) 2022, Noriaki Ando and OpenRTM development team,
2023-10-17 17:58:32,140 file.manager INFO   Industrial Cyber-Physical Research Center, AIST,
2023-10-17 17:58:32,140 file.manager INFO   All right reserved.
2023-10-17 17:58:32,140 file.manager INFO Manager starting.
2023-10-17 17:58:32,140 file.manager INFO Starting local logging.
2023-10-17 17:58:32,151 file.manager.namingmanager INFO NameServer connection succeeded: corba/localhost
2023-10-17 17:58:36,232 file.ManagerServant INFO Master manager not found
2023-10-17 17:58:36,234 file.LocalServiceAdmin INFO All the local services are enabled.
2023-10-17 17:58:36,286 file.manager INFO Component type conf file: camera.conf loaded.
2023-10-17 17:58:36,288 file.ec_base INFO setRate(1000000.000000) done
2023-10-17 17:58:36,289 file.ec_base INFO setRate(100.000000) done
2023-10-17 17:58:36,289 file.rtobject INFO 1 execution context was created.
2023-10-17 17:58:36,291 file.rtobject INFO Initial active configuration set is default.
2023-10-17 17:58:50,438 file.ManagerServant INFO Master manager not found
2023-10-17 17:59:00,531 file.ManagerServant INFO Master manager not found
2023-10-17 17:59:10,619 file.ManagerServant INFO Master manager not found
2023-10-17 17:59:20,741 file.ManagerServant INFO Master manager not found
2023-10-17 17:59:30,699 file.ManagerServant INFO Master manager not found
2023-10-17 17:59:40,837 file.ManagerServant INFO Master manager not found
