2023-11-05 21:54:52,581 file.manager INFO 2.0.0
2023-11-05 21:54:52,581 file.manager INFO Copyright (C) 2003-2022, Noriaki Ando and OpenRTM development team,
2023-11-05 21:54:52,581 file.manager INFO   Intelligent Systems Research Institute, AIST,
2023-11-05 21:54:52,581 file.manager INFO Copyright (C) 2022, Noriaki Ando and OpenRTM development team,
2023-11-05 21:54:52,582 file.manager INFO   Industrial Cyber-Physical Research Center, AIST,
2023-11-05 21:54:52,582 file.manager INFO   All right reserved.
2023-11-05 21:54:52,582 file.manager INFO Manager starting.
2023-11-05 21:54:52,582 file.manager INFO Starting local logging.
2023-11-05 21:54:52,588 file.manager.namingmanager INFO NameServer connection succeeded: corba/localhost
2023-11-05 21:54:56,682 file.ManagerServant INFO Master manager not found
2023-11-05 21:54:56,683 file.LocalServiceAdmin INFO All the local services are enabled.
2023-11-05 21:54:56,703 file.manager INFO Component type conf file: camera.conf loaded.
2023-11-05 21:54:56,704 file.ec_base INFO setRate(1000000.000000) done
2023-11-05 21:54:56,704 file.ec_base INFO setRate(100.000000) done
2023-11-05 21:54:56,705 file.rtobject INFO 1 execution context was created.
2023-11-05 21:54:56,706 file.rtobject INFO Initial active configuration set is default.
2023-11-05 21:55:10,831 file.ManagerServant INFO Master manager not found
2023-11-05 21:55:20,833 file.ManagerServant INFO Master manager not found
2023-11-05 21:55:30,932 file.ManagerServant INFO Master manager not found
2023-11-05 21:55:40,046 file.SdoServiceAdmin WARNING No available SDO service in the factory: 
2023-11-05 21:55:40,047 file.SdoServiceAdmin ERROR type  not exists.
2023-11-05 21:55:40,949 file.ManagerServant INFO Master manager not found
2023-11-05 21:55:50,914 file.ManagerServant INFO Master manager not found
2023-11-05 21:56:01,011 file.ManagerServant INFO Master manager not found
2023-11-05 21:56:11,082 file.ManagerServant INFO Master manager not found
2023-11-05 21:56:21,188 file.ManagerServant INFO Master manager not found
2023-11-05 21:56:31,193 file.ManagerServant INFO Master manager not found
2023-11-05 21:56:41,253 file.ManagerServant INFO Master manager not found
2023-11-05 21:56:51,337 file.ManagerServant INFO Master manager not found
2023-11-05 21:57:01,450 file.ManagerServant INFO Master manager not found
2023-11-05 21:57:11,464 file.ManagerServant INFO Master manager not found
2023-11-05 21:57:21,433 file.ManagerServant INFO Master manager not found
2023-11-05 21:57:31,539 file.ManagerServant INFO Master manager not found
2023-11-05 21:57:41,624 file.ManagerServant INFO Master manager not found
2023-11-05 21:57:51,739 file.ManagerServant INFO Master manager not found
2023-11-05 21:58:01,810 file.ManagerServant INFO Master manager not found
2023-11-05 21:58:11,871 file.ManagerServant INFO Master manager not found
2023-11-05 21:58:21,951 file.ManagerServant INFO Master manager not found
2023-11-05 21:58:32,012 file.ManagerServant INFO Master manager not found
2023-11-05 21:58:42,091 file.ManagerServant INFO Master manager not found
2023-11-05 21:58:52,164 file.ManagerServant INFO Master manager not found
2023-11-05 21:59:02,266 file.ManagerServant INFO Master manager not found
2023-11-05 21:59:12,335 file.ManagerServant INFO Master manager not found
2023-11-05 21:59:22,396 file.ManagerServant INFO Master manager not found
2023-11-05 21:59:32,483 file.ManagerServant INFO Master manager not found
2023-11-05 21:59:42,591 file.ManagerServant INFO Master manager not found
2023-11-05 21:59:52,596 file.ManagerServant INFO Master manager not found
2023-11-05 22:00:02,688 file.ManagerServant INFO Master manager not found
2023-11-05 22:00:12,783 file.ManagerServant INFO Master manager not found
2023-11-05 22:00:22,881 file.ManagerServant INFO Master manager not found
2023-11-05 22:00:32,985 file.ManagerServant INFO Master manager not found
2023-11-05 22:00:43,079 file.ManagerServant INFO Master manager not found
2023-11-05 22:00:53,196 file.ManagerServant INFO Master manager not found
2023-11-05 22:01:03,193 file.ManagerServant INFO Master manager not found
2023-11-05 22:01:13,276 file.ManagerServant INFO Master manager not found
2023-11-05 22:01:23,370 file.ManagerServant INFO Master manager not found
2023-11-05 22:01:33,479 file.ManagerServant INFO Master manager not found
2023-11-05 22:01:43,577 file.ManagerServant INFO Master manager not found
2023-11-05 22:01:53,578 file.ManagerServant INFO Master manager not found
2023-11-05 22:02:03,657 file.ManagerServant INFO Master manager not found
2023-11-05 22:02:13,731 file.ManagerServant INFO Master manager not found
2023-11-05 22:02:23,846 file.ManagerServant INFO Master manager not found
2023-11-05 22:02:33,929 file.ManagerServant INFO Master manager not found
2023-11-05 22:02:44,002 file.ManagerServant INFO Master manager not found
2023-11-05 22:02:54,067 file.ManagerServant INFO Master manager not found
2023-11-05 22:03:04,141 file.ManagerServant INFO Master manager not found
2023-11-05 22:03:14,228 file.ManagerServant INFO Master manager not found
2023-11-05 22:03:24,317 file.ManagerServant INFO Master manager not found
2023-11-05 22:03:34,422 file.ManagerServant INFO Master manager not found
2023-11-05 22:03:44,523 file.ManagerServant INFO Master manager not found
2023-11-05 22:03:54,619 file.ManagerServant INFO Master manager not found
2023-11-05 22:04:04,739 file.ManagerServant INFO Master manager not found
2023-11-05 22:04:14,713 file.ManagerServant INFO Master manager not found
2023-11-05 22:04:24,812 file.ManagerServant INFO Master manager not found
2023-11-05 22:04:34,915 file.ManagerServant INFO Master manager not found
2023-11-05 22:04:44,993 file.ManagerServant INFO Master manager not found
2023-11-05 22:04:55,090 file.ManagerServant INFO Master manager not found
2023-11-05 22:05:05,182 file.ManagerServant INFO Master manager not found
2023-11-05 22:05:15,285 file.ManagerServant INFO Master manager not found
2023-11-05 22:05:25,284 file.ManagerServant INFO Master manager not found
2023-11-05 22:05:35,387 file.ManagerServant INFO Master manager not found
2023-11-05 22:05:45,477 file.ManagerServant INFO Master manager not found
2023-11-05 22:05:55,563 file.ManagerServant INFO Master manager not found
2023-11-05 22:06:05,666 file.ManagerServant INFO Master manager not found
2023-11-05 22:06:15,736 file.ManagerServant INFO Master manager not found
2023-11-05 22:06:25,844 file.ManagerServant INFO Master manager not found
2023-11-05 22:06:35,893 file.ManagerServant INFO Master manager not found
2023-11-05 22:06:45,971 file.ManagerServant INFO Master manager not found
2023-11-05 22:06:56,061 file.ManagerServant INFO Master manager not found
2023-11-05 22:07:06,176 file.ManagerServant INFO Master manager not found
2023-11-05 22:07:16,155 file.ManagerServant INFO Master manager not found
2023-11-05 22:07:26,236 file.ManagerServant INFO Master manager not found
2023-11-05 22:07:36,308 file.ManagerServant INFO Master manager not found
2023-11-05 22:07:46,375 file.ManagerServant INFO Master manager not found
2023-11-05 22:07:56,508 file.ManagerServant INFO Master manager not found
2023-11-05 22:08:06,614 file.ManagerServant INFO Master manager not found
2023-11-05 22:08:16,699 file.ManagerServant INFO Master manager not found
2023-11-05 22:08:26,798 file.ManagerServant INFO Master manager not found
2023-11-05 22:08:36,890 file.ManagerServant INFO Master manager not found
2023-11-05 22:08:47,011 file.ManagerServant INFO Master manager not found
2023-11-05 22:08:57,091 file.ManagerServant INFO Master manager not found
2023-11-05 22:09:07,196 file.ManagerServant INFO Master manager not found
2023-11-05 22:09:17,276 file.ManagerServant INFO Master manager not found
2023-11-05 22:09:27,342 file.ManagerServant INFO Master manager not found
2023-11-05 22:09:37,433 file.ManagerServant INFO Master manager not found
2023-11-05 22:09:47,528 file.ManagerServant INFO Master manager not found
2023-11-05 22:09:57,631 file.ManagerServant INFO Master manager not found
2023-11-05 22:10:07,733 file.ManagerServant INFO Master manager not found
2023-11-05 22:10:17,712 file.ManagerServant INFO Master manager not found
2023-11-05 22:10:27,804 file.ManagerServant INFO Master manager not found
2023-11-05 22:10:37,890 file.ManagerServant INFO Master manager not found
2023-11-05 22:10:47,975 file.ManagerServant INFO Master manager not found
2023-11-05 22:10:58,062 file.ManagerServant INFO Master manager not found
2023-11-05 22:11:08,174 file.ManagerServant INFO Master manager not found
2023-11-05 22:11:18,273 file.ManagerServant INFO Master manager not found
2023-11-05 22:11:28,364 file.ManagerServant INFO Master manager not found
2023-11-05 22:11:38,457 file.ManagerServant INFO Master manager not found
2023-11-05 22:11:48,574 file.ManagerServant INFO Master manager not found
2023-11-05 22:11:58,677 file.ManagerServant INFO Master manager not found
2023-11-05 22:12:08,683 file.ManagerServant INFO Master manager not found
2023-11-05 22:12:18,671 file.ManagerServant INFO Master manager not found
2023-11-05 22:12:28,738 file.ManagerServant INFO Master manager not found
2023-11-05 22:12:38,842 file.ManagerServant INFO Master manager not found
2023-11-05 22:12:48,832 file.ManagerServant INFO Master manager not found
2023-11-05 22:12:58,904 file.ManagerServant INFO Master manager not found
2023-11-05 22:13:08,972 file.ManagerServant INFO Master manager not found
2023-11-05 22:13:19,074 file.ManagerServant INFO Master manager not found
2023-11-05 22:13:29,179 file.ManagerServant INFO Master manager not found
2023-11-05 22:13:39,291 file.ManagerServant INFO Master manager not found
2023-11-05 22:13:49,260 file.ManagerServant INFO Master manager not found
2023-11-05 22:13:59,349 file.ManagerServant INFO Master manager not found
2023-11-05 22:14:09,472 file.ManagerServant INFO Master manager not found
2023-11-05 22:14:19,479 file.ManagerServant INFO Master manager not found
2023-11-05 22:14:29,581 file.ManagerServant INFO Master manager not found
2023-11-05 22:14:39,665 file.ManagerServant INFO Master manager not found
2023-11-05 22:14:49,748 file.ManagerServant INFO Master manager not found
2023-11-05 22:14:59,841 file.ManagerServant INFO Master manager not found
2023-11-05 22:15:09,935 file.ManagerServant INFO Master manager not found
2023-11-05 22:15:20,037 file.ManagerServant INFO Master manager not found
2023-11-05 22:15:30,019 file.ManagerServant INFO Master manager not found
2023-11-05 22:15:40,131 file.ManagerServant INFO Master manager not found
2023-11-05 22:15:50,122 file.ManagerServant INFO Master manager not found
2023-11-05 22:16:00,148 file.ManagerServant INFO Master manager not found
2023-11-05 22:16:10,125 file.ManagerServant INFO Master manager not found
2023-11-05 22:16:20,223 file.ManagerServant INFO Master manager not found
2023-11-05 22:16:30,320 file.ManagerServant INFO Master manager not found
2023-11-05 22:16:40,446 file.ManagerServant INFO Master manager not found
2023-11-05 22:16:50,449 file.ManagerServant INFO Master manager not found
2023-11-05 22:17:00,445 file.ManagerServant INFO Master manager not found
2023-11-05 22:17:10,523 file.ManagerServant INFO Master manager not found
2023-11-05 22:17:20,633 file.ManagerServant INFO Master manager not found
2023-11-05 22:17:30,639 file.ManagerServant INFO Master manager not found
2023-11-05 22:17:40,626 file.ManagerServant INFO Master manager not found
2023-11-05 22:17:50,707 file.ManagerServant INFO Master manager not found
2023-11-05 22:18:00,792 file.ManagerServant INFO Master manager not found
2023-11-05 22:18:10,878 file.ManagerServant INFO Master manager not found
2023-11-05 22:18:20,960 file.ManagerServant INFO Master manager not found
2023-11-05 22:18:31,050 file.ManagerServant INFO Master manager not found
2023-11-05 22:18:41,138 file.ManagerServant INFO Master manager not found
2023-11-05 22:18:51,229 file.ManagerServant INFO Master manager not found
2023-11-05 22:19:01,309 file.ManagerServant INFO Master manager not found
2023-11-05 22:19:11,361 file.ManagerServant INFO Master manager not found
2023-11-05 22:19:21,462 file.ManagerServant INFO Master manager not found
2023-11-05 22:19:31,576 file.ManagerServant INFO Master manager not found
2023-11-05 22:19:41,581 file.ManagerServant INFO Master manager not found
2023-11-05 22:19:51,589 file.ManagerServant INFO Master manager not found
2023-11-05 22:20:01,589 file.ManagerServant INFO Master manager not found
2023-11-05 22:20:11,663 file.ManagerServant INFO Master manager not found
2023-11-05 22:20:21,782 file.ManagerServant INFO Master manager not found
2023-11-05 22:20:31,764 file.ManagerServant INFO Master manager not found
2023-11-05 22:20:41,837 file.ManagerServant INFO Master manager not found
2023-11-05 22:20:51,943 file.ManagerServant INFO Master manager not found
2023-11-05 22:21:01,961 file.ManagerServant INFO Master manager not found
2023-11-05 22:21:11,938 file.ManagerServant INFO Master manager not found
2023-11-05 22:21:22,036 file.ManagerServant INFO Master manager not found
2023-11-05 22:21:32,129 file.ManagerServant INFO Master manager not found
2023-11-05 22:21:42,246 file.ManagerServant INFO Master manager not found
2023-11-05 22:21:52,340 file.ManagerServant INFO Master manager not found
2023-11-05 22:22:02,426 file.ManagerServant INFO Master manager not found
2023-11-05 22:22:12,507 file.ManagerServant INFO Master manager not found
2023-11-05 22:22:22,604 file.ManagerServant INFO Master manager not found
2023-11-05 22:22:32,587 file.ManagerServant INFO Master manager not found
2023-11-05 22:22:42,667 file.ManagerServant INFO Master manager not found
2023-11-05 22:22:52,755 file.ManagerServant INFO Master manager not found
2023-11-05 22:23:02,864 file.ManagerServant INFO Master manager not found
2023-11-05 22:23:12,850 file.ManagerServant INFO Master manager not found
2023-11-05 22:23:22,908 file.ManagerServant INFO Master manager not found
2023-11-05 22:23:32,991 file.ManagerServant INFO Master manager not found
2023-11-05 22:23:43,084 file.ManagerServant INFO Master manager not found
2023-11-05 22:23:53,148 file.ManagerServant INFO Master manager not found
2023-11-05 22:24:03,246 file.ManagerServant INFO Master manager not found
2023-11-05 22:24:13,318 file.ManagerServant INFO Master manager not found
2023-11-05 22:24:23,432 file.ManagerServant INFO Master manager not found
2023-11-05 22:24:33,451 file.ManagerServant INFO Master manager not found
2023-11-05 22:24:43,466 file.ManagerServant INFO Master manager not found
2023-11-05 22:24:53,518 file.ManagerServant INFO Master manager not found
2023-11-05 22:25:03,629 file.ManagerServant INFO Master manager not found
2023-11-05 22:25:13,646 file.ManagerServant INFO Master manager not found
2023-11-05 22:25:23,614 file.ManagerServant INFO Master manager not found
2023-11-05 22:25:33,719 file.ManagerServant INFO Master manager not found
2023-11-05 22:25:43,825 file.ManagerServant INFO Master manager not found
2023-11-05 22:25:53,911 file.ManagerServant INFO Master manager not found
2023-11-05 22:26:03,986 file.ManagerServant INFO Master manager not found
2023-11-05 22:26:14,075 file.ManagerServant INFO Master manager not found
2023-11-05 22:26:24,179 file.ManagerServant INFO Master manager not found
2023-11-05 22:26:34,247 file.ManagerServant INFO Master manager not found
2023-11-05 22:26:44,320 file.ManagerServant INFO Master manager not found
2023-11-05 22:26:54,441 file.ManagerServant INFO Master manager not found
2023-11-05 22:27:04,514 file.ManagerServant INFO Master manager not found
2023-11-05 22:27:14,609 file.ManagerServant INFO Master manager not found
2023-11-05 22:27:24,704 file.ManagerServant INFO Master manager not found
2023-11-05 22:27:34,787 file.ManagerServant INFO Master manager not found
2023-11-05 22:27:44,878 file.ManagerServant INFO Master manager not found
2023-11-05 22:27:54,983 file.ManagerServant INFO Master manager not found
2023-11-05 22:28:04,980 file.ManagerServant INFO Master manager not found
2023-11-05 22:28:15,087 file.ManagerServant INFO Master manager not found
2023-11-05 22:28:25,169 file.ManagerServant INFO Master manager not found
2023-11-05 22:28:35,235 file.ManagerServant INFO Master manager not found
2023-11-05 22:28:45,313 file.ManagerServant INFO Master manager not found
2023-11-05 22:28:55,413 file.ManagerServant INFO Master manager not found
2023-11-05 22:29:05,480 file.ManagerServant INFO Master manager not found
2023-11-05 22:29:15,567 file.ManagerServant INFO Master manager not found
2023-11-05 22:29:25,661 file.ManagerServant INFO Master manager not found
2023-11-05 22:29:35,731 file.ManagerServant INFO Master manager not found
2023-11-05 22:29:45,822 file.ManagerServant INFO Master manager not found
2023-11-05 22:29:55,922 file.ManagerServant INFO Master manager not found
2023-11-05 22:30:06,030 file.ManagerServant INFO Master manager not found
2023-11-05 22:30:16,018 file.ManagerServant INFO Master manager not found
2023-11-05 22:30:26,131 file.ManagerServant INFO Master manager not found
2023-11-05 22:30:36,120 file.ManagerServant INFO Master manager not found
2023-11-05 22:30:46,170 file.ManagerServant INFO Master manager not found
2023-11-05 22:30:56,247 file.ManagerServant INFO Master manager not found
2023-11-05 22:31:06,295 file.ManagerServant INFO Master manager not found
2023-11-05 22:31:16,367 file.ManagerServant INFO Master manager not found
2023-11-05 22:31:26,421 file.ManagerServant INFO Master manager not found
2023-11-05 22:31:36,541 file.ManagerServant INFO Master manager not found
2023-11-05 22:31:46,521 file.ManagerServant INFO Master manager not found
2023-11-05 22:31:56,609 file.ManagerServant INFO Master manager not found
2023-11-05 22:32:06,691 file.ManagerServant INFO Master manager not found
2023-11-05 22:32:16,801 file.ManagerServant INFO Master manager not found
2023-11-05 22:32:26,890 file.ManagerServant INFO Master manager not found
2023-11-05 22:32:36,997 file.ManagerServant INFO Master manager not found
2023-11-05 22:32:47,112 file.ManagerServant INFO Master manager not found
2023-11-05 22:32:57,192 file.ManagerServant INFO Master manager not found
2023-11-05 22:33:07,313 file.ManagerServant INFO Master manager not found
2023-11-05 22:33:17,276 file.ManagerServant INFO Master manager not found
2023-11-05 22:33:27,354 file.ManagerServant INFO Master manager not found
2023-11-05 22:33:37,450 file.ManagerServant INFO Master manager not found
2023-11-05 22:33:47,539 file.ManagerServant INFO Master manager not found
2023-11-05 22:33:57,617 file.ManagerServant INFO Master manager not found
2023-11-05 22:34:07,727 file.ManagerServant INFO Master manager not found
2023-11-05 22:34:17,806 file.ManagerServant INFO Master manager not found
2023-11-05 22:34:27,886 file.ManagerServant INFO Master manager not found
2023-11-05 22:34:37,982 file.ManagerServant INFO Master manager not found
2023-11-05 22:34:47,980 file.ManagerServant INFO Master manager not found
2023-11-05 22:34:58,085 file.ManagerServant INFO Master manager not found
2023-11-05 22:35:08,090 file.ManagerServant INFO Master manager not found
2023-11-05 22:35:18,177 file.ManagerServant INFO Master manager not found
2023-11-05 22:35:28,279 file.ManagerServant INFO Master manager not found
2023-11-05 22:35:38,279 file.ManagerServant INFO Master manager not found
2023-11-05 22:35:48,373 file.ManagerServant INFO Master manager not found
2023-11-05 22:35:58,452 file.ManagerServant INFO Master manager not found
2023-11-05 22:36:08,548 file.ManagerServant INFO Master manager not found
2023-11-05 22:36:18,652 file.ManagerServant INFO Master manager not found
2023-11-05 22:36:28,746 file.ManagerServant INFO Master manager not found
2023-11-05 22:36:38,732 file.ManagerServant INFO Master manager not found
2023-11-05 22:36:48,800 file.ManagerServant INFO Master manager not found
2023-11-05 22:36:58,900 file.ManagerServant INFO Master manager not found
2023-11-05 22:37:09,019 file.ManagerServant INFO Master manager not found
2023-11-05 22:37:19,014 file.ManagerServant INFO Master manager not found
2023-11-05 22:37:29,094 file.ManagerServant INFO Master manager not found
2023-11-05 22:37:39,206 file.ManagerServant INFO Master manager not found
2023-11-05 22:37:49,206 file.ManagerServant INFO Master manager not found
2023-11-05 22:37:59,217 file.ManagerServant INFO Master manager not found
2023-11-05 22:38:09,211 file.ManagerServant INFO Master manager not found
2023-11-05 22:38:19,328 file.ManagerServant INFO Master manager not found
2023-11-05 22:38:29,410 file.ManagerServant INFO Master manager not found
2023-11-05 22:38:39,438 file.ManagerServant INFO Master manager not found
2023-11-05 22:38:49,400 file.ManagerServant INFO Master manager not found
2023-11-05 22:38:59,503 file.ManagerServant INFO Master manager not found
2023-11-05 22:39:09,594 file.ManagerServant INFO Master manager not found
2023-11-05 22:39:19,659 file.ManagerServant INFO Master manager not found
2023-11-05 22:39:29,734 file.ManagerServant INFO Master manager not found
2023-11-05 22:39:39,812 file.ManagerServant INFO Master manager not found
2023-11-05 22:39:49,905 file.ManagerServant INFO Master manager not found
2023-11-05 22:39:59,997 file.ManagerServant INFO Master manager not found
2023-11-05 22:40:10,116 file.ManagerServant INFO Master manager not found
2023-11-05 22:40:20,120 file.ManagerServant INFO Master manager not found
2023-11-05 22:40:30,229 file.ManagerServant INFO Master manager not found
2023-11-05 22:40:40,338 file.ManagerServant INFO Master manager not found
2023-11-05 22:40:50,438 file.ManagerServant INFO Master manager not found
2023-11-05 22:41:00,525 file.ManagerServant INFO Master manager not found
2023-11-05 22:41:10,613 file.ManagerServant INFO Master manager not found
2023-11-05 22:41:20,695 file.ManagerServant INFO Master manager not found
2023-11-05 22:41:30,784 file.ManagerServant INFO Master manager not found
2023-11-05 22:41:40,880 file.ManagerServant INFO Master manager not found
2023-11-05 22:41:50,955 file.ManagerServant INFO Master manager not found
2023-11-05 22:42:01,076 file.ManagerServant INFO Master manager not found
2023-11-05 22:42:11,055 file.ManagerServant INFO Master manager not found
2023-11-05 22:42:21,155 file.ManagerServant INFO Master manager not found
2023-11-05 22:42:31,270 file.ManagerServant INFO Master manager not found
2023-11-05 22:42:41,262 file.ManagerServant INFO Master manager not found
2023-11-05 22:42:51,368 file.ManagerServant INFO Master manager not found
2023-11-05 22:43:01,470 file.ManagerServant INFO Master manager not found
2023-11-05 22:43:11,433 file.ManagerServant INFO Master manager not found
2023-11-05 22:43:21,555 file.ManagerServant INFO Master manager not found
2023-11-05 22:43:31,556 file.ManagerServant INFO Master manager not found
2023-11-05 22:43:41,636 file.ManagerServant INFO Master manager not found
2023-11-05 22:43:51,744 file.ManagerServant INFO Master manager not found
2023-11-05 22:44:01,736 file.ManagerServant INFO Master manager not found
2023-11-05 22:44:11,842 file.ManagerServant INFO Master manager not found
2023-11-05 22:44:21,952 file.ManagerServant INFO Master manager not found
2023-11-05 22:44:32,038 file.ManagerServant INFO Master manager not found
2023-11-05 22:44:42,126 file.ManagerServant INFO Master manager not found
2023-11-05 22:44:52,208 file.ManagerServant INFO Master manager not found
2023-11-05 22:45:02,270 file.ManagerServant INFO Master manager not found
2023-11-05 22:45:12,352 file.ManagerServant INFO Master manager not found
2023-11-05 22:45:22,446 file.ManagerServant INFO Master manager not found
2023-11-05 22:45:32,560 file.ManagerServant INFO Master manager not found
2023-11-05 22:45:42,543 file.ManagerServant INFO Master manager not found
2023-11-05 22:45:52,663 file.ManagerServant INFO Master manager not found
2023-11-05 22:46:02,735 file.ManagerServant INFO Master manager not found
2023-11-05 22:46:12,816 file.ManagerServant INFO Master manager not found
2023-11-05 22:46:22,929 file.ManagerServant INFO Master manager not found
2023-11-05 22:46:33,019 file.ManagerServant INFO Master manager not found
2023-11-05 22:46:43,104 file.ManagerServant INFO Master manager not found
2023-11-05 22:46:53,096 file.ManagerServant INFO Master manager not found
2023-11-05 22:47:03,167 file.ManagerServant INFO Master manager not found
2023-11-05 22:47:13,252 file.ManagerServant INFO Master manager not found
2023-11-05 22:47:23,342 file.ManagerServant INFO Master manager not found
2023-11-05 22:47:33,444 file.ManagerServant INFO Master manager not found
2023-11-05 22:47:43,533 file.ManagerServant INFO Master manager not found
2023-11-05 22:47:53,638 file.ManagerServant INFO Master manager not found
2023-11-05 22:48:03,629 file.ManagerServant INFO Master manager not found
2023-11-05 22:48:13,736 file.ManagerServant INFO Master manager not found
2023-11-05 22:48:23,722 file.ManagerServant INFO Master manager not found
2023-11-05 22:48:33,805 file.ManagerServant INFO Master manager not found
2023-11-05 22:48:43,882 file.ManagerServant INFO Master manager not found
2023-11-05 22:48:53,958 file.ManagerServant INFO Master manager not found
2023-11-05 22:49:04,072 file.ManagerServant INFO Master manager not found
2023-11-05 22:49:14,076 file.ManagerServant INFO Master manager not found
2023-11-05 22:49:24,171 file.ManagerServant INFO Master manager not found
2023-11-05 22:49:34,277 file.ManagerServant INFO Master manager not found
2023-11-05 22:49:44,267 file.ManagerServant INFO Master manager not found
2023-11-05 22:49:54,369 file.ManagerServant INFO Master manager not found
2023-11-05 22:50:04,486 file.ManagerServant INFO Master manager not found
2023-11-05 22:50:14,475 file.ManagerServant INFO Master manager not found
2023-11-05 22:50:24,567 file.ManagerServant INFO Master manager not found
2023-11-05 22:50:34,656 file.ManagerServant INFO Master manager not found
2023-11-05 22:50:44,766 file.ManagerServant INFO Master manager not found
2023-11-05 22:50:54,852 file.ManagerServant INFO Master manager not found
2023-11-05 22:51:04,953 file.ManagerServant INFO Master manager not found
2023-11-05 22:51:14,927 file.ManagerServant INFO Master manager not found
2023-11-05 22:51:25,000 file.ManagerServant INFO Master manager not found
2023-11-05 22:51:35,102 file.ManagerServant INFO Master manager not found
2023-11-05 22:51:45,102 file.ManagerServant INFO Master manager not found
2023-11-05 22:51:55,104 file.ManagerServant INFO Master manager not found
2023-11-05 22:52:05,220 file.ManagerServant INFO Master manager not found
2023-11-05 22:52:15,199 file.ManagerServant INFO Master manager not found
2023-11-05 22:52:25,273 file.ManagerServant INFO Master manager not found
2023-11-05 22:52:35,366 file.ManagerServant INFO Master manager not found
2023-11-05 22:52:45,474 file.ManagerServant INFO Master manager not found
2023-11-05 22:52:55,474 file.ManagerServant INFO Master manager not found
2023-11-05 22:53:05,571 file.ManagerServant INFO Master manager not found
2023-11-05 22:53:15,639 file.ManagerServant INFO Master manager not found
2023-11-05 22:53:25,759 file.ManagerServant INFO Master manager not found
2023-11-05 22:53:35,724 file.ManagerServant INFO Master manager not found
2023-11-05 22:53:45,842 file.ManagerServant INFO Master manager not found
2023-11-05 22:53:55,811 file.ManagerServant INFO Master manager not found
2023-11-05 22:54:05,918 file.ManagerServant INFO Master manager not found
2023-11-05 22:54:16,021 file.ManagerServant INFO Master manager not found
2023-11-05 22:54:26,129 file.ManagerServant INFO Master manager not found
2023-11-05 22:54:36,130 file.ManagerServant INFO Master manager not found
2023-11-05 22:54:46,123 file.ManagerServant INFO Master manager not found
2023-11-05 22:54:56,246 file.ManagerServant INFO Master manager not found
2023-11-05 22:55:06,228 file.ManagerServant INFO Master manager not found
2023-11-05 22:55:16,332 file.ManagerServant INFO Master manager not found
2023-11-05 22:55:26,422 file.ManagerServant INFO Master manager not found
2023-11-05 22:55:36,547 file.ManagerServant INFO Master manager not found
2023-11-05 22:55:46,560 file.ManagerServant INFO Master manager not found
2023-11-05 22:55:56,573 file.ManagerServant INFO Master manager not found
2023-11-05 22:56:06,676 file.ManagerServant INFO Master manager not found
2023-11-05 22:56:16,695 file.ManagerServant INFO Master manager not found
2023-11-05 22:56:26,689 file.ManagerServant INFO Master manager not found
2023-11-05 22:56:36,792 file.ManagerServant INFO Master manager not found
2023-11-05 22:56:46,876 file.ManagerServant INFO Master manager not found
2023-11-05 22:56:56,977 file.ManagerServant INFO Master manager not found
2023-11-05 22:57:06,983 file.ManagerServant INFO Master manager not found
2023-11-05 22:57:16,976 file.ManagerServant INFO Master manager not found
2023-11-05 22:57:27,048 file.ManagerServant INFO Master manager not found
2023-11-05 22:57:37,126 file.ManagerServant INFO Master manager not found
2023-11-05 22:57:47,207 file.ManagerServant INFO Master manager not found
2023-11-05 22:57:57,277 file.ManagerServant INFO Master manager not found
2023-11-05 22:58:07,372 file.ManagerServant INFO Master manager not found
2023-11-05 22:58:17,457 file.ManagerServant INFO Master manager not found
2023-11-05 22:58:27,581 file.ManagerServant INFO Master manager not found
2023-11-05 22:58:37,594 file.ManagerServant INFO Master manager not found
2023-11-05 22:58:47,572 file.ManagerServant INFO Master manager not found
2023-11-05 22:58:57,677 file.ManagerServant INFO Master manager not found
2023-11-05 22:59:07,774 file.ManagerServant INFO Master manager not found
2023-11-05 22:59:17,891 file.ManagerServant INFO Master manager not found
2023-11-05 22:59:27,882 file.ManagerServant INFO Master manager not found
2023-11-05 22:59:37,976 file.ManagerServant INFO Master manager not found
2023-11-05 22:59:48,055 file.ManagerServant INFO Master manager not found
2023-11-05 22:59:58,168 file.ManagerServant INFO Master manager not found
2023-11-05 23:00:08,167 file.ManagerServant INFO Master manager not found
2023-11-05 23:00:18,173 file.ManagerServant INFO Master manager not found
2023-11-05 23:00:28,242 file.ManagerServant INFO Master manager not found
2023-11-05 23:00:38,335 file.ManagerServant INFO Master manager not found
2023-11-05 23:00:48,433 file.ManagerServant INFO Master manager not found
2023-11-05 23:00:58,528 file.ManagerServant INFO Master manager not found
2023-11-05 23:01:08,633 file.ManagerServant INFO Master manager not found
2023-11-05 23:01:18,705 file.ManagerServant INFO Master manager not found
2023-11-05 23:01:28,785 file.ManagerServant INFO Master manager not found
2023-11-05 23:01:38,861 file.ManagerServant INFO Master manager not found
2023-11-05 23:01:48,954 file.ManagerServant INFO Master manager not found
2023-11-05 23:01:58,933 file.ManagerServant INFO Master manager not found
2023-11-05 23:02:09,002 file.ManagerServant INFO Master manager not found
2023-11-05 23:02:19,088 file.ManagerServant INFO Master manager not found
2023-11-05 23:02:29,194 file.ManagerServant INFO Master manager not found
2023-11-05 23:02:39,260 file.ManagerServant INFO Master manager not found
2023-11-05 23:02:49,331 file.ManagerServant INFO Master manager not found
2023-11-05 23:02:59,436 file.ManagerServant INFO Master manager not found
2023-11-05 23:03:09,536 file.ManagerServant INFO Master manager not found
2023-11-05 23:03:19,627 file.ManagerServant INFO Master manager not found
2023-11-05 23:03:29,734 file.ManagerServant INFO Master manager not found
2023-11-05 23:03:39,732 file.ManagerServant INFO Master manager not found
2023-11-05 23:03:49,830 file.ManagerServant INFO Master manager not found
2023-11-05 23:03:59,923 file.ManagerServant INFO Master manager not found
2023-11-05 23:04:10,024 file.ManagerServant INFO Master manager not found
2023-11-05 23:04:20,113 file.ManagerServant INFO Master manager not found
2023-11-05 23:04:30,192 file.ManagerServant INFO Master manager not found
2023-11-05 23:04:40,298 file.ManagerServant INFO Master manager not found
2023-11-05 23:04:50,309 file.ManagerServant INFO Master manager not found
2023-11-05 23:05:00,332 file.ManagerServant INFO Master manager not found
2023-11-05 23:05:10,339 file.ManagerServant INFO Master manager not found
2023-11-05 23:05:20,321 file.ManagerServant INFO Master manager not found
2023-11-05 23:05:30,429 file.ManagerServant INFO Master manager not found
2023-11-05 23:05:40,420 file.ManagerServant INFO Master manager not found
2023-11-05 23:05:50,547 file.ManagerServant INFO Master manager not found
2023-11-05 23:06:00,532 file.ManagerServant INFO Master manager not found
2023-11-05 23:06:10,603 file.ManagerServant INFO Master manager not found
2023-11-05 23:06:20,697 file.ManagerServant INFO Master manager not found
2023-11-05 23:06:30,795 file.ManagerServant INFO Master manager not found
2023-11-05 23:06:40,904 file.ManagerServant INFO Master manager not found
2023-11-05 23:06:50,901 file.ManagerServant INFO Master manager not found
2023-11-05 23:07:00,984 file.ManagerServant INFO Master manager not found
2023-11-05 23:07:11,082 file.ManagerServant INFO Master manager not found
2023-11-05 23:07:21,171 file.ManagerServant INFO Master manager not found
2023-11-05 23:07:31,263 file.ManagerServant INFO Master manager not found
2023-11-05 23:07:41,385 file.ManagerServant INFO Master manager not found
2023-11-05 23:07:51,367 file.ManagerServant INFO Master manager not found
2023-11-05 23:08:01,473 file.ManagerServant INFO Master manager not found
2023-11-05 23:08:11,577 file.ManagerServant INFO Master manager not found
2023-11-05 23:08:21,683 file.ManagerServant INFO Master manager not found
2023-11-05 23:08:31,667 file.ManagerServant INFO Master manager not found
2023-11-05 23:08:41,743 file.ManagerServant INFO Master manager not found
2023-11-05 23:08:51,835 file.ManagerServant INFO Master manager not found
2023-11-05 23:09:01,941 file.ManagerServant INFO Master manager not found
2023-11-05 23:09:12,039 file.ManagerServant INFO Master manager not found
2023-11-05 23:09:22,114 file.ManagerServant INFO Master manager not found
2023-11-05 23:09:32,175 file.ManagerServant INFO Master manager not found
2023-11-05 23:09:42,277 file.ManagerServant INFO Master manager not found
2023-11-05 23:09:52,384 file.ManagerServant INFO Master manager not found
2023-11-05 23:10:02,482 file.ManagerServant INFO Master manager not found
2023-11-05 23:10:12,579 file.ManagerServant INFO Master manager not found
2023-11-05 23:10:22,688 file.ManagerServant INFO Master manager not found
2023-11-05 23:10:32,673 file.ManagerServant INFO Master manager not found
2023-11-05 23:10:42,776 file.ManagerServant INFO Master manager not found
2023-11-05 23:10:52,777 file.ManagerServant INFO Master manager not found
2023-11-05 23:11:02,746 file.ManagerServant INFO Master manager not found
2023-11-05 23:11:12,819 file.ManagerServant INFO Master manager not found
2023-11-05 23:11:22,905 file.ManagerServant INFO Master manager not found
2023-11-05 23:11:33,006 file.ManagerServant INFO Master manager not found
2023-11-05 23:11:43,132 file.ManagerServant INFO Master manager not found
2023-11-05 23:11:53,145 file.ManagerServant INFO Master manager not found
2023-11-05 23:12:03,150 file.ManagerServant INFO Master manager not found
2023-11-05 23:12:13,161 file.ManagerServant INFO Master manager not found
2023-11-05 23:12:23,249 file.ManagerServant INFO Master manager not found
2023-11-05 23:12:33,321 file.ManagerServant INFO Master manager not found
2023-11-05 23:12:43,411 file.ManagerServant INFO Master manager not found
2023-11-05 23:12:53,515 file.ManagerServant INFO Master manager not found
2023-11-05 23:13:03,620 file.ManagerServant INFO Master manager not found
2023-11-05 23:13:13,728 file.ManagerServant INFO Master manager not found
2023-11-05 23:13:23,732 file.ManagerServant INFO Master manager not found
2023-11-05 23:13:33,821 file.ManagerServant INFO Master manager not found
2023-11-05 23:13:43,933 file.ManagerServant INFO Master manager not found
2023-11-05 23:13:54,034 file.ManagerServant INFO Master manager not found
2023-11-05 23:14:04,050 file.ManagerServant INFO Master manager not found
2023-11-05 23:14:14,033 file.ManagerServant INFO Master manager not found
2023-11-05 23:14:24,123 file.ManagerServant INFO Master manager not found
2023-11-05 23:14:34,193 file.ManagerServant INFO Master manager not found
2023-11-05 23:14:44,290 file.ManagerServant INFO Master manager not found
2023-11-05 23:14:54,358 file.ManagerServant INFO Master manager not found
2023-11-05 23:15:04,453 file.ManagerServant INFO Master manager not found
2023-11-05 23:15:14,550 file.ManagerServant INFO Master manager not found
2023-11-05 23:15:24,632 file.ManagerServant INFO Master manager not found
2023-11-05 23:15:34,739 file.ManagerServant INFO Master manager not found
2023-11-05 23:15:44,704 file.ManagerServant INFO Master manager not found
2023-11-05 23:15:54,776 file.ManagerServant INFO Master manager not found
2023-11-05 23:16:04,836 file.ManagerServant INFO Master manager not found
2023-11-05 23:16:14,937 file.ManagerServant INFO Master manager not found
2023-11-05 23:16:25,055 file.ManagerServant INFO Master manager not found
2023-11-05 23:16:35,029 file.ManagerServant INFO Master manager not found
2023-11-05 23:16:45,151 file.ManagerServant INFO Master manager not found
2023-11-05 23:16:55,141 file.ManagerServant INFO Master manager not found
2023-11-05 23:17:05,225 file.ManagerServant INFO Master manager not found
2023-11-05 23:17:15,302 file.ManagerServant INFO Master manager not found
2023-11-05 23:17:25,409 file.ManagerServant INFO Master manager not found
2023-11-05 23:17:35,495 file.ManagerServant INFO Master manager not found
2023-11-05 23:17:45,585 file.ManagerServant INFO Master manager not found
2023-11-05 23:17:55,670 file.ManagerServant INFO Master manager not found
2023-11-05 23:18:05,783 file.ManagerServant INFO Master manager not found
2023-11-05 23:18:15,776 file.ManagerServant INFO Master manager not found
2023-11-05 23:18:25,883 file.ManagerServant INFO Master manager not found
2023-11-05 23:18:35,959 file.ManagerServant INFO Master manager not found
2023-11-05 23:18:46,031 file.ManagerServant INFO Master manager not found
2023-11-05 23:18:56,122 file.ManagerServant INFO Master manager not found
2023-11-05 23:19:06,195 file.ManagerServant INFO Master manager not found
2023-11-05 23:19:16,295 file.ManagerServant INFO Master manager not found
2023-11-05 23:19:26,422 file.ManagerServant INFO Master manager not found
2023-11-05 23:19:36,408 file.ManagerServant INFO Master manager not found
2023-11-05 23:19:46,508 file.ManagerServant INFO Master manager not found
2023-11-05 23:19:56,581 file.ManagerServant INFO Master manager not found
2023-11-05 23:20:06,685 file.ManagerServant INFO Master manager not found
2023-11-05 23:20:16,766 file.ManagerServant INFO Master manager not found
2023-11-05 23:20:26,745 file.ManagerServant INFO Master manager not found
2023-11-05 23:20:36,843 file.ManagerServant INFO Master manager not found
2023-11-05 23:20:46,853 file.ManagerServant INFO Master manager not found
2023-11-05 23:20:56,837 file.ManagerServant INFO Master manager not found
2023-11-05 23:21:06,938 file.ManagerServant INFO Master manager not found
2023-11-05 23:21:17,017 file.ManagerServant INFO Master manager not found
2023-11-05 23:21:27,111 file.ManagerServant INFO Master manager not found
2023-11-05 23:21:37,184 file.ManagerServant INFO Master manager not found
2023-11-05 23:21:47,289 file.ManagerServant INFO Master manager not found
2023-11-05 23:21:57,281 file.ManagerServant INFO Master manager not found
2023-11-05 23:22:07,296 file.ManagerServant INFO Master manager not found
2023-11-05 23:22:17,409 file.ManagerServant INFO Master manager not found
2023-11-05 23:22:27,386 file.ManagerServant INFO Master manager not found
2023-11-05 23:22:37,465 file.ManagerServant INFO Master manager not found
2023-11-05 23:22:47,556 file.ManagerServant INFO Master manager not found
2023-11-05 23:22:57,634 file.ManagerServant INFO Master manager not found
2023-11-05 23:23:07,710 file.ManagerServant INFO Master manager not found
2023-11-05 23:23:17,799 file.ManagerServant INFO Master manager not found
2023-11-05 23:23:27,812 file.ManagerServant INFO Master manager not found
2023-11-05 23:23:37,815 file.ManagerServant INFO Master manager not found
2023-11-05 23:23:47,932 file.ManagerServant INFO Master manager not found
2023-11-05 23:23:57,905 file.ManagerServant INFO Master manager not found
2023-11-05 23:24:07,910 file.ManagerServant INFO Master manager not found
2023-11-05 23:24:18,026 file.ManagerServant INFO Master manager not found
2023-11-05 23:24:28,117 file.ManagerServant INFO Master manager not found
2023-11-05 23:24:38,203 file.ManagerServant INFO Master manager not found
2023-11-05 23:24:48,312 file.ManagerServant INFO Master manager not found
2023-11-05 23:24:58,320 file.ManagerServant INFO Master manager not found
2023-11-05 23:25:08,280 file.ManagerServant INFO Master manager not found
2023-11-05 23:25:18,380 file.ManagerServant INFO Master manager not found
2023-11-05 23:25:28,447 file.ManagerServant INFO Master manager not found
2023-11-05 23:25:38,552 file.ManagerServant INFO Master manager not found
2023-11-05 23:25:48,543 file.ManagerServant INFO Master manager not found
2023-11-05 23:25:58,646 file.ManagerServant INFO Master manager not found
2023-11-05 23:26:08,743 file.ManagerServant INFO Master manager not found
2023-11-05 23:26:18,829 file.ManagerServant INFO Master manager not found
2023-11-05 23:26:28,905 file.ManagerServant INFO Master manager not found
2023-11-05 23:26:39,016 file.ManagerServant INFO Master manager not found
2023-11-05 23:26:49,008 file.ManagerServant INFO Master manager not found
2023-11-05 23:26:59,115 file.ManagerServant INFO Master manager not found
2023-11-05 23:27:09,207 file.ManagerServant INFO Master manager not found
2023-11-05 23:27:19,303 file.ManagerServant INFO Master manager not found
2023-11-05 23:27:29,285 file.ManagerServant INFO Master manager not found
2023-11-05 23:27:39,358 file.ManagerServant INFO Master manager not found
2023-11-05 23:27:49,484 file.ManagerServant INFO Master manager not found
2023-11-05 23:27:59,576 file.ManagerServant INFO Master manager not found
2023-11-05 23:28:09,664 file.ManagerServant INFO Master manager not found
2023-11-05 23:28:19,757 file.ManagerServant INFO Master manager not found
2023-11-05 23:28:29,829 file.ManagerServant INFO Master manager not found
2023-11-05 23:28:39,930 file.ManagerServant INFO Master manager not found
2023-11-05 23:28:49,930 file.ManagerServant INFO Master manager not found
2023-11-05 23:29:00,020 file.ManagerServant INFO Master manager not found
2023-11-05 23:29:10,092 file.ManagerServant INFO Master manager not found
2023-11-05 23:29:20,186 file.ManagerServant INFO Master manager not found
2023-11-05 23:29:30,276 file.ManagerServant INFO Master manager not found
2023-11-05 23:29:40,329 file.ManagerServant INFO Master manager not found
2023-11-05 23:29:50,437 file.ManagerServant INFO Master manager not found
2023-11-05 23:30:00,515 file.ManagerServant INFO Master manager not found
2023-11-05 23:30:10,645 file.ManagerServant INFO Master manager not found
2023-11-05 23:30:20,596 file.ManagerServant INFO Master manager not found
2023-11-05 23:30:30,712 file.ManagerServant INFO Master manager not found
2023-11-05 23:30:40,782 file.ManagerServant INFO Master manager not found
2023-11-05 23:30:50,862 file.ManagerServant INFO Master manager not found
2023-11-05 23:31:00,921 file.ManagerServant INFO Master manager not found
2023-11-05 23:31:11,003 file.ManagerServant INFO Master manager not found
2023-11-05 23:31:21,125 file.ManagerServant INFO Master manager not found
2023-11-05 23:31:31,126 file.ManagerServant INFO Master manager not found
2023-11-05 23:31:41,215 file.ManagerServant INFO Master manager not found
2023-11-05 23:31:51,332 file.ManagerServant INFO Master manager not found
2023-11-05 23:32:01,334 file.ManagerServant INFO Master manager not found
2023-11-05 23:32:11,325 file.ManagerServant INFO Master manager not found
2023-11-05 23:32:21,420 file.ManagerServant INFO Master manager not found
2023-11-05 23:32:31,509 file.ManagerServant INFO Master manager not found
2023-11-05 23:32:41,595 file.ManagerServant INFO Master manager not found
2023-11-05 23:32:51,693 file.ManagerServant INFO Master manager not found
2023-11-05 23:33:01,780 file.ManagerServant INFO Master manager not found
2023-11-05 23:33:11,894 file.ManagerServant INFO Master manager not found
2023-11-05 23:33:21,899 file.ManagerServant INFO Master manager not found
2023-11-05 23:33:32,003 file.ManagerServant INFO Master manager not found
2023-11-05 23:33:42,001 file.ManagerServant INFO Master manager not found
2023-11-05 23:33:51,981 file.ManagerServant INFO Master manager not found
2023-11-05 23:34:02,049 file.ManagerServant INFO Master manager not found
2023-11-05 23:34:12,150 file.ManagerServant INFO Master manager not found
2023-11-05 23:34:22,230 file.ManagerServant INFO Master manager not found
2023-11-05 23:34:32,344 file.ManagerServant INFO Master manager not found
2023-11-05 23:34:42,320 file.ManagerServant INFO Master manager not found
2023-11-05 23:34:52,372 file.ManagerServant INFO Master manager not found
2023-11-05 23:35:02,412 file.ManagerServant INFO Master manager not found
2023-11-05 23:35:12,383 file.ManagerServant INFO Master manager not found
2023-11-05 23:35:22,460 file.ManagerServant INFO Master manager not found
2023-11-05 23:35:32,542 file.ManagerServant INFO Master manager not found
2023-11-05 23:35:42,652 file.ManagerServant INFO Master manager not found
2023-11-05 23:35:52,691 file.ManagerServant INFO Master manager not found
2023-11-05 23:36:02,801 file.ManagerServant INFO Master manager not found
2023-11-05 23:36:12,875 file.ManagerServant INFO Master manager not found
2023-11-05 23:36:22,999 file.ManagerServant INFO Master manager not found
2023-11-05 23:36:32,996 file.ManagerServant INFO Master manager not found
2023-11-05 23:36:43,088 file.ManagerServant INFO Master manager not found
2023-11-05 23:36:53,175 file.ManagerServant INFO Master manager not found
2023-11-05 23:37:03,281 file.ManagerServant INFO Master manager not found
2023-11-05 23:37:13,286 file.ManagerServant INFO Master manager not found
2023-11-05 23:37:23,263 file.ManagerServant INFO Master manager not found
2023-11-05 23:37:33,317 file.ManagerServant INFO Master manager not found
2023-11-05 23:37:43,428 file.ManagerServant INFO Master manager not found
2023-11-05 23:37:53,416 file.ManagerServant INFO Master manager not found
2023-11-05 23:38:03,533 file.ManagerServant INFO Master manager not found
2023-11-05 23:38:13,620 file.ManagerServant INFO Master manager not found
2023-11-05 23:38:23,744 file.ManagerServant INFO Master manager not found
2023-11-05 23:38:33,720 file.ManagerServant INFO Master manager not found
2023-11-05 23:38:43,808 file.ManagerServant INFO Master manager not found
2023-11-05 23:38:53,886 file.ManagerServant INFO Master manager not found
2023-11-05 23:39:04,001 file.ManagerServant INFO Master manager not found
2023-11-05 23:39:13,985 file.ManagerServant INFO Master manager not found
2023-11-05 23:39:24,069 file.ManagerServant INFO Master manager not found
2023-11-05 23:39:34,158 file.ManagerServant INFO Master manager not found
2023-11-05 23:39:44,260 file.ManagerServant INFO Master manager not found
2023-11-05 23:39:54,366 file.ManagerServant INFO Master manager not found
2023-11-05 23:40:04,391 file.ManagerServant INFO Master manager not found
2023-11-05 23:40:14,398 file.ManagerServant INFO Master manager not found
2023-11-05 23:40:24,375 file.ManagerServant INFO Master manager not found
2023-11-05 23:40:34,465 file.ManagerServant INFO Master manager not found
2023-11-05 23:40:44,573 file.ManagerServant INFO Master manager not found
2023-11-05 23:40:54,569 file.ManagerServant INFO Master manager not found
2023-11-05 23:41:04,704 file.ManagerServant INFO Master manager not found
2023-11-05 23:41:14,692 file.ManagerServant INFO Master manager not found
2023-11-05 23:41:24,829 file.ManagerServant INFO Master manager not found
2023-11-05 23:41:34,795 file.ManagerServant INFO Master manager not found
2023-11-05 23:41:44,891 file.ManagerServant INFO Master manager not found
2023-11-05 23:41:54,978 file.ManagerServant INFO Master manager not found
2023-11-05 23:42:05,075 file.ManagerServant INFO Master manager not found
2023-11-05 23:42:15,146 file.ManagerServant INFO Master manager not found
2023-11-05 23:42:25,264 file.ManagerServant INFO Master manager not found
2023-11-05 23:42:35,290 file.ManagerServant INFO Master manager not found
2023-11-05 23:42:45,311 file.ManagerServant INFO Master manager not found
2023-11-05 23:42:55,276 file.ManagerServant INFO Master manager not found
2023-11-05 23:43:05,355 file.ManagerServant INFO Master manager not found
2023-11-05 23:43:15,480 file.ManagerServant INFO Master manager not found
2023-11-05 23:43:25,488 file.ManagerServant INFO Master manager not found
2023-11-05 23:43:35,450 file.ManagerServant INFO Master manager not found
2023-11-05 23:43:45,527 file.ManagerServant INFO Master manager not found
2023-11-05 23:43:55,612 file.ManagerServant INFO Master manager not found
2023-11-05 23:44:05,710 file.ManagerServant INFO Master manager not found
2023-11-05 23:44:15,826 file.ManagerServant INFO Master manager not found
2023-11-05 23:44:25,799 file.ManagerServant INFO Master manager not found
2023-11-05 23:44:35,875 file.ManagerServant INFO Master manager not found
2023-11-05 23:44:45,971 file.ManagerServant INFO Master manager not found
2023-11-05 23:44:56,070 file.ManagerServant INFO Master manager not found
2023-11-05 23:45:06,162 file.ManagerServant INFO Master manager not found
2023-11-05 23:45:16,287 file.ManagerServant INFO Master manager not found
2023-11-05 23:45:26,281 file.ManagerServant INFO Master manager not found
2023-11-05 23:45:36,341 file.ManagerServant INFO Master manager not found
2023-11-05 23:45:46,449 file.ManagerServant INFO Master manager not found
2023-11-05 23:45:56,519 file.ManagerServant INFO Master manager not found
2023-11-05 23:46:06,636 file.ManagerServant INFO Master manager not found
2023-11-05 23:46:16,627 file.ManagerServant INFO Master manager not found
2023-11-05 23:46:26,727 file.ManagerServant INFO Master manager not found
2023-11-05 23:46:36,833 file.ManagerServant INFO Master manager not found
2023-11-05 23:46:46,844 file.ManagerServant INFO Master manager not found
2023-11-05 23:46:56,826 file.ManagerServant INFO Master manager not found
2023-11-05 23:47:06,955 file.ManagerServant INFO Master manager not found
2023-11-05 23:47:16,993 file.ManagerServant INFO Master manager not found
2023-11-05 23:47:26,981 file.ManagerServant INFO Master manager not found
2023-11-05 23:47:37,087 file.ManagerServant INFO Master manager not found
2023-11-05 23:47:47,074 file.ManagerServant INFO Master manager not found
2023-11-05 23:47:57,168 file.ManagerServant INFO Master manager not found
2023-11-05 23:48:07,262 file.ManagerServant INFO Master manager not found
2023-11-05 23:48:17,288 file.ManagerServant INFO Master manager not found
2023-11-05 23:48:27,276 file.ManagerServant INFO Master manager not found
2023-11-05 23:48:37,394 file.ManagerServant INFO Master manager not found
2023-11-05 23:48:47,382 file.ManagerServant INFO Master manager not found
2023-11-05 23:48:57,505 file.ManagerServant INFO Master manager not found
2023-11-05 23:49:07,526 file.ManagerServant INFO Master manager not found
2023-11-05 23:49:17,615 file.ManagerServant INFO Master manager not found
2023-11-05 23:49:27,688 file.ManagerServant INFO Master manager not found
2023-11-05 23:49:37,785 file.ManagerServant INFO Master manager not found
2023-11-05 23:49:47,872 file.ManagerServant INFO Master manager not found
2023-11-05 23:49:57,991 file.ManagerServant INFO Master manager not found
2023-11-05 23:50:08,065 file.ManagerServant INFO Master manager not found
2023-11-05 23:50:18,144 file.ManagerServant INFO Master manager not found
2023-11-05 23:50:28,227 file.ManagerServant INFO Master manager not found
2023-11-05 23:50:38,310 file.ManagerServant INFO Master manager not found
2023-11-05 23:50:48,394 file.ManagerServant INFO Master manager not found
2023-11-05 23:50:58,498 file.ManagerServant INFO Master manager not found
2023-11-05 23:51:08,559 file.ManagerServant INFO Master manager not found
2023-11-05 23:51:18,689 file.ManagerServant INFO Master manager not found
2023-11-05 23:51:28,677 file.ManagerServant INFO Master manager not found
2023-11-05 23:51:38,768 file.ManagerServant INFO Master manager not found
2023-11-05 23:51:48,850 file.ManagerServant INFO Master manager not found
2023-11-05 23:51:58,936 file.ManagerServant INFO Master manager not found
2023-11-05 23:52:09,036 file.ManagerServant INFO Master manager not found
2023-11-05 23:52:19,141 file.ManagerServant INFO Master manager not found
2023-11-05 23:52:29,084 file.ManagerServant INFO Master manager not found
2023-11-05 23:52:39,187 file.ManagerServant INFO Master manager not found
2023-11-05 23:52:49,276 file.ManagerServant INFO Master manager not found
2023-11-06 00:04:52,542 file.ManagerServant INFO Master manager not found
2023-11-06 00:05:02,629 file.ManagerServant INFO Master manager not found
2023-11-06 00:05:12,723 file.ManagerServant INFO Master manager not found
2023-11-06 00:05:22,829 file.ManagerServant INFO Master manager not found
2023-11-06 00:05:32,923 file.ManagerServant INFO Master manager not found
2023-11-06 00:05:42,958 file.ManagerServant INFO Master manager not found
2023-11-06 00:05:52,954 file.ManagerServant INFO Master manager not found
2023-11-06 00:06:02,952 file.ManagerServant INFO Master manager not found
2023-11-06 00:06:13,043 file.ManagerServant INFO Master manager not found
2023-11-06 00:06:23,160 file.ManagerServant INFO Master manager not found
2023-11-06 00:06:33,177 file.ManagerServant INFO Master manager not found
2023-11-06 00:06:43,197 file.ManagerServant INFO Master manager not found
2023-11-06 00:06:53,234 file.ManagerServant INFO Master manager not found
2023-11-06 00:07:03,347 file.ManagerServant INFO Master manager not found
2023-11-06 00:07:13,426 file.ManagerServant INFO Master manager not found
2023-11-06 00:07:23,536 file.ManagerServant INFO Master manager not found
2023-11-06 00:07:33,654 file.ManagerServant INFO Master manager not found
2023-11-06 00:07:43,667 file.ManagerServant INFO Master manager not found
2023-11-06 00:07:53,653 file.ManagerServant INFO Master manager not found
2023-11-06 00:08:03,740 file.ManagerServant INFO Master manager not found
2023-11-06 00:08:13,853 file.ManagerServant INFO Master manager not found
2023-11-06 00:08:24,001 file.ManagerServant INFO Master manager not found
2023-11-06 00:08:33,974 file.ManagerServant INFO Master manager not found
2023-11-06 00:08:44,085 file.ManagerServant INFO Master manager not found
2023-11-06 00:08:54,185 file.ManagerServant INFO Master manager not found
2023-11-06 00:09:04,191 file.ManagerServant INFO Master manager not found
2023-11-06 00:09:14,252 file.ManagerServant INFO Master manager not found
2023-11-06 00:09:24,343 file.ManagerServant INFO Master manager not found
2023-11-06 00:09:34,393 file.ManagerServant INFO Master manager not found
2023-11-06 00:09:44,410 file.ManagerServant INFO Master manager not found
2023-11-06 00:09:54,525 file.ManagerServant INFO Master manager not found
2023-11-06 00:10:04,637 file.ManagerServant INFO Master manager not found
2023-11-06 00:10:14,712 file.ManagerServant INFO Master manager not found
2023-11-06 00:10:24,777 file.ManagerServant INFO Master manager not found
2023-11-06 00:10:34,868 file.ManagerServant INFO Master manager not found
2023-11-06 00:10:44,950 file.ManagerServant INFO Master manager not found
2023-11-06 00:10:55,023 file.ManagerServant INFO Master manager not found
2023-11-06 00:11:05,077 file.ManagerServant INFO Master manager not found
2023-11-06 00:11:15,194 file.ManagerServant INFO Master manager not found
2023-11-06 00:11:25,184 file.ManagerServant INFO Master manager not found
2023-11-06 00:11:35,261 file.ManagerServant INFO Master manager not found
2023-11-06 00:11:45,359 file.ManagerServant INFO Master manager not found
2023-11-06 00:11:55,353 file.ManagerServant INFO Master manager not found
2023-11-06 00:12:05,430 file.ManagerServant INFO Master manager not found
2023-11-06 00:12:15,553 file.ManagerServant INFO Master manager not found
2023-11-06 00:12:25,534 file.ManagerServant INFO Master manager not found
2023-11-06 00:12:35,656 file.ManagerServant INFO Master manager not found
2023-11-06 00:12:45,647 file.ManagerServant INFO Master manager not found
2023-11-06 00:12:55,750 file.ManagerServant INFO Master manager not found
2023-11-06 00:13:05,739 file.ManagerServant INFO Master manager not found
2023-11-06 00:13:15,824 file.ManagerServant INFO Master manager not found
2023-11-06 00:13:25,860 file.ManagerServant INFO Master manager not found
2023-11-06 00:13:35,944 file.ManagerServant INFO Master manager not found
2023-11-06 00:13:46,050 file.ManagerServant INFO Master manager not found
2023-11-06 00:13:56,006 file.ManagerServant INFO Master manager not found
2023-11-06 00:14:06,087 file.ManagerServant INFO Master manager not found
2023-11-06 00:14:16,179 file.ManagerServant INFO Master manager not found
2023-11-06 00:14:26,251 file.ManagerServant INFO Master manager not found
2023-11-06 00:14:36,353 file.ManagerServant INFO Master manager not found
2023-11-06 00:14:46,420 file.ManagerServant INFO Master manager not found
2023-11-06 00:14:56,505 file.ManagerServant INFO Master manager not found
2023-11-06 00:15:06,585 file.ManagerServant INFO Master manager not found
2023-11-06 00:15:16,672 file.ManagerServant INFO Master manager not found
2023-11-06 00:15:26,778 file.ManagerServant INFO Master manager not found
2023-11-06 00:15:36,803 file.ManagerServant INFO Master manager not found
2023-11-06 00:15:46,914 file.ManagerServant INFO Master manager not found
2023-11-06 00:15:56,894 file.ManagerServant INFO Master manager not found
2023-11-06 00:16:06,995 file.ManagerServant INFO Master manager not found
2023-11-06 00:16:16,989 file.ManagerServant INFO Master manager not found
2023-11-06 00:16:27,094 file.ManagerServant INFO Master manager not found
2023-11-06 00:16:37,064 file.ManagerServant INFO Master manager not found
2023-11-06 00:16:47,140 file.ManagerServant INFO Master manager not found
2023-11-06 00:16:57,238 file.ManagerServant INFO Master manager not found
2023-11-06 00:17:07,325 file.ManagerServant INFO Master manager not found
2023-11-06 00:17:17,410 file.ManagerServant INFO Master manager not found
2023-11-06 00:17:27,495 file.ManagerServant INFO Master manager not found
2023-11-06 00:17:37,597 file.ManagerServant INFO Master manager not found
2023-11-06 00:17:47,616 file.ManagerServant INFO Master manager not found
2023-11-06 00:17:57,599 file.ManagerServant INFO Master manager not found
2023-11-06 00:18:07,685 file.ManagerServant INFO Master manager not found
2023-11-06 00:18:17,786 file.ManagerServant INFO Master manager not found
2023-11-06 00:18:27,853 file.ManagerServant INFO Master manager not found
2023-11-06 00:18:37,946 file.ManagerServant INFO Master manager not found
2023-11-06 00:18:48,046 file.ManagerServant INFO Master manager not found
2023-11-06 00:18:58,124 file.ManagerServant INFO Master manager not found
2023-11-06 00:19:08,212 file.ManagerServant INFO Master manager not found
2023-11-06 00:19:18,265 file.ManagerServant INFO Master manager not found
2023-11-06 00:19:28,338 file.ManagerServant INFO Master manager not found
2023-11-06 00:19:38,443 file.ManagerServant INFO Master manager not found
2023-11-06 00:19:48,408 file.ManagerServant INFO Master manager not found
2023-11-06 00:19:58,521 file.ManagerServant INFO Master manager not found
2023-11-06 00:20:08,472 file.ManagerServant INFO Master manager not found
2023-11-06 00:20:18,559 file.ManagerServant INFO Master manager not found
2023-11-06 00:20:28,692 file.ManagerServant INFO Master manager not found
2023-11-06 00:20:38,664 file.ManagerServant INFO Master manager not found
2023-11-06 00:20:48,777 file.ManagerServant INFO Master manager not found
2023-11-06 00:20:58,768 file.ManagerServant INFO Master manager not found
2023-11-06 00:21:08,862 file.ManagerServant INFO Master manager not found
2023-11-06 00:21:18,962 file.ManagerServant INFO Master manager not found
2023-11-06 00:21:29,066 file.ManagerServant INFO Master manager not found
2023-11-06 00:21:39,160 file.ManagerServant INFO Master manager not found
2023-11-06 00:21:49,241 file.ManagerServant INFO Master manager not found
2023-11-06 00:21:59,322 file.ManagerServant INFO Master manager not found
2023-11-06 00:22:09,399 file.ManagerServant INFO Master manager not found
2023-11-06 00:22:19,488 file.ManagerServant INFO Master manager not found
2023-11-06 00:22:29,587 file.ManagerServant INFO Master manager not found
2023-11-06 00:22:39,706 file.ManagerServant INFO Master manager not found
2023-11-06 00:22:49,667 file.ManagerServant INFO Master manager not found
2023-11-06 00:22:59,784 file.ManagerServant INFO Master manager not found
2023-11-06 00:23:09,762 file.ManagerServant INFO Master manager not found
2023-11-06 00:23:19,868 file.ManagerServant INFO Master manager not found
2023-11-06 00:23:29,960 file.ManagerServant INFO Master manager not found
2023-11-06 00:23:40,079 file.ManagerServant INFO Master manager not found
2023-11-06 00:23:50,088 file.ManagerServant INFO Master manager not found
2023-11-06 00:24:00,194 file.ManagerServant INFO Master manager not found
2023-11-06 00:24:10,295 file.ManagerServant INFO Master manager not found
2023-11-06 00:24:20,287 file.ManagerServant INFO Master manager not found
2023-11-06 00:24:30,285 file.ManagerServant INFO Master manager not found
2023-11-06 00:24:40,363 file.ManagerServant INFO Master manager not found
2023-11-06 00:24:50,456 file.ManagerServant INFO Master manager not found
2023-11-06 00:25:00,531 file.ManagerServant INFO Master manager not found
2023-11-06 00:25:10,649 file.ManagerServant INFO Master manager not found
2023-11-06 00:25:20,648 file.ManagerServant INFO Master manager not found
2023-11-06 00:25:30,653 file.ManagerServant INFO Master manager not found
2023-11-06 00:25:40,643 file.ManagerServant INFO Master manager not found
2023-11-06 00:25:50,732 file.ManagerServant INFO Master manager not found
2023-11-06 00:26:00,885 file.ManagerServant INFO Master manager not found
2023-11-06 00:26:10,922 file.ManagerServant INFO Master manager not found
2023-11-06 00:26:20,924 file.ManagerServant INFO Master manager not found
2023-11-06 00:26:31,053 file.ManagerServant INFO Master manager not found
2023-11-06 00:26:41,052 file.ManagerServant INFO Master manager not found
2023-11-06 00:26:51,070 file.ManagerServant INFO Master manager not found
2023-11-06 00:27:01,028 file.ManagerServant INFO Master manager not found
2023-11-06 00:27:11,111 file.ManagerServant INFO Master manager not found
2023-11-06 00:27:21,196 file.ManagerServant INFO Master manager not found
2023-11-06 00:27:31,310 file.ManagerServant INFO Master manager not found
2023-11-06 00:27:41,301 file.ManagerServant INFO Master manager not found
2023-11-06 00:27:51,404 file.ManagerServant INFO Master manager not found
2023-11-06 00:28:01,395 file.ManagerServant INFO Master manager not found
2023-11-06 00:28:11,520 file.ManagerServant INFO Master manager not found
2023-11-06 00:28:21,527 file.ManagerServant INFO Master manager not found
2023-11-06 00:28:31,499 file.ManagerServant INFO Master manager not found
2023-11-06 00:28:41,598 file.ManagerServant INFO Master manager not found
2023-11-06 00:28:51,707 file.ManagerServant INFO Master manager not found
2023-11-06 00:29:01,706 file.ManagerServant INFO Master manager not found
2023-11-06 00:29:11,817 file.ManagerServant INFO Master manager not found
2023-11-06 00:29:21,905 file.ManagerServant INFO Master manager not found
2023-11-06 00:29:32,037 file.ManagerServant INFO Master manager not found
2023-11-06 00:29:42,029 file.ManagerServant INFO Master manager not found
2023-11-06 00:29:52,101 file.ManagerServant INFO Master manager not found
2023-11-06 00:30:02,194 file.ManagerServant INFO Master manager not found
2023-11-06 00:30:12,290 file.ManagerServant INFO Master manager not found
2023-11-06 00:30:22,376 file.ManagerServant INFO Master manager not found
2023-11-06 00:30:32,496 file.ManagerServant INFO Master manager not found
2023-11-06 00:30:42,506 file.ManagerServant INFO Master manager not found
2023-11-06 00:30:52,475 file.ManagerServant INFO Master manager not found
2023-11-06 00:31:02,601 file.ManagerServant INFO Master manager not found
2023-11-06 00:31:12,697 file.ManagerServant INFO Master manager not found
2023-11-06 00:31:22,767 file.ManagerServant INFO Master manager not found
2023-11-06 00:31:32,886 file.ManagerServant INFO Master manager not found
2023-11-06 00:31:42,925 file.ManagerServant INFO Master manager not found
2023-11-06 00:31:52,909 file.ManagerServant INFO Master manager not found
2023-11-06 00:32:03,023 file.ManagerServant INFO Master manager not found
2023-11-06 00:32:13,110 file.ManagerServant INFO Master manager not found
2023-11-06 00:32:23,224 file.ManagerServant INFO Master manager not found
2023-11-06 00:32:33,356 file.ManagerServant INFO Master manager not found
