2023-10-19 12:41:06,812 file.manager INFO 2.0.0
2023-10-19 12:41:06,812 file.manager INFO Copyright (C) 2003-2022, Noriaki Ando and OpenRTM development team,
2023-10-19 12:41:06,813 file.manager INFO   Intelligent Systems Research Institute, AIST,
2023-10-19 12:41:06,813 file.manager INFO Copyright (C) 2022, Noriaki Ando and OpenRTM development team,
2023-10-19 12:41:06,813 file.manager INFO   Industrial Cyber-Physical Research Center, AIST,
2023-10-19 12:41:06,814 file.manager INFO   All right reserved.
2023-10-19 12:41:06,814 file.manager INFO Manager starting.
2023-10-19 12:41:06,814 file.manager INFO Starting local logging.
2023-10-19 12:41:06,820 file.manager.namingmanager INFO NameServer connection succeeded: corba/localhost
2023-10-19 12:41:10,893 file.ManagerServant INFO Master manager not found
2023-10-19 12:41:10,894 file.LocalServiceAdmin INFO All the local services are enabled.
2023-10-19 12:41:10,897 file.manager INFO Component type conf file: camera.conf loaded.
2023-10-19 12:41:10,898 file.ec_base INFO setRate(1000000.000000) done
2023-10-19 12:41:10,898 file.ec_base INFO setRate(100.000000) done
2023-10-19 12:41:10,898 file.rtobject INFO 1 execution context was created.
2023-10-19 12:41:10,899 file.rtobject INFO Initial active configuration set is default.
2023-10-19 12:41:25,068 file.ManagerServant INFO Master manager not found
2023-10-19 12:41:35,154 file.ManagerServant INFO Master manager not found
2023-10-19 12:41:45,230 file.ManagerServant INFO Master manager not found
2023-10-19 12:41:55,265 file.ManagerServant INFO Master manager not found
2023-10-19 12:42:05,299 file.ManagerServant INFO Master manager not found
2023-10-19 12:42:15,345 file.ManagerServant INFO Master manager not found
2023-10-19 12:42:25,375 file.ManagerServant INFO Master manager not found
2023-10-19 12:42:35,406 file.ManagerServant INFO Master manager not found
2023-10-19 12:42:45,462 file.ManagerServant INFO Master manager not found
2023-10-19 12:42:55,487 file.ManagerServant INFO Master manager not found
