2023-10-18 16:39:35,920 file.manager INFO 2.0.0
2023-10-18 16:39:35,920 file.manager INFO Copyright (C) 2003-2022, Noriaki Ando and OpenRTM development team,
2023-10-18 16:39:35,920 file.manager INFO   Intelligent Systems Research Institute, AIST,
2023-10-18 16:39:35,920 file.manager INFO Copyright (C) 2022, Noriaki Ando and OpenRTM development team,
2023-10-18 16:39:35,920 file.manager INFO   Industrial Cyber-Physical Research Center, AIST,
2023-10-18 16:39:35,920 file.manager INFO   All right reserved.
2023-10-18 16:39:35,920 file.manager INFO Manager starting.
2023-10-18 16:39:35,920 file.manager INFO Starting local logging.
2023-10-18 16:39:35,926 file.manager.namingmanager INFO NameServer connection succeeded: corba/localhost
2023-10-18 16:39:40,057 file.ManagerServant INFO Master manager not found
2023-10-18 16:39:40,059 file.LocalServiceAdmin INFO All the local services are enabled.
2023-10-18 16:39:40,063 file.manager INFO Component type conf file: camera.conf loaded.
2023-10-18 16:39:40,064 file.ec_base INFO setRate(1000000.000000) done
2023-10-18 16:39:40,065 file.ec_base INFO setRate(100.000000) done
2023-10-18 16:39:40,065 file.rtobject INFO 1 execution context was created.
2023-10-18 16:39:40,067 file.rtobject INFO Initial active configuration set is default.
2023-10-18 16:39:54,204 file.ManagerServant INFO Master manager not found
2023-10-18 16:40:04,308 file.ManagerServant INFO Master manager not found
2023-10-18 16:40:14,413 file.ManagerServant INFO Master manager not found
2023-10-18 16:40:24,443 file.ManagerServant INFO Master manager not found
2023-10-18 16:40:34,441 file.ManagerServant INFO Master manager not found
2023-10-18 16:40:44,523 file.ManagerServant INFO Master manager not found
