2023-10-19 16:23:20,051 file.manager INFO 2.0.0
2023-10-19 16:23:20,051 file.manager INFO Copyright (C) 2003-2022, Noriaki Ando and OpenRTM development team,
2023-10-19 16:23:20,051 file.manager INFO   Intelligent Systems Research Institute, AIST,
2023-10-19 16:23:20,051 file.manager INFO Copyright (C) 2022, Noriaki Ando and OpenRTM development team,
2023-10-19 16:23:20,052 file.manager INFO   Industrial Cyber-Physical Research Center, AIST,
2023-10-19 16:23:20,052 file.manager INFO   All right reserved.
2023-10-19 16:23:20,052 file.manager INFO Manager starting.
2023-10-19 16:23:20,052 file.manager INFO Starting local logging.
2023-10-19 16:23:20,063 file.manager.namingmanager INFO NameServer connection succeeded: corba/localhost
2023-10-19 16:23:24,202 file.ManagerServant INFO Master manager not found
2023-10-19 16:23:24,204 file.LocalServiceAdmin INFO All the local services are enabled.
2023-10-19 16:23:24,210 file.manager INFO Component type conf file: camera.conf loaded.
2023-10-19 16:23:24,212 file.ec_base INFO setRate(1000000.000000) done
2023-10-19 16:23:24,212 file.ec_base INFO setRate(100.000000) done
2023-10-19 16:23:24,213 file.rtobject INFO 1 execution context was created.
2023-10-19 16:23:24,216 file.rtobject INFO Initial active configuration set is default.
2023-10-19 16:23:38,402 file.ManagerServant INFO Master manager not found
2023-10-19 16:23:48,486 file.ManagerServant INFO Master manager not found
2023-10-19 16:23:58,583 file.ManagerServant INFO Master manager not found
2023-10-19 16:24:08,679 file.ManagerServant INFO Master manager not found
2023-10-19 16:24:18,758 file.ManagerServant INFO Master manager not found
2023-10-19 16:24:28,829 file.ManagerServant INFO Master manager not found
2023-10-19 16:24:38,910 file.ManagerServant INFO Master manager not found
2023-10-19 16:24:48,988 file.ManagerServant INFO Master manager not found
2023-10-19 16:24:59,087 file.ManagerServant INFO Master manager not found
2023-10-19 16:25:09,169 file.ManagerServant INFO Master manager not found
2023-10-19 16:25:19,259 file.ManagerServant INFO Master manager not found
2023-10-19 16:25:29,328 file.ManagerServant INFO Master manager not found
2023-10-19 16:25:39,420 file.ManagerServant INFO Master manager not found
2023-10-19 16:25:49,475 file.ManagerServant INFO Master manager not found
2023-10-19 16:25:59,543 file.ManagerServant INFO Master manager not found
2023-10-19 16:26:09,587 file.ManagerServant INFO Master manager not found
2023-10-19 16:26:19,656 file.ManagerServant INFO Master manager not found
2023-10-19 16:26:29,764 file.ManagerServant INFO Master manager not found
2023-10-19 16:26:39,839 file.ManagerServant INFO Master manager not found
2023-10-19 16:26:49,920 file.ManagerServant INFO Master manager not found
2023-10-19 16:26:59,929 file.ManagerServant INFO Master manager not found
2023-10-19 16:27:10,014 file.ManagerServant INFO Master manager not found
2023-10-19 16:27:20,069 file.ManagerServant INFO Master manager not found
2023-10-19 16:27:30,149 file.ManagerServant INFO Master manager not found
2023-10-19 16:27:40,204 file.ManagerServant INFO Master manager not found
2023-10-19 16:27:50,292 file.ManagerServant INFO Master manager not found
2023-10-19 16:28:00,364 file.ManagerServant INFO Master manager not found
2023-10-19 16:28:10,443 file.ManagerServant INFO Master manager not found
2023-10-19 16:28:20,520 file.ManagerServant INFO Master manager not found
2023-10-19 16:28:30,593 file.ManagerServant INFO Master manager not found
2023-10-19 16:39:12,641 file.ManagerServant INFO Master manager not found
2023-10-19 16:39:22,705 file.ManagerServant INFO Master manager not found
2023-10-19 16:39:32,669 file.ManagerServant INFO Master manager not found
2023-10-19 16:39:42,779 file.ManagerServant INFO Master manager not found
2023-10-19 16:39:52,882 file.ManagerServant INFO Master manager not found
