2023-10-24 18:19:43,655 file.manager INFO 2.0.0
2023-10-24 18:19:43,656 file.manager INFO Copyright (C) 2003-2022, Noriaki Ando and OpenRTM development team,
2023-10-24 18:19:43,656 file.manager INFO   Intelligent Systems Research Institute, AIST,
2023-10-24 18:19:43,656 file.manager INFO Copyright (C) 2022, Noriaki Ando and OpenRTM development team,
2023-10-24 18:19:43,656 file.manager INFO   Industrial Cyber-Physical Research Center, AIST,
2023-10-24 18:19:43,656 file.manager INFO   All right reserved.
2023-10-24 18:19:43,656 file.manager INFO Manager starting.
2023-10-24 18:19:43,656 file.manager INFO Starting local logging.
2023-10-24 18:19:43,663 file.manager.namingmanager INFO NameServer connection succeeded: corba/localhost
2023-10-24 18:19:47,755 file.ManagerServant INFO Master manager not found
2023-10-24 18:19:47,756 file.LocalServiceAdmin INFO All the local services are enabled.
2023-10-24 18:19:47,759 file.manager INFO Component type conf file: camera.conf loaded.
2023-10-24 18:19:47,759 file.ec_base INFO setRate(1000000.000000) done
2023-10-24 18:19:47,759 file.ec_base INFO setRate(100.000000) done
2023-10-24 18:19:47,760 file.rtobject INFO 1 execution context was created.
2023-10-24 18:19:47,761 file.rtobject INFO Initial active configuration set is default.
2023-10-24 18:20:01,880 file.ManagerServant INFO Master manager not found
2023-10-24 18:20:11,960 file.ManagerServant INFO Master manager not found
2023-10-24 18:20:22,086 file.ManagerServant INFO Master manager not found
2023-10-24 18:20:32,087 file.ManagerServant INFO Master manager not found
2023-10-24 18:20:37,347 file.SdoServiceAdmin WARNING No available SDO service in the factory: 
2023-10-24 18:20:37,347 file.SdoServiceAdmin ERROR type  not exists.
2023-10-24 18:20:42,207 file.ManagerServant INFO Master manager not found
2023-10-24 18:20:52,218 file.ManagerServant INFO Master manager not found
2023-10-24 18:21:02,215 file.ManagerServant INFO Master manager not found
2023-10-24 18:21:12,340 file.ManagerServant INFO Master manager not found
2023-10-24 18:21:22,317 file.ManagerServant INFO Master manager not found
2023-10-24 18:21:32,461 file.ManagerServant INFO Master manager not found
2023-10-24 18:21:42,446 file.ManagerServant INFO Master manager not found
2023-10-24 18:21:52,553 file.ManagerServant INFO Master manager not found
2023-10-24 18:22:02,574 file.ManagerServant INFO Master manager not found
2023-10-24 18:22:12,578 file.ManagerServant INFO Master manager not found
2023-10-24 18:22:22,596 file.ManagerServant INFO Master manager not found
2023-10-24 18:22:32,591 file.ManagerServant INFO Master manager not found
2023-10-24 18:22:42,576 file.ManagerServant INFO Master manager not found
2023-10-24 18:22:52,686 file.ManagerServant INFO Master manager not found
2023-10-24 18:23:02,713 file.ManagerServant INFO Master manager not found
2023-10-24 18:23:12,729 file.ManagerServant INFO Master manager not found
2023-10-24 18:23:22,732 file.ManagerServant INFO Master manager not found
2023-10-24 18:23:32,733 file.ManagerServant INFO Master manager not found
2023-10-24 18:23:42,740 file.ManagerServant INFO Master manager not found
2023-10-24 18:23:52,743 file.ManagerServant INFO Master manager not found
2023-10-24 18:24:02,715 file.ManagerServant INFO Master manager not found
2023-10-24 18:24:12,842 file.ManagerServant INFO Master manager not found
2023-10-24 18:24:22,839 file.ManagerServant INFO Master manager not found
2023-10-24 18:24:32,829 file.ManagerServant INFO Master manager not found
2023-10-24 18:24:42,929 file.ManagerServant INFO Master manager not found
2023-10-24 18:24:52,992 file.ManagerServant INFO Master manager not found
2023-10-24 18:25:03,121 file.ManagerServant INFO Master manager not found
2023-10-24 18:25:13,135 file.ManagerServant INFO Master manager not found
2023-10-24 18:25:23,132 file.ManagerServant INFO Master manager not found
2023-10-24 18:25:33,149 file.ManagerServant INFO Master manager not found
2023-10-24 18:25:43,234 file.ManagerServant INFO Master manager not found
2023-10-24 18:25:53,364 file.ManagerServant INFO Master manager not found
2023-10-24 18:26:03,338 file.ManagerServant INFO Master manager not found
2023-10-24 18:26:13,412 file.ManagerServant INFO Master manager not found
2023-10-24 18:26:23,490 file.ManagerServant INFO Master manager not found
2023-10-24 18:26:33,611 file.ManagerServant INFO Master manager not found
2023-10-24 18:26:43,712 file.ManagerServant INFO Master manager not found
2023-10-24 18:26:53,802 file.ManagerServant INFO Master manager not found
2023-10-24 18:27:03,897 file.ManagerServant INFO Master manager not found
2023-10-24 18:27:13,986 file.ManagerServant INFO Master manager not found
2023-10-24 18:27:24,071 file.ManagerServant INFO Master manager not found
2023-10-24 18:27:34,190 file.ManagerServant INFO Master manager not found
2023-10-24 18:27:44,196 file.ManagerServant INFO Master manager not found
2023-10-24 18:27:54,277 file.ManagerServant INFO Master manager not found
2023-10-24 18:28:04,371 file.ManagerServant INFO Master manager not found
2023-10-24 18:28:14,463 file.ManagerServant INFO Master manager not found
2023-10-24 18:28:24,548 file.ManagerServant INFO Master manager not found
2023-10-24 18:28:34,644 file.ManagerServant INFO Master manager not found
2023-10-24 18:28:44,712 file.ManagerServant INFO Master manager not found
2023-10-24 18:28:54,786 file.ManagerServant INFO Master manager not found
2023-10-24 18:29:04,858 file.ManagerServant INFO Master manager not found
2023-10-24 18:29:14,953 file.ManagerServant INFO Master manager not found
2023-10-24 18:29:25,042 file.ManagerServant INFO Master manager not found
2023-10-24 18:29:35,122 file.ManagerServant INFO Master manager not found
2023-10-24 18:29:45,230 file.ManagerServant INFO Master manager not found
2023-10-24 18:29:55,348 file.ManagerServant INFO Master manager not found
2023-10-24 18:30:05,413 file.ManagerServant INFO Master manager not found
2023-10-24 18:30:15,500 file.ManagerServant INFO Master manager not found
2023-10-24 18:30:25,612 file.ManagerServant INFO Master manager not found
2023-10-24 18:30:35,609 file.ManagerServant INFO Master manager not found
2023-10-24 18:30:45,707 file.ManagerServant INFO Master manager not found
2023-10-24 18:30:55,784 file.ManagerServant INFO Master manager not found
2023-10-24 18:31:05,876 file.ManagerServant INFO Master manager not found
2023-10-24 18:31:15,997 file.ManagerServant INFO Master manager not found
2023-10-24 18:31:26,001 file.ManagerServant INFO Master manager not found
2023-10-24 18:31:35,960 file.ManagerServant INFO Master manager not found
2023-10-24 18:31:46,084 file.ManagerServant INFO Master manager not found
2023-10-24 18:31:56,104 file.ManagerServant INFO Master manager not found
2023-10-24 18:32:06,103 file.ManagerServant INFO Master manager not found
2023-10-24 18:32:16,207 file.ManagerServant INFO Master manager not found
2023-10-24 18:32:26,211 file.ManagerServant INFO Master manager not found
2023-10-24 18:32:36,310 file.ManagerServant INFO Master manager not found
2023-10-24 18:32:46,419 file.ManagerServant INFO Master manager not found
2023-10-24 18:32:56,522 file.ManagerServant INFO Master manager not found
2023-10-24 18:33:06,532 file.ManagerServant INFO Master manager not found
2023-10-24 18:33:16,524 file.ManagerServant INFO Master manager not found
2023-10-24 18:33:26,596 file.ManagerServant INFO Master manager not found
2023-10-24 18:33:36,672 file.ManagerServant INFO Master manager not found
2023-10-24 18:33:46,760 file.ManagerServant INFO Master manager not found
2023-10-24 18:33:56,793 file.ManagerServant INFO Master manager not found
2023-10-24 18:34:06,875 file.ManagerServant INFO Master manager not found
2023-10-24 18:34:16,956 file.ManagerServant INFO Master manager not found
2023-10-24 18:34:27,055 file.ManagerServant INFO Master manager not found
2023-10-24 18:34:37,159 file.ManagerServant INFO Master manager not found
2023-10-24 18:34:47,241 file.ManagerServant INFO Master manager not found
2023-10-24 18:34:57,333 file.ManagerServant INFO Master manager not found
2023-10-24 18:35:07,323 file.ManagerServant INFO Master manager not found
2023-10-24 18:35:17,414 file.ManagerServant INFO Master manager not found
2023-10-24 18:35:27,513 file.ManagerServant INFO Master manager not found
2023-10-24 18:35:37,608 file.ManagerServant INFO Master manager not found
2023-10-24 18:35:47,685 file.ManagerServant INFO Master manager not found
2023-10-24 18:35:57,745 file.ManagerServant INFO Master manager not found
2023-10-24 18:36:07,813 file.ManagerServant INFO Master manager not found
2023-10-24 18:36:17,881 file.ManagerServant INFO Master manager not found
2023-10-24 18:36:27,955 file.ManagerServant INFO Master manager not found
2023-10-24 18:36:38,050 file.ManagerServant INFO Master manager not found
2023-10-24 18:36:48,096 file.ManagerServant INFO Master manager not found
2023-10-24 18:36:58,079 file.ManagerServant INFO Master manager not found
2023-10-24 18:37:08,141 file.ManagerServant INFO Master manager not found
2023-10-24 18:37:18,208 file.ManagerServant INFO Master manager not found
2023-10-24 18:37:28,350 file.ManagerServant INFO Master manager not found
2023-10-24 18:37:38,328 file.ManagerServant INFO Master manager not found
2023-10-24 18:37:48,441 file.ManagerServant INFO Master manager not found
2023-10-24 18:37:58,436 file.ManagerServant INFO Master manager not found
2023-10-24 18:38:08,436 file.ManagerServant INFO Master manager not found
2023-10-24 18:38:18,530 file.ManagerServant INFO Master manager not found
2023-10-24 18:38:28,605 file.ManagerServant INFO Master manager not found
2023-10-24 18:38:38,676 file.ManagerServant INFO Master manager not found
2023-10-24 18:38:48,785 file.ManagerServant INFO Master manager not found
2023-10-24 18:38:58,889 file.ManagerServant INFO Master manager not found
2023-10-24 18:39:08,966 file.ManagerServant INFO Master manager not found
2023-10-24 18:39:19,060 file.ManagerServant INFO Master manager not found
2023-10-24 18:39:29,145 file.ManagerServant INFO Master manager not found
2023-10-24 18:39:39,215 file.ManagerServant INFO Master manager not found
2023-10-24 18:39:49,310 file.ManagerServant INFO Master manager not found
2023-10-24 18:39:59,382 file.ManagerServant INFO Master manager not found
2023-10-24 18:40:09,472 file.ManagerServant INFO Master manager not found
2023-10-24 18:40:19,553 file.ManagerServant INFO Master manager not found
2023-10-24 18:40:29,656 file.ManagerServant INFO Master manager not found
2023-10-24 18:40:39,758 file.ManagerServant INFO Master manager not found
2023-10-24 18:40:49,883 file.ManagerServant INFO Master manager not found
2023-10-24 18:40:59,846 file.ManagerServant INFO Master manager not found
2023-10-24 18:41:09,957 file.ManagerServant INFO Master manager not found
2023-10-24 18:41:20,037 file.ManagerServant INFO Master manager not found
2023-10-24 18:41:30,126 file.ManagerServant INFO Master manager not found
2023-10-24 18:41:40,218 file.ManagerServant INFO Master manager not found
2023-10-24 18:41:50,313 file.ManagerServant INFO Master manager not found
2023-10-24 18:42:00,391 file.ManagerServant INFO Master manager not found
2023-10-24 18:42:10,495 file.ManagerServant INFO Master manager not found
2023-10-24 18:42:20,596 file.ManagerServant INFO Master manager not found
2023-10-24 18:42:30,691 file.ManagerServant INFO Master manager not found
2023-10-24 18:42:40,686 file.ManagerServant INFO Master manager not found
2023-10-24 18:42:50,779 file.ManagerServant INFO Master manager not found
2023-10-24 18:43:00,898 file.ManagerServant INFO Master manager not found
2023-10-24 18:43:10,895 file.ManagerServant INFO Master manager not found
2023-10-24 18:43:20,981 file.ManagerServant INFO Master manager not found
2023-10-24 18:43:31,089 file.ManagerServant INFO Master manager not found
2023-10-24 18:43:41,075 file.ManagerServant INFO Master manager not found
2023-10-24 18:43:51,181 file.ManagerServant INFO Master manager not found
2023-10-24 18:44:01,247 file.ManagerServant INFO Master manager not found
2023-10-24 18:44:11,306 file.ManagerServant INFO Master manager not found
2023-10-24 18:44:21,402 file.ManagerServant INFO Master manager not found
2023-10-24 18:44:31,503 file.ManagerServant INFO Master manager not found
2023-10-24 18:44:41,583 file.ManagerServant INFO Master manager not found
2023-10-24 18:44:51,695 file.ManagerServant INFO Master manager not found
2023-10-24 18:45:01,776 file.ManagerServant INFO Master manager not found
2023-10-24 18:45:11,899 file.ManagerServant INFO Master manager not found
2023-10-24 18:45:21,873 file.ManagerServant INFO Master manager not found
2023-10-24 18:45:31,951 file.ManagerServant INFO Master manager not found
2023-10-24 18:45:42,044 file.ManagerServant INFO Master manager not found
2023-10-24 18:45:52,147 file.ManagerServant INFO Master manager not found
2023-10-24 18:46:02,143 file.ManagerServant INFO Master manager not found
2023-10-24 18:46:12,235 file.ManagerServant INFO Master manager not found
2023-10-24 18:46:22,309 file.ManagerServant INFO Master manager not found
2023-10-24 18:46:32,431 file.ManagerServant INFO Master manager not found
2023-10-24 18:46:42,516 file.ManagerServant INFO Master manager not found
2023-10-24 18:46:52,617 file.ManagerServant INFO Master manager not found
2023-10-24 18:47:02,715 file.ManagerServant INFO Master manager not found
2023-10-24 18:47:12,826 file.ManagerServant INFO Master manager not found
2023-10-24 18:47:22,908 file.ManagerServant INFO Master manager not found
2023-10-24 18:47:32,990 file.ManagerServant INFO Master manager not found
2023-10-24 18:47:43,088 file.ManagerServant INFO Master manager not found
2023-10-24 18:47:53,115 file.ManagerServant INFO Master manager not found
2023-10-24 18:48:03,100 file.ManagerServant INFO Master manager not found
2023-10-24 18:48:13,212 file.ManagerServant INFO Master manager not found
2023-10-24 18:48:23,294 file.ManagerServant INFO Master manager not found
2023-10-24 18:48:33,392 file.ManagerServant INFO Master manager not found
2023-10-24 18:48:43,505 file.ManagerServant INFO Master manager not found
2023-10-24 18:48:53,614 file.ManagerServant INFO Master manager not found
2023-10-24 18:49:03,604 file.ManagerServant INFO Master manager not found
2023-10-24 18:49:13,719 file.ManagerServant INFO Master manager not found
2023-10-24 18:49:23,695 file.ManagerServant INFO Master manager not found
2023-10-24 18:49:33,815 file.ManagerServant INFO Master manager not found
2023-10-24 18:49:43,934 file.ManagerServant INFO Master manager not found
2023-10-24 18:49:53,927 file.ManagerServant INFO Master manager not found
2023-10-24 18:50:04,048 file.ManagerServant INFO Master manager not found
2023-10-24 18:50:14,052 file.ManagerServant INFO Master manager not found
2023-10-24 18:50:24,023 file.ManagerServant INFO Master manager not found
2023-10-24 18:50:34,130 file.ManagerServant INFO Master manager not found
2023-10-24 18:50:44,227 file.ManagerServant INFO Master manager not found
2023-10-24 18:50:54,304 file.ManagerServant INFO Master manager not found
2023-10-24 18:51:04,360 file.ManagerServant INFO Master manager not found
2023-10-24 18:51:14,422 file.ManagerServant INFO Master manager not found
2023-10-24 18:51:24,511 file.ManagerServant INFO Master manager not found
2023-10-24 18:51:34,605 file.ManagerServant INFO Master manager not found
2023-10-24 18:51:44,677 file.ManagerServant INFO Master manager not found
2023-10-24 18:51:54,782 file.ManagerServant INFO Master manager not found
2023-10-24 18:52:04,888 file.ManagerServant INFO Master manager not found
2023-10-24 18:52:14,869 file.ManagerServant INFO Master manager not found
2023-10-24 18:52:24,954 file.ManagerServant INFO Master manager not found
2023-10-24 18:52:35,005 file.ManagerServant INFO Master manager not found
2023-10-24 18:52:45,069 file.ManagerServant INFO Master manager not found
2023-10-24 18:52:55,148 file.ManagerServant INFO Master manager not found
2023-10-24 18:53:05,218 file.ManagerServant INFO Master manager not found
2023-10-24 18:53:15,307 file.ManagerServant INFO Master manager not found
2023-10-24 18:53:25,378 file.ManagerServant INFO Master manager not found
2023-10-24 18:53:35,474 file.ManagerServant INFO Master manager not found
2023-10-24 18:53:45,559 file.ManagerServant INFO Master manager not found
2023-10-24 18:53:55,664 file.ManagerServant INFO Master manager not found
2023-10-24 18:54:05,732 file.ManagerServant INFO Master manager not found
2023-10-24 18:54:15,808 file.ManagerServant INFO Master manager not found
2023-10-24 18:54:25,899 file.ManagerServant INFO Master manager not found
2023-10-24 18:54:35,991 file.ManagerServant INFO Master manager not found
2023-10-24 18:54:46,059 file.ManagerServant INFO Master manager not found
2023-10-24 18:54:56,164 file.ManagerServant INFO Master manager not found
2023-10-24 18:55:06,273 file.ManagerServant INFO Master manager not found
2023-10-24 18:55:16,277 file.ManagerServant INFO Master manager not found
2023-10-24 18:55:26,261 file.ManagerServant INFO Master manager not found
2023-10-24 18:55:36,337 file.ManagerServant INFO Master manager not found
2023-10-24 18:55:46,392 file.ManagerServant INFO Master manager not found
2023-10-24 18:55:56,503 file.ManagerServant INFO Master manager not found
2023-10-24 18:56:06,566 file.ManagerServant INFO Master manager not found
2023-10-24 18:56:16,548 file.ManagerServant INFO Master manager not found
2023-10-24 18:56:26,605 file.ManagerServant INFO Master manager not found
2023-10-24 18:56:36,685 file.ManagerServant INFO Master manager not found
2023-10-24 18:56:46,798 file.ManagerServant INFO Master manager not found
2023-10-24 18:56:56,888 file.ManagerServant INFO Master manager not found
2023-10-24 18:57:06,864 file.ManagerServant INFO Master manager not found
2023-10-24 18:57:16,955 file.ManagerServant INFO Master manager not found
2023-10-24 18:57:27,039 file.ManagerServant INFO Master manager not found
2023-10-24 18:57:37,135 file.ManagerServant INFO Master manager not found
2023-10-24 18:57:47,235 file.ManagerServant INFO Master manager not found
2023-10-24 18:57:57,323 file.ManagerServant INFO Master manager not found
2023-10-24 18:58:07,458 file.ManagerServant INFO Master manager not found
2023-10-24 18:58:17,442 file.ManagerServant INFO Master manager not found
2023-10-24 18:58:27,508 file.ManagerServant INFO Master manager not found
2023-10-24 18:58:37,634 file.ManagerServant INFO Master manager not found
2023-10-24 18:58:47,626 file.ManagerServant INFO Master manager not found
2023-10-24 18:58:57,702 file.ManagerServant INFO Master manager not found
2023-10-24 18:59:07,839 file.ManagerServant INFO Master manager not found
2023-10-24 18:59:17,833 file.ManagerServant INFO Master manager not found
2023-10-24 18:59:27,926 file.ManagerServant INFO Master manager not found
2023-10-24 18:59:38,010 file.ManagerServant INFO Master manager not found
2023-10-24 18:59:48,169 file.ManagerServant INFO Master manager not found
2023-10-24 18:59:58,151 file.ManagerServant INFO Master manager not found
2023-10-24 19:00:08,227 file.ManagerServant INFO Master manager not found
2023-10-24 19:00:18,327 file.ManagerServant INFO Master manager not found
2023-10-24 19:00:28,405 file.ManagerServant INFO Master manager not found
2023-10-24 19:00:38,511 file.ManagerServant INFO Master manager not found
2023-10-24 19:00:48,517 file.ManagerServant INFO Master manager not found
2023-10-24 19:00:58,510 file.ManagerServant INFO Master manager not found
2023-10-24 19:01:08,596 file.ManagerServant INFO Master manager not found
2023-10-24 19:01:18,656 file.ManagerServant INFO Master manager not found
2023-10-24 19:01:28,725 file.ManagerServant INFO Master manager not found
2023-10-24 19:01:38,805 file.ManagerServant INFO Master manager not found
2023-10-24 19:01:48,904 file.ManagerServant INFO Master manager not found
2023-10-24 19:01:58,996 file.ManagerServant INFO Master manager not found
2023-10-24 19:02:09,074 file.ManagerServant INFO Master manager not found
2023-10-24 19:02:19,188 file.ManagerServant INFO Master manager not found
2023-10-24 19:02:29,138 file.ManagerServant INFO Master manager not found
2023-10-24 19:02:39,186 file.ManagerServant INFO Master manager not found
2023-10-24 19:02:49,239 file.ManagerServant INFO Master manager not found
2023-10-24 19:02:59,316 file.ManagerServant INFO Master manager not found
2023-10-24 19:03:09,413 file.ManagerServant INFO Master manager not found
2023-10-24 19:03:19,528 file.ManagerServant INFO Master manager not found
2023-10-24 19:03:29,618 file.ManagerServant INFO Master manager not found
2023-10-24 19:03:39,729 file.ManagerServant INFO Master manager not found
2023-10-24 19:03:49,806 file.ManagerServant INFO Master manager not found
2023-10-24 19:03:59,900 file.ManagerServant INFO Master manager not found
2023-10-24 19:04:10,016 file.ManagerServant INFO Master manager not found
2023-10-24 19:04:20,013 file.ManagerServant INFO Master manager not found
2023-10-24 19:04:30,087 file.ManagerServant INFO Master manager not found
2023-10-24 19:04:40,163 file.ManagerServant INFO Master manager not found
2023-10-24 19:04:50,251 file.ManagerServant INFO Master manager not found
2023-10-24 19:05:00,335 file.ManagerServant INFO Master manager not found
2023-10-24 19:05:10,421 file.ManagerServant INFO Master manager not found
2023-10-24 19:05:20,492 file.ManagerServant INFO Master manager not found
2023-10-24 19:05:30,606 file.ManagerServant INFO Master manager not found
2023-10-24 19:05:40,675 file.ManagerServant INFO Master manager not found
2023-10-24 19:05:50,745 file.ManagerServant INFO Master manager not found
2023-10-24 19:06:00,825 file.ManagerServant INFO Master manager not found
2023-10-24 19:06:10,923 file.ManagerServant INFO Master manager not found
2023-10-24 19:06:20,995 file.ManagerServant INFO Master manager not found
2023-10-24 19:06:31,061 file.ManagerServant INFO Master manager not found
2023-10-24 19:06:41,130 file.ManagerServant INFO Master manager not found
2023-10-24 19:06:51,185 file.ManagerServant INFO Master manager not found
2023-10-24 19:07:01,286 file.ManagerServant INFO Master manager not found
2023-10-24 19:07:11,295 file.ManagerServant INFO Master manager not found
2023-10-24 19:07:21,412 file.ManagerServant INFO Master manager not found
2023-10-24 19:07:31,387 file.ManagerServant INFO Master manager not found
2023-10-24 19:07:41,485 file.ManagerServant INFO Master manager not found
2023-10-24 19:07:51,587 file.ManagerServant INFO Master manager not found
2023-10-24 19:08:01,669 file.ManagerServant INFO Master manager not found
2023-10-24 19:08:11,771 file.ManagerServant INFO Master manager not found
2023-10-24 19:08:21,881 file.ManagerServant INFO Master manager not found
2023-10-24 19:08:31,835 file.ManagerServant INFO Master manager not found
2023-10-24 19:08:41,945 file.ManagerServant INFO Master manager not found
2023-10-24 19:08:52,047 file.ManagerServant INFO Master manager not found
2023-10-24 19:09:02,125 file.ManagerServant INFO Master manager not found
2023-10-24 19:09:12,225 file.ManagerServant INFO Master manager not found
2023-10-24 19:09:22,316 file.ManagerServant INFO Master manager not found
2023-10-24 19:09:32,400 file.ManagerServant INFO Master manager not found
2023-10-24 19:09:42,507 file.ManagerServant INFO Master manager not found
2023-10-24 19:09:52,491 file.ManagerServant INFO Master manager not found
2023-10-24 19:10:02,567 file.ManagerServant INFO Master manager not found
2023-10-24 19:10:12,632 file.ManagerServant INFO Master manager not found
2023-10-24 19:10:22,725 file.ManagerServant INFO Master manager not found
2023-10-24 19:10:32,795 file.ManagerServant INFO Master manager not found
2023-10-24 19:10:42,873 file.ManagerServant INFO Master manager not found
2023-10-24 19:10:52,968 file.ManagerServant INFO Master manager not found
2023-10-24 19:11:03,079 file.ManagerServant INFO Master manager not found
2023-10-24 19:11:13,104 file.ManagerServant INFO Master manager not found
2023-10-24 19:11:23,077 file.ManagerServant INFO Master manager not found
2023-10-24 19:11:33,180 file.ManagerServant INFO Master manager not found
2023-10-24 19:11:43,267 file.ManagerServant INFO Master manager not found
2023-10-24 19:11:53,357 file.ManagerServant INFO Master manager not found
2023-10-24 19:12:03,471 file.ManagerServant INFO Master manager not found
2023-10-24 19:12:13,555 file.ManagerServant INFO Master manager not found
2023-10-24 19:12:23,627 file.ManagerServant INFO Master manager not found
2023-10-24 19:12:33,732 file.ManagerServant INFO Master manager not found
2023-10-24 19:12:43,814 file.ManagerServant INFO Master manager not found
2023-10-24 19:12:53,882 file.ManagerServant INFO Master manager not found
2023-10-24 19:13:03,991 file.ManagerServant INFO Master manager not found
2023-10-24 19:13:14,112 file.ManagerServant INFO Master manager not found
2023-10-24 19:13:24,100 file.ManagerServant INFO Master manager not found
2023-10-24 19:13:34,191 file.ManagerServant INFO Master manager not found
2023-10-24 19:13:44,268 file.ManagerServant INFO Master manager not found
2023-10-24 19:13:54,384 file.ManagerServant INFO Master manager not found
2023-10-24 19:14:04,371 file.ManagerServant INFO Master manager not found
2023-10-24 19:14:14,458 file.ManagerServant INFO Master manager not found
2023-10-24 19:14:24,565 file.ManagerServant INFO Master manager not found
2023-10-24 19:14:34,547 file.ManagerServant INFO Master manager not found
2023-10-24 19:14:44,641 file.ManagerServant INFO Master manager not found
2023-10-24 19:14:54,723 file.ManagerServant INFO Master manager not found
2023-10-24 19:15:04,811 file.ManagerServant INFO Master manager not found
2023-10-24 19:15:14,902 file.ManagerServant INFO Master manager not found
2023-10-24 19:15:24,945 file.ManagerServant INFO Master manager not found
2023-10-24 19:15:35,014 file.ManagerServant INFO Master manager not found
2023-10-24 19:15:45,085 file.ManagerServant INFO Master manager not found
2023-10-24 19:15:55,194 file.ManagerServant INFO Master manager not found
2023-10-24 19:16:05,277 file.ManagerServant INFO Master manager not found
2023-10-24 19:16:15,263 file.ManagerServant INFO Master manager not found
2023-10-24 19:16:25,328 file.ManagerServant INFO Master manager not found
2023-10-24 19:16:35,445 file.ManagerServant INFO Master manager not found
2023-10-24 19:16:45,490 file.ManagerServant INFO Master manager not found
2023-10-24 19:16:55,588 file.ManagerServant INFO Master manager not found
2023-10-24 19:17:05,673 file.ManagerServant INFO Master manager not found
2023-10-24 19:17:15,668 file.ManagerServant INFO Master manager not found
2023-10-24 19:17:25,736 file.ManagerServant INFO Master manager not found
2023-10-24 19:17:35,802 file.ManagerServant INFO Master manager not found
2023-10-24 19:17:45,873 file.ManagerServant INFO Master manager not found
2023-10-24 19:17:55,974 file.ManagerServant INFO Master manager not found
2023-10-24 19:18:05,981 file.ManagerServant INFO Master manager not found
2023-10-24 19:18:16,041 file.ManagerServant INFO Master manager not found
2023-10-24 19:18:26,144 file.ManagerServant INFO Master manager not found
2023-10-24 19:18:36,240 file.ManagerServant INFO Master manager not found
2023-10-24 19:18:46,222 file.ManagerServant INFO Master manager not found
2023-10-24 19:18:56,291 file.ManagerServant INFO Master manager not found
2023-10-24 19:19:06,371 file.ManagerServant INFO Master manager not found
2023-10-24 19:19:16,420 file.ManagerServant INFO Master manager not found
2023-10-24 19:19:26,528 file.ManagerServant INFO Master manager not found
2023-10-24 19:19:36,644 file.ManagerServant INFO Master manager not found
2023-10-24 19:19:46,712 file.ManagerServant INFO Master manager not found
2023-10-24 19:19:56,800 file.ManagerServant INFO Master manager not found
2023-10-24 19:20:06,841 file.ManagerServant INFO Master manager not found
2023-10-24 19:20:16,942 file.ManagerServant INFO Master manager not found
2023-10-24 19:20:26,990 file.ManagerServant INFO Master manager not found
2023-10-24 19:20:37,054 file.ManagerServant INFO Master manager not found
2023-10-24 19:20:47,123 file.ManagerServant INFO Master manager not found
2023-10-24 19:20:57,201 file.ManagerServant INFO Master manager not found
2023-10-24 19:21:07,296 file.ManagerServant INFO Master manager not found
2023-10-24 19:21:17,299 file.ManagerServant INFO Master manager not found
2023-10-24 19:21:27,383 file.ManagerServant INFO Master manager not found
2023-10-24 19:21:37,442 file.ManagerServant INFO Master manager not found
2023-10-24 19:21:47,485 file.ManagerServant INFO Master manager not found
2023-10-24 19:21:57,505 file.ManagerServant INFO Master manager not found
2023-10-24 19:22:07,544 file.ManagerServant INFO Master manager not found
2023-10-24 19:22:17,619 file.ManagerServant INFO Master manager not found
2023-10-24 19:22:27,727 file.ManagerServant INFO Master manager not found
2023-10-24 19:22:37,819 file.ManagerServant INFO Master manager not found
2023-10-24 19:22:47,944 file.ManagerServant INFO Master manager not found
2023-10-24 19:22:57,933 file.ManagerServant INFO Master manager not found
2023-10-24 19:23:08,017 file.ManagerServant INFO Master manager not found
2023-10-24 19:23:18,091 file.ManagerServant INFO Master manager not found
2023-10-24 19:23:28,173 file.ManagerServant INFO Master manager not found
2023-10-24 19:23:38,265 file.ManagerServant INFO Master manager not found
2023-10-24 19:23:48,345 file.ManagerServant INFO Master manager not found
2023-10-24 19:23:58,444 file.ManagerServant INFO Master manager not found
2023-10-24 19:24:08,529 file.ManagerServant INFO Master manager not found
2023-10-24 19:24:18,584 file.ManagerServant INFO Master manager not found
2023-10-24 19:24:28,696 file.ManagerServant INFO Master manager not found
2023-10-24 19:24:38,676 file.ManagerServant INFO Master manager not found
2023-10-24 19:24:48,749 file.ManagerServant INFO Master manager not found
2023-10-24 19:24:58,824 file.ManagerServant INFO Master manager not found
2023-10-24 19:25:08,895 file.ManagerServant INFO Master manager not found
2023-10-24 19:25:18,989 file.ManagerServant INFO Master manager not found
2023-10-24 19:25:29,125 file.ManagerServant INFO Master manager not found
2023-10-24 19:25:39,078 file.ManagerServant INFO Master manager not found
2023-10-24 19:25:49,178 file.ManagerServant INFO Master manager not found
2023-10-24 19:25:59,277 file.ManagerServant INFO Master manager not found
2023-10-24 19:26:09,366 file.ManagerServant INFO Master manager not found
2023-10-24 19:26:19,458 file.ManagerServant INFO Master manager not found
2023-10-24 19:26:29,509 file.ManagerServant INFO Master manager not found
2023-10-24 19:26:39,605 file.ManagerServant INFO Master manager not found
2023-10-24 19:26:49,687 file.ManagerServant INFO Master manager not found
2023-10-24 19:26:59,784 file.ManagerServant INFO Master manager not found
2023-10-24 19:27:09,870 file.ManagerServant INFO Master manager not found
2023-10-24 19:27:19,972 file.ManagerServant INFO Master manager not found
2023-10-24 19:27:30,028 file.ManagerServant INFO Master manager not found
2023-10-24 19:27:40,115 file.ManagerServant INFO Master manager not found
2023-10-24 19:27:50,207 file.ManagerServant INFO Master manager not found
2023-10-24 19:28:00,321 file.ManagerServant INFO Master manager not found
2023-10-24 19:28:10,319 file.ManagerServant INFO Master manager not found
2023-10-24 19:28:20,417 file.ManagerServant INFO Master manager not found
2023-10-24 19:28:30,493 file.ManagerServant INFO Master manager not found
2023-10-24 19:28:40,572 file.ManagerServant INFO Master manager not found
2023-10-24 19:28:50,666 file.ManagerServant INFO Master manager not found
2023-10-24 19:29:00,765 file.ManagerServant INFO Master manager not found
2023-10-24 19:29:10,837 file.ManagerServant INFO Master manager not found
2023-10-24 19:29:20,939 file.ManagerServant INFO Master manager not found
2023-10-24 19:29:31,041 file.ManagerServant INFO Master manager not found
2023-10-24 19:29:41,141 file.ManagerServant INFO Master manager not found
2023-10-24 19:29:51,242 file.ManagerServant INFO Master manager not found
2023-10-24 19:30:01,261 file.ManagerServant INFO Master manager not found
2023-10-24 19:30:11,245 file.ManagerServant INFO Master manager not found
2023-10-24 19:30:21,299 file.ManagerServant INFO Master manager not found
2023-10-24 19:30:31,390 file.ManagerServant INFO Master manager not found
2023-10-24 19:30:41,474 file.ManagerServant INFO Master manager not found
2023-10-24 19:30:51,576 file.ManagerServant INFO Master manager not found
2023-10-24 19:31:01,674 file.ManagerServant INFO Master manager not found
2023-10-24 19:31:11,651 file.ManagerServant INFO Master manager not found
2023-10-24 19:31:21,709 file.ManagerServant INFO Master manager not found
2023-10-24 19:31:31,847 file.ManagerServant INFO Master manager not found
2023-10-24 19:31:41,828 file.ManagerServant INFO Master manager not found
2023-10-24 19:31:51,946 file.ManagerServant INFO Master manager not found
2023-10-24 19:32:01,934 file.ManagerServant INFO Master manager not found
2023-10-24 19:32:12,011 file.ManagerServant INFO Master manager not found
2023-10-24 19:32:22,079 file.ManagerServant INFO Master manager not found
2023-10-24 19:32:32,205 file.ManagerServant INFO Master manager not found
2023-10-24 19:32:42,170 file.ManagerServant INFO Master manager not found
2023-10-24 19:32:52,247 file.ManagerServant INFO Master manager not found
2023-10-24 19:33:02,371 file.ManagerServant INFO Master manager not found
2023-10-24 19:33:12,349 file.ManagerServant INFO Master manager not found
2023-10-24 19:33:22,431 file.ManagerServant INFO Master manager not found
2023-10-24 19:33:32,495 file.ManagerServant INFO Master manager not found
2023-10-24 19:33:42,608 file.ManagerServant INFO Master manager not found
2023-10-24 19:33:52,684 file.ManagerServant INFO Master manager not found
2023-10-24 19:34:02,785 file.ManagerServant INFO Master manager not found
2023-10-24 19:34:12,788 file.ManagerServant INFO Master manager not found
2023-10-24 19:34:22,899 file.ManagerServant INFO Master manager not found
2023-10-24 19:34:32,916 file.ManagerServant INFO Master manager not found
2023-10-24 19:34:42,997 file.ManagerServant INFO Master manager not found
2023-10-24 19:34:53,108 file.ManagerServant INFO Master manager not found
2023-10-24 19:35:03,188 file.ManagerServant INFO Master manager not found
2023-10-24 19:35:13,239 file.ManagerServant INFO Master manager not found
2023-10-24 19:35:23,311 file.ManagerServant INFO Master manager not found
2023-10-24 19:35:33,401 file.ManagerServant INFO Master manager not found
2023-10-24 19:35:43,497 file.ManagerServant INFO Master manager not found
2023-10-24 19:35:53,574 file.ManagerServant INFO Master manager not found
2023-10-24 19:36:03,662 file.ManagerServant INFO Master manager not found
2023-10-24 19:36:13,782 file.ManagerServant INFO Master manager not found
2023-10-24 19:36:23,864 file.ManagerServant INFO Master manager not found
2023-10-24 19:36:33,955 file.ManagerServant INFO Master manager not found
2023-10-24 19:36:44,036 file.ManagerServant INFO Master manager not found
2023-10-24 19:36:54,112 file.ManagerServant INFO Master manager not found
2023-10-24 19:37:04,228 file.ManagerServant INFO Master manager not found
2023-10-24 19:37:14,223 file.ManagerServant INFO Master manager not found
2023-10-24 19:37:24,289 file.ManagerServant INFO Master manager not found
2023-10-24 19:37:34,367 file.ManagerServant INFO Master manager not found
2023-10-24 19:37:44,463 file.ManagerServant INFO Master manager not found
2023-10-24 19:37:54,549 file.ManagerServant INFO Master manager not found
2023-10-24 19:38:04,654 file.ManagerServant INFO Master manager not found
2023-10-24 19:38:14,752 file.ManagerServant INFO Master manager not found
2023-10-24 19:38:24,820 file.ManagerServant INFO Master manager not found
2023-10-24 19:38:34,925 file.ManagerServant INFO Master manager not found
2023-10-24 19:38:45,015 file.ManagerServant INFO Master manager not found
2023-10-24 19:38:55,084 file.ManagerServant INFO Master manager not found
2023-10-24 19:39:05,141 file.ManagerServant INFO Master manager not found
2023-10-24 19:39:15,259 file.ManagerServant INFO Master manager not found
2023-10-24 19:39:25,234 file.ManagerServant INFO Master manager not found
2023-10-24 19:39:35,341 file.ManagerServant INFO Master manager not found
2023-10-24 19:39:45,452 file.ManagerServant INFO Master manager not found
2023-10-24 19:39:55,394 file.ManagerServant INFO Master manager not found
2023-10-24 19:40:05,511 file.ManagerServant INFO Master manager not found
2023-10-24 19:40:15,503 file.ManagerServant INFO Master manager not found
2023-10-24 19:40:25,607 file.ManagerServant INFO Master manager not found
2023-10-24 19:40:35,722 file.ManagerServant INFO Master manager not found
2023-10-24 19:40:45,744 file.ManagerServant INFO Master manager not found
2023-10-24 19:40:55,746 file.ManagerServant INFO Master manager not found
2023-10-24 19:41:05,754 file.ManagerServant INFO Master manager not found
2023-10-24 19:41:15,747 file.ManagerServant INFO Master manager not found
2023-10-24 19:41:25,751 file.ManagerServant INFO Master manager not found
2023-10-24 21:02:56,574 file.ManagerServant INFO Master manager not found
2023-10-24 21:03:06,698 file.ManagerServant INFO Master manager not found
2023-10-24 21:03:16,806 file.ManagerServant INFO Master manager not found
2023-10-24 21:03:26,907 file.ManagerServant INFO Master manager not found
2023-10-24 21:03:36,939 file.ManagerServant INFO Master manager not found
2023-10-24 21:03:46,937 file.ManagerServant INFO Master manager not found
2023-10-24 21:03:57,053 file.ManagerServant INFO Master manager not found
2023-10-24 21:04:07,050 file.ManagerServant INFO Master manager not found
2023-10-24 21:04:17,148 file.ManagerServant INFO Master manager not found
2023-10-24 21:04:27,145 file.ManagerServant INFO Master manager not found
2023-10-24 21:04:37,218 file.ManagerServant INFO Master manager not found
2023-10-24 21:04:47,368 file.ManagerServant INFO Master manager not found
2023-10-24 21:04:57,368 file.ManagerServant INFO Master manager not found
2023-10-24 21:05:07,383 file.ManagerServant INFO Master manager not found
2023-10-24 21:05:17,379 file.ManagerServant INFO Master manager not found
2023-10-24 21:05:27,391 file.ManagerServant INFO Master manager not found
2023-10-24 21:05:37,412 file.ManagerServant INFO Master manager not found
2023-10-24 21:05:47,434 file.ManagerServant INFO Master manager not found
2023-10-24 21:05:57,437 file.ManagerServant INFO Master manager not found
2023-10-24 21:06:07,442 file.ManagerServant INFO Master manager not found
2023-10-24 21:06:17,566 file.ManagerServant INFO Master manager not found
2023-10-24 21:06:27,560 file.ManagerServant INFO Master manager not found
2023-10-24 21:06:37,565 file.ManagerServant INFO Master manager not found
2023-10-24 21:06:47,631 file.ManagerServant INFO Master manager not found
2023-10-24 21:06:57,762 file.ManagerServant INFO Master manager not found
2023-10-24 21:07:07,720 file.ManagerServant INFO Master manager not found
2023-10-24 21:07:17,838 file.ManagerServant INFO Master manager not found
2023-10-24 21:07:27,964 file.ManagerServant INFO Master manager not found
2023-10-24 21:07:37,974 file.ManagerServant INFO Master manager not found
2023-10-24 21:07:47,986 file.ManagerServant INFO Master manager not found
2023-10-24 21:07:57,989 file.ManagerServant INFO Master manager not found
2023-10-24 21:08:08,118 file.ManagerServant INFO Master manager not found
2023-10-24 21:08:18,153 file.ManagerServant INFO Master manager not found
2023-10-24 21:08:28,151 file.ManagerServant INFO Master manager not found
2023-10-24 21:08:38,134 file.ManagerServant INFO Master manager not found
2023-10-24 21:08:48,232 file.ManagerServant INFO Master manager not found
2023-10-24 21:08:58,337 file.ManagerServant INFO Master manager not found
2023-10-24 21:09:08,462 file.ManagerServant INFO Master manager not found
2023-10-24 21:09:18,494 file.ManagerServant INFO Master manager not found
2023-10-24 21:09:28,496 file.ManagerServant INFO Master manager not found
2023-10-24 21:09:38,599 file.ManagerServant INFO Master manager not found
2023-10-24 21:09:48,620 file.ManagerServant INFO Master manager not found
2023-10-24 21:09:58,648 file.ManagerServant INFO Master manager not found
2023-10-24 21:10:08,655 file.ManagerServant INFO Master manager not found
2023-10-24 21:10:18,761 file.ManagerServant INFO Master manager not found
2023-10-24 21:10:28,747 file.ManagerServant INFO Master manager not found
2023-10-24 21:10:38,855 file.ManagerServant INFO Master manager not found
2023-10-24 21:10:48,959 file.ManagerServant INFO Master manager not found
2023-10-24 21:10:59,054 file.ManagerServant INFO Master manager not found
2023-10-24 21:11:09,178 file.ManagerServant INFO Master manager not found
2023-10-24 21:11:19,168 file.ManagerServant INFO Master manager not found
2023-10-24 21:11:29,317 file.ManagerServant INFO Master manager not found
2023-10-24 21:11:39,347 file.ManagerServant INFO Master manager not found
2023-10-24 21:11:49,313 file.ManagerServant INFO Master manager not found
2023-10-24 21:11:59,425 file.ManagerServant INFO Master manager not found
2023-10-24 21:12:09,427 file.ManagerServant INFO Master manager not found
2023-10-24 21:12:19,426 file.ManagerServant INFO Master manager not found
2023-10-24 21:12:29,521 file.ManagerServant INFO Master manager not found
2023-10-24 21:12:39,627 file.ManagerServant INFO Master manager not found
2023-10-24 21:12:49,657 file.ManagerServant INFO Master manager not found
2023-10-24 21:12:59,634 file.ManagerServant INFO Master manager not found
2023-10-24 21:13:09,731 file.ManagerServant INFO Master manager not found
2023-10-24 21:13:19,841 file.ManagerServant INFO Master manager not found
2023-10-24 21:13:29,835 file.ManagerServant INFO Master manager not found
2023-10-24 21:13:39,800 file.ManagerServant INFO Master manager not found
2023-10-24 21:13:49,912 file.ManagerServant INFO Master manager not found
2023-10-24 21:13:59,895 file.ManagerServant INFO Master manager not found
2023-10-24 21:14:10,016 file.ManagerServant INFO Master manager not found
2023-10-24 21:14:20,026 file.ManagerServant INFO Master manager not found
2023-10-24 21:14:30,030 file.ManagerServant INFO Master manager not found
2023-10-24 21:14:40,016 file.ManagerServant INFO Master manager not found
2023-10-24 21:14:50,144 file.ManagerServant INFO Master manager not found
2023-10-24 21:15:00,242 file.ManagerServant INFO Master manager not found
2023-10-24 21:15:10,226 file.ManagerServant INFO Master manager not found
2023-10-24 21:15:20,356 file.ManagerServant INFO Master manager not found
2023-10-24 21:15:30,362 file.ManagerServant INFO Master manager not found
2023-10-24 21:15:40,365 file.ManagerServant INFO Master manager not found
2023-10-24 21:15:50,462 file.ManagerServant INFO Master manager not found
2023-10-24 21:16:00,572 file.ManagerServant INFO Master manager not found
2023-10-24 21:16:10,639 file.ManagerServant INFO Master manager not found
2023-10-24 21:16:20,737 file.ManagerServant INFO Master manager not found
2023-10-24 21:16:30,853 file.ManagerServant INFO Master manager not found
2023-10-24 21:16:40,861 file.ManagerServant INFO Master manager not found
2023-10-24 21:16:50,865 file.ManagerServant INFO Master manager not found
2023-10-24 21:17:00,971 file.ManagerServant INFO Master manager not found
2023-10-24 21:17:10,988 file.ManagerServant INFO Master manager not found
2023-10-24 21:17:21,011 file.ManagerServant INFO Master manager not found
2023-10-24 21:17:31,040 file.ManagerServant INFO Master manager not found
2023-10-24 21:17:41,059 file.ManagerServant INFO Master manager not found
2023-10-24 21:17:51,041 file.ManagerServant INFO Master manager not found
2023-10-24 21:18:01,153 file.ManagerServant INFO Master manager not found
2023-10-24 21:18:11,144 file.ManagerServant INFO Master manager not found
2023-10-24 21:18:21,260 file.ManagerServant INFO Master manager not found
2023-10-24 21:18:31,237 file.ManagerServant INFO Master manager not found
2023-10-24 21:18:41,373 file.ManagerServant INFO Master manager not found
2023-10-24 21:18:51,375 file.ManagerServant INFO Master manager not found
2023-10-24 21:19:01,415 file.ManagerServant INFO Master manager not found
2023-10-24 21:19:11,428 file.ManagerServant INFO Master manager not found
2023-10-24 21:19:21,404 file.ManagerServant INFO Master manager not found
2023-10-24 21:19:31,532 file.ManagerServant INFO Master manager not found
2023-10-24 21:19:41,547 file.ManagerServant INFO Master manager not found
2023-10-24 21:19:51,571 file.ManagerServant INFO Master manager not found
2023-10-24 21:20:01,574 file.ManagerServant INFO Master manager not found
2023-10-24 21:20:11,561 file.ManagerServant INFO Master manager not found
2023-10-24 21:20:21,716 file.ManagerServant INFO Master manager not found
2023-10-24 21:20:31,700 file.ManagerServant INFO Master manager not found
2023-10-24 21:20:41,820 file.ManagerServant INFO Master manager not found
2023-10-24 21:20:51,958 file.ManagerServant INFO Master manager not found
2023-10-24 21:21:01,958 file.ManagerServant INFO Master manager not found
2023-10-24 21:21:11,943 file.ManagerServant INFO Master manager not found
2023-10-24 21:21:22,042 file.ManagerServant INFO Master manager not found
2023-10-24 21:21:32,142 file.ManagerServant INFO Master manager not found
2023-10-24 21:21:42,253 file.ManagerServant INFO Master manager not found
2023-10-24 21:21:52,354 file.ManagerServant INFO Master manager not found
2023-10-24 21:22:02,358 file.ManagerServant INFO Master manager not found
2023-10-24 21:22:12,473 file.ManagerServant INFO Master manager not found
2023-10-24 21:22:22,484 file.ManagerServant INFO Master manager not found
2023-10-24 21:22:32,483 file.ManagerServant INFO Master manager not found
2023-10-24 21:22:42,508 file.ManagerServant INFO Master manager not found
2023-10-24 21:22:52,484 file.ManagerServant INFO Master manager not found
2023-10-24 21:23:02,605 file.ManagerServant INFO Master manager not found
2023-10-24 21:23:12,591 file.ManagerServant INFO Master manager not found
2023-10-24 21:23:22,732 file.ManagerServant INFO Master manager not found
2023-10-24 21:23:32,731 file.ManagerServant INFO Master manager not found
2023-10-24 21:23:42,817 file.ManagerServant INFO Master manager not found
2023-10-24 21:23:52,914 file.ManagerServant INFO Master manager not found
2023-10-24 21:24:03,050 file.ManagerServant INFO Master manager not found
2023-10-24 21:24:13,068 file.ManagerServant INFO Master manager not found
2023-10-24 21:24:23,084 file.ManagerServant INFO Master manager not found
2023-10-24 21:24:33,107 file.ManagerServant INFO Master manager not found
2023-10-24 21:24:43,097 file.ManagerServant INFO Master manager not found
2023-10-24 21:24:53,197 file.ManagerServant INFO Master manager not found
2023-10-24 21:25:03,175 file.ManagerServant INFO Master manager not found
2023-10-24 21:25:13,283 file.ManagerServant INFO Master manager not found
2023-10-24 21:25:23,377 file.ManagerServant INFO Master manager not found
2023-10-24 21:25:33,494 file.ManagerServant INFO Master manager not found
2023-10-24 21:25:43,483 file.ManagerServant INFO Master manager not found
2023-10-24 21:25:53,575 file.ManagerServant INFO Master manager not found
2023-10-24 21:26:03,679 file.ManagerServant INFO Master manager not found
2023-10-24 21:26:13,692 file.ManagerServant INFO Master manager not found
2023-10-24 21:26:23,794 file.ManagerServant INFO Master manager not found
2023-10-24 21:26:33,803 file.ManagerServant INFO Master manager not found
2023-10-24 21:26:43,789 file.ManagerServant INFO Master manager not found
2023-10-24 21:26:53,908 file.ManagerServant INFO Master manager not found
2023-10-24 21:27:03,920 file.ManagerServant INFO Master manager not found
2023-10-24 21:27:13,923 file.ManagerServant INFO Master manager not found
2023-10-24 21:27:23,909 file.ManagerServant INFO Master manager not found
2023-10-24 21:27:34,016 file.ManagerServant INFO Master manager not found
