2023-10-23 16:57:05,715 file.manager INFO 2.0.0
2023-10-23 16:57:05,716 file.manager INFO Copyright (C) 2003-2022, Noriaki Ando and OpenRTM development team,
2023-10-23 16:57:05,716 file.manager INFO   Intelligent Systems Research Institute, AIST,
2023-10-23 16:57:05,716 file.manager INFO Copyright (C) 2022, Noriaki Ando and OpenRTM development team,
2023-10-23 16:57:05,716 file.manager INFO   Industrial Cyber-Physical Research Center, AIST,
2023-10-23 16:57:05,716 file.manager INFO   All right reserved.
2023-10-23 16:57:05,716 file.manager INFO Manager starting.
2023-10-23 16:57:05,716 file.manager INFO Starting local logging.
2023-10-23 16:57:05,722 file.manager.namingmanager INFO NameServer connection succeeded: corba/localhost
2023-10-23 16:57:09,797 file.ManagerServant INFO Master manager not found
2023-10-23 16:57:09,798 file.LocalServiceAdmin INFO All the local services are enabled.
2023-10-23 16:57:09,801 file.manager INFO Component type conf file: camera.conf loaded.
2023-10-23 16:57:09,802 file.ec_base INFO setRate(1000000.000000) done
2023-10-23 16:57:09,802 file.ec_base INFO setRate(100.000000) done
2023-10-23 16:57:09,802 file.rtobject INFO 1 execution context was created.
2023-10-23 16:57:09,804 file.rtobject INFO Initial active configuration set is default.
2023-10-23 16:57:23,988 file.ManagerServant INFO Master manager not found
2023-10-23 16:57:34,068 file.ManagerServant INFO Master manager not found
2023-10-23 16:57:44,166 file.ManagerServant INFO Master manager not found
2023-10-23 16:57:54,289 file.ManagerServant INFO Master manager not found
2023-10-23 16:58:04,267 file.ManagerServant INFO Master manager not found
2023-10-23 16:58:14,366 file.ManagerServant INFO Master manager not found
2023-10-23 16:58:24,494 file.ManagerServant INFO Master manager not found
2023-10-23 16:58:34,498 file.ManagerServant INFO Master manager not found
2023-10-23 16:58:44,505 file.ManagerServant INFO Master manager not found
2023-10-23 16:58:54,599 file.ManagerServant INFO Master manager not found
2023-10-23 16:59:04,681 file.ManagerServant INFO Master manager not found
2023-10-23 16:59:14,809 file.ManagerServant INFO Master manager not found
2023-10-23 16:59:24,818 file.ManagerServant INFO Master manager not found
2023-10-23 16:59:34,919 file.ManagerServant INFO Master manager not found
2023-10-23 16:59:45,002 file.ManagerServant INFO Master manager not found
2023-10-23 16:59:55,126 file.ManagerServant INFO Master manager not found
2023-10-23 17:00:05,236 file.ManagerServant INFO Master manager not found
2023-10-23 17:00:15,252 file.ManagerServant INFO Master manager not found
2023-10-23 17:00:25,283 file.ManagerServant INFO Master manager not found
2023-10-23 17:00:35,275 file.ManagerServant INFO Master manager not found
2023-10-23 17:00:45,292 file.ManagerServant INFO Master manager not found
2023-10-23 17:00:55,372 file.ManagerServant INFO Master manager not found
2023-10-23 17:01:05,443 file.ManagerServant INFO Master manager not found
2023-10-23 17:01:15,503 file.ManagerServant INFO Master manager not found
2023-10-23 17:01:25,547 file.ManagerServant INFO Master manager not found
2023-10-23 17:01:35,627 file.ManagerServant INFO Master manager not found
2023-10-23 17:01:45,717 file.ManagerServant INFO Master manager not found
2023-10-23 17:01:55,809 file.ManagerServant INFO Master manager not found
2023-10-23 17:02:05,908 file.ManagerServant INFO Master manager not found
2023-10-23 17:02:15,972 file.ManagerServant INFO Master manager not found
2023-10-23 17:02:26,074 file.ManagerServant INFO Master manager not found
2023-10-23 17:02:36,160 file.ManagerServant INFO Master manager not found
2023-10-23 17:02:46,231 file.ManagerServant INFO Master manager not found
2023-10-23 17:02:56,293 file.ManagerServant INFO Master manager not found
2023-10-23 17:03:06,390 file.ManagerServant INFO Master manager not found
2023-10-23 17:03:16,476 file.ManagerServant INFO Master manager not found
2023-10-23 17:03:26,580 file.ManagerServant INFO Master manager not found
2023-10-23 17:03:36,546 file.ManagerServant INFO Master manager not found
2023-10-23 17:03:46,667 file.ManagerServant INFO Master manager not found
2023-10-23 17:03:56,635 file.ManagerServant INFO Master manager not found
2023-10-23 17:04:06,713 file.ManagerServant INFO Master manager not found
2023-10-23 17:04:16,774 file.ManagerServant INFO Master manager not found
2023-10-23 17:04:26,851 file.ManagerServant INFO Master manager not found
2023-10-23 17:04:36,921 file.ManagerServant INFO Master manager not found
2023-10-23 17:04:47,002 file.ManagerServant INFO Master manager not found
2023-10-23 17:04:57,059 file.ManagerServant INFO Master manager not found
2023-10-23 17:05:07,130 file.ManagerServant INFO Master manager not found
2023-10-23 17:05:17,253 file.ManagerServant INFO Master manager not found
2023-10-23 17:05:27,331 file.ManagerServant INFO Master manager not found
2023-10-23 17:05:37,396 file.ManagerServant INFO Master manager not found
2023-10-23 17:05:47,482 file.ManagerServant INFO Master manager not found
2023-10-23 17:05:57,585 file.ManagerServant INFO Master manager not found
2023-10-23 17:06:07,690 file.ManagerServant INFO Master manager not found
2023-10-23 17:06:17,773 file.ManagerServant INFO Master manager not found
2023-10-23 17:06:27,871 file.ManagerServant INFO Master manager not found
2023-10-23 17:06:37,973 file.ManagerServant INFO Master manager not found
2023-10-23 17:06:48,058 file.ManagerServant INFO Master manager not found
2023-10-23 17:06:58,130 file.ManagerServant INFO Master manager not found
2023-10-23 17:07:08,219 file.ManagerServant INFO Master manager not found
2023-10-23 17:07:18,302 file.ManagerServant INFO Master manager not found
2023-10-23 17:07:28,360 file.ManagerServant INFO Master manager not found
2023-10-23 17:07:38,438 file.ManagerServant INFO Master manager not found
2023-10-23 17:07:48,526 file.ManagerServant INFO Master manager not found
2023-10-23 17:07:58,588 file.ManagerServant INFO Master manager not found
2023-10-23 17:08:08,671 file.ManagerServant INFO Master manager not found
2023-10-23 17:08:18,772 file.ManagerServant INFO Master manager not found
2023-10-23 17:08:28,741 file.ManagerServant INFO Master manager not found
2023-10-23 17:08:38,810 file.ManagerServant INFO Master manager not found
2023-10-23 17:08:48,867 file.ManagerServant INFO Master manager not found
2023-10-23 17:08:58,959 file.ManagerServant INFO Master manager not found
2023-10-23 17:09:09,023 file.ManagerServant INFO Master manager not found
2023-10-23 17:09:19,103 file.ManagerServant INFO Master manager not found
2023-10-23 17:09:29,200 file.ManagerServant INFO Master manager not found
2023-10-23 17:09:39,280 file.ManagerServant INFO Master manager not found
2023-10-23 17:09:49,395 file.ManagerServant INFO Master manager not found
2023-10-23 17:09:59,361 file.ManagerServant INFO Master manager not found
2023-10-23 17:10:09,465 file.ManagerServant INFO Master manager not found
2023-10-23 17:10:19,551 file.ManagerServant INFO Master manager not found
2023-10-23 17:10:29,638 file.ManagerServant INFO Master manager not found
2023-10-23 17:10:39,712 file.ManagerServant INFO Master manager not found
2023-10-23 17:10:49,811 file.ManagerServant INFO Master manager not found
2023-10-23 17:10:59,900 file.ManagerServant INFO Master manager not found
2023-10-23 17:11:10,008 file.ManagerServant INFO Master manager not found
2023-10-23 17:11:20,109 file.ManagerServant INFO Master manager not found
2023-10-23 17:11:30,186 file.ManagerServant INFO Master manager not found
2023-10-23 17:11:40,259 file.ManagerServant INFO Master manager not found
2023-10-23 17:11:50,343 file.ManagerServant INFO Master manager not found
2023-10-23 17:12:00,446 file.ManagerServant INFO Master manager not found
2023-10-23 17:12:10,443 file.ManagerServant INFO Master manager not found
2023-10-23 17:12:20,553 file.ManagerServant INFO Master manager not found
2023-10-23 17:12:30,630 file.ManagerServant INFO Master manager not found
2023-10-23 17:12:40,692 file.ManagerServant INFO Master manager not found
2023-10-23 17:12:50,776 file.ManagerServant INFO Master manager not found
2023-10-23 17:13:00,853 file.ManagerServant INFO Master manager not found
2023-10-23 17:13:10,946 file.ManagerServant INFO Master manager not found
2023-10-23 17:13:21,044 file.ManagerServant INFO Master manager not found
2023-10-23 17:13:31,111 file.ManagerServant INFO Master manager not found
2023-10-23 17:13:41,164 file.ManagerServant INFO Master manager not found
2023-10-23 17:13:51,233 file.ManagerServant INFO Master manager not found
2023-10-23 17:14:01,300 file.ManagerServant INFO Master manager not found
2023-10-23 17:14:11,373 file.ManagerServant INFO Master manager not found
2023-10-23 17:14:21,421 file.ManagerServant INFO Master manager not found
2023-10-23 17:14:31,535 file.ManagerServant INFO Master manager not found
2023-10-23 17:14:41,540 file.ManagerServant INFO Master manager not found
2023-10-23 17:14:51,532 file.ManagerServant INFO Master manager not found
2023-10-23 17:15:01,639 file.ManagerServant INFO Master manager not found
2023-10-23 17:15:11,639 file.ManagerServant INFO Master manager not found
2023-10-23 17:15:21,698 file.ManagerServant INFO Master manager not found
2023-10-23 17:15:31,784 file.ManagerServant INFO Master manager not found
2023-10-23 17:15:41,875 file.ManagerServant INFO Master manager not found
2023-10-23 17:15:51,966 file.ManagerServant INFO Master manager not found
2023-10-23 17:16:02,046 file.ManagerServant INFO Master manager not found
2023-10-23 17:16:12,138 file.ManagerServant INFO Master manager not found
2023-10-23 17:16:22,183 file.ManagerServant INFO Master manager not found
2023-10-23 17:16:32,259 file.ManagerServant INFO Master manager not found
2023-10-23 17:16:42,359 file.ManagerServant INFO Master manager not found
2023-10-23 17:16:52,426 file.ManagerServant INFO Master manager not found
2023-10-23 17:17:02,515 file.ManagerServant INFO Master manager not found
2023-10-23 17:17:12,597 file.ManagerServant INFO Master manager not found
2023-10-23 17:17:22,687 file.ManagerServant INFO Master manager not found
2023-10-23 17:17:32,765 file.ManagerServant INFO Master manager not found
2023-10-23 17:17:42,850 file.ManagerServant INFO Master manager not found
2023-10-23 17:17:52,972 file.ManagerServant INFO Master manager not found
2023-10-23 17:18:02,976 file.ManagerServant INFO Master manager not found
2023-10-23 17:18:13,073 file.ManagerServant INFO Master manager not found
2023-10-23 17:18:23,187 file.ManagerServant INFO Master manager not found
2023-10-23 17:18:33,173 file.ManagerServant INFO Master manager not found
2023-10-23 17:18:43,287 file.ManagerServant INFO Master manager not found
2023-10-23 17:18:53,350 file.ManagerServant INFO Master manager not found
2023-10-23 17:19:03,420 file.ManagerServant INFO Master manager not found
2023-10-23 17:19:13,512 file.ManagerServant INFO Master manager not found
2023-10-23 17:19:23,596 file.ManagerServant INFO Master manager not found
2023-10-23 17:19:33,675 file.ManagerServant INFO Master manager not found
2023-10-23 17:19:43,763 file.ManagerServant INFO Master manager not found
2023-10-23 17:19:53,838 file.ManagerServant INFO Master manager not found
2023-10-23 17:20:03,932 file.ManagerServant INFO Master manager not found
2023-10-23 17:20:14,004 file.ManagerServant INFO Master manager not found
2023-10-23 17:20:24,083 file.ManagerServant INFO Master manager not found
2023-10-23 17:20:34,196 file.ManagerServant INFO Master manager not found
2023-10-23 17:20:44,283 file.ManagerServant INFO Master manager not found
2023-10-23 17:20:54,404 file.ManagerServant INFO Master manager not found
2023-10-23 17:21:04,382 file.ManagerServant INFO Master manager not found
2023-10-23 17:21:14,480 file.ManagerServant INFO Master manager not found
2023-10-23 17:21:24,548 file.ManagerServant INFO Master manager not found
2023-10-23 17:21:34,620 file.ManagerServant INFO Master manager not found
2023-10-23 17:21:44,713 file.ManagerServant INFO Master manager not found
2023-10-23 17:21:54,805 file.ManagerServant INFO Master manager not found
2023-10-23 17:22:04,895 file.ManagerServant INFO Master manager not found
2023-10-23 17:22:15,003 file.ManagerServant INFO Master manager not found
2023-10-23 17:22:25,089 file.ManagerServant INFO Master manager not found
2023-10-23 17:22:35,153 file.ManagerServant INFO Master manager not found
2023-10-23 17:22:45,269 file.ManagerServant INFO Master manager not found
2023-10-23 17:22:55,363 file.ManagerServant INFO Master manager not found
2023-10-23 17:23:05,378 file.ManagerServant INFO Master manager not found
2023-10-23 17:23:15,361 file.ManagerServant INFO Master manager not found
2023-10-23 17:23:25,432 file.ManagerServant INFO Master manager not found
2023-10-23 17:23:35,536 file.ManagerServant INFO Master manager not found
2023-10-23 17:23:45,509 file.ManagerServant INFO Master manager not found
2023-10-23 17:23:55,612 file.ManagerServant INFO Master manager not found
2023-10-23 17:24:05,700 file.ManagerServant INFO Master manager not found
2023-10-23 17:24:15,786 file.ManagerServant INFO Master manager not found
2023-10-23 17:24:25,868 file.ManagerServant INFO Master manager not found
2023-10-23 17:24:35,965 file.ManagerServant INFO Master manager not found
2023-10-23 17:24:46,057 file.ManagerServant INFO Master manager not found
2023-10-23 17:24:56,133 file.ManagerServant INFO Master manager not found
2023-10-23 17:25:06,212 file.ManagerServant INFO Master manager not found
2023-10-23 17:25:16,286 file.ManagerServant INFO Master manager not found
2023-10-23 17:25:26,360 file.ManagerServant INFO Master manager not found
2023-10-23 17:25:36,410 file.ManagerServant INFO Master manager not found
2023-10-23 17:25:46,512 file.ManagerServant INFO Master manager not found
2023-10-23 17:25:56,594 file.ManagerServant INFO Master manager not found
2023-10-23 17:26:06,650 file.ManagerServant INFO Master manager not found
2023-10-23 17:26:16,756 file.ManagerServant INFO Master manager not found
2023-10-23 17:26:26,702 file.ManagerServant INFO Master manager not found
2023-10-23 17:26:36,805 file.ManagerServant INFO Master manager not found
2023-10-23 17:26:46,913 file.ManagerServant INFO Master manager not found
2023-10-23 17:26:56,990 file.ManagerServant INFO Master manager not found
2023-10-23 17:27:07,048 file.ManagerServant INFO Master manager not found
2023-10-23 17:27:17,117 file.ManagerServant INFO Master manager not found
2023-10-23 17:27:27,220 file.ManagerServant INFO Master manager not found
2023-10-23 17:27:37,289 file.ManagerServant INFO Master manager not found
2023-10-23 17:27:47,390 file.ManagerServant INFO Master manager not found
2023-10-23 17:27:57,486 file.ManagerServant INFO Master manager not found
2023-10-23 17:28:07,459 file.ManagerServant INFO Master manager not found
2023-10-23 17:28:17,569 file.ManagerServant INFO Master manager not found
2023-10-23 17:28:27,543 file.ManagerServant INFO Master manager not found
2023-10-23 17:28:37,632 file.ManagerServant INFO Master manager not found
2023-10-23 17:28:47,745 file.ManagerServant INFO Master manager not found
2023-10-23 17:28:57,704 file.ManagerServant INFO Master manager not found
2023-10-23 17:29:07,778 file.ManagerServant INFO Master manager not found
2023-10-23 17:29:17,897 file.ManagerServant INFO Master manager not found
2023-10-23 17:29:27,880 file.ManagerServant INFO Master manager not found
2023-10-23 17:29:37,966 file.ManagerServant INFO Master manager not found
2023-10-23 17:29:48,058 file.ManagerServant INFO Master manager not found
2023-10-23 17:29:58,153 file.ManagerServant INFO Master manager not found
2023-10-23 17:30:08,159 file.ManagerServant INFO Master manager not found
2023-10-23 17:30:18,128 file.ManagerServant INFO Master manager not found
2023-10-23 17:30:28,219 file.ManagerServant INFO Master manager not found
2023-10-23 17:30:38,297 file.ManagerServant INFO Master manager not found
2023-10-23 17:30:48,376 file.ManagerServant INFO Master manager not found
2023-10-23 17:30:58,458 file.ManagerServant INFO Master manager not found
2023-10-23 17:31:08,547 file.ManagerServant INFO Master manager not found
2023-10-23 17:31:18,615 file.ManagerServant INFO Master manager not found
2023-10-23 17:31:28,714 file.ManagerServant INFO Master manager not found
2023-10-23 17:31:38,771 file.ManagerServant INFO Master manager not found
2023-10-23 17:31:48,875 file.ManagerServant INFO Master manager not found
2023-10-23 17:31:58,984 file.ManagerServant INFO Master manager not found
2023-10-23 17:32:09,003 file.ManagerServant INFO Master manager not found
2023-10-23 17:32:19,007 file.ManagerServant INFO Master manager not found
2023-10-23 17:32:29,091 file.ManagerServant INFO Master manager not found
2023-10-23 17:32:39,199 file.ManagerServant INFO Master manager not found
2023-10-23 17:32:49,337 file.ManagerServant INFO Master manager not found
2023-10-23 17:32:59,357 file.ManagerServant INFO Master manager not found
2023-10-23 17:33:09,373 file.ManagerServant INFO Master manager not found
2023-10-23 17:33:19,465 file.ManagerServant INFO Master manager not found
2023-10-23 17:33:29,547 file.ManagerServant INFO Master manager not found
2023-10-23 17:33:39,641 file.ManagerServant INFO Master manager not found
2023-10-23 17:33:49,760 file.ManagerServant INFO Master manager not found
2023-10-23 17:33:59,765 file.ManagerServant INFO Master manager not found
2023-10-23 17:34:09,859 file.ManagerServant INFO Master manager not found
2023-10-23 17:34:19,975 file.ManagerServant INFO Master manager not found
2023-10-23 17:34:30,086 file.ManagerServant INFO Master manager not found
2023-10-23 17:34:40,094 file.ManagerServant INFO Master manager not found
2023-10-23 17:34:50,109 file.ManagerServant INFO Master manager not found
2023-10-23 17:35:00,123 file.ManagerServant INFO Master manager not found
2023-10-23 17:35:10,132 file.ManagerServant INFO Master manager not found
2023-10-23 17:35:20,128 file.ManagerServant INFO Master manager not found
2023-10-23 17:35:30,235 file.ManagerServant INFO Master manager not found
2023-10-23 17:35:40,331 file.ManagerServant INFO Master manager not found
2023-10-23 17:35:50,452 file.ManagerServant INFO Master manager not found
2023-10-23 17:36:00,443 file.ManagerServant INFO Master manager not found
2023-10-23 17:36:10,434 file.ManagerServant INFO Master manager not found
2023-10-23 17:36:20,568 file.ManagerServant INFO Master manager not found
2023-10-23 17:36:30,567 file.ManagerServant INFO Master manager not found
2023-10-23 17:36:40,588 file.ManagerServant INFO Master manager not found
2023-10-23 17:36:50,540 file.ManagerServant INFO Master manager not found
2023-10-23 17:37:00,662 file.ManagerServant INFO Master manager not found
2023-10-23 17:37:10,630 file.ManagerServant INFO Master manager not found
2023-10-23 17:37:20,709 file.ManagerServant INFO Master manager not found
2023-10-23 17:37:30,818 file.ManagerServant INFO Master manager not found
2023-10-23 17:37:40,945 file.ManagerServant INFO Master manager not found
2023-10-23 17:37:50,986 file.ManagerServant INFO Master manager not found
2023-10-23 17:38:00,984 file.ManagerServant INFO Master manager not found
2023-10-23 17:38:10,988 file.ManagerServant INFO Master manager not found
2023-10-23 17:38:21,097 file.ManagerServant INFO Master manager not found
2023-10-23 17:38:31,077 file.ManagerServant INFO Master manager not found
2023-10-23 17:38:41,201 file.ManagerServant INFO Master manager not found
2023-10-23 17:38:51,177 file.ManagerServant INFO Master manager not found
2023-10-23 17:39:01,255 file.ManagerServant INFO Master manager not found
2023-10-23 17:39:11,374 file.ManagerServant INFO Master manager not found
2023-10-23 17:39:21,375 file.ManagerServant INFO Master manager not found
2023-10-23 17:39:31,492 file.ManagerServant INFO Master manager not found
2023-10-23 17:39:41,583 file.ManagerServant INFO Master manager not found
2023-10-23 17:39:51,668 file.ManagerServant INFO Master manager not found
2023-10-23 17:40:01,788 file.ManagerServant INFO Master manager not found
2023-10-23 17:40:11,791 file.ManagerServant INFO Master manager not found
2023-10-23 17:40:21,776 file.ManagerServant INFO Master manager not found
2023-10-23 17:40:31,879 file.ManagerServant INFO Master manager not found
2023-10-23 17:40:41,993 file.ManagerServant INFO Master manager not found
2023-10-23 17:40:51,993 file.ManagerServant INFO Master manager not found
2023-10-23 17:41:01,986 file.ManagerServant INFO Master manager not found
2023-10-23 17:41:12,068 file.ManagerServant INFO Master manager not found
2023-10-23 17:41:22,191 file.ManagerServant INFO Master manager not found
2023-10-23 17:41:32,279 file.ManagerServant INFO Master manager not found
2023-10-23 17:41:42,371 file.ManagerServant INFO Master manager not found
2023-10-23 17:41:52,461 file.ManagerServant INFO Master manager not found
2023-10-23 17:42:02,584 file.ManagerServant INFO Master manager not found
2023-10-23 17:42:12,691 file.ManagerServant INFO Master manager not found
2023-10-23 17:42:22,654 file.ManagerServant INFO Master manager not found
2023-10-23 17:42:32,762 file.ManagerServant INFO Master manager not found
2023-10-23 17:42:42,726 file.ManagerServant INFO Master manager not found
2023-10-23 17:42:52,825 file.ManagerServant INFO Master manager not found
2023-10-23 17:43:02,946 file.ManagerServant INFO Master manager not found
2023-10-23 17:43:13,042 file.ManagerServant INFO Master manager not found
2023-10-23 17:43:23,155 file.ManagerServant INFO Master manager not found
2023-10-23 17:43:33,263 file.ManagerServant INFO Master manager not found
2023-10-23 17:43:43,272 file.ManagerServant INFO Master manager not found
2023-10-23 17:43:53,382 file.ManagerServant INFO Master manager not found
2023-10-23 17:44:03,513 file.ManagerServant INFO Master manager not found
2023-10-23 17:44:13,504 file.ManagerServant INFO Master manager not found
2023-10-23 17:44:23,597 file.ManagerServant INFO Master manager not found
2023-10-23 17:44:33,691 file.ManagerServant INFO Master manager not found
2023-10-23 17:44:43,772 file.ManagerServant INFO Master manager not found
2023-10-23 17:44:53,880 file.ManagerServant INFO Master manager not found
2023-10-23 17:45:03,963 file.ManagerServant INFO Master manager not found
2023-10-23 17:45:14,046 file.ManagerServant INFO Master manager not found
2023-10-23 17:45:24,176 file.ManagerServant INFO Master manager not found
2023-10-23 17:45:34,180 file.ManagerServant INFO Master manager not found
2023-10-23 17:45:44,283 file.ManagerServant INFO Master manager not found
2023-10-23 17:45:54,426 file.ManagerServant INFO Master manager not found
2023-10-23 17:46:04,400 file.ManagerServant INFO Master manager not found
2023-10-23 17:46:14,489 file.ManagerServant INFO Master manager not found
2023-10-23 17:46:24,600 file.ManagerServant INFO Master manager not found
2023-10-23 17:46:34,685 file.ManagerServant INFO Master manager not found
2023-10-23 17:46:44,815 file.ManagerServant INFO Master manager not found
2023-10-23 17:46:54,781 file.ManagerServant INFO Master manager not found
2023-10-23 17:47:04,860 file.ManagerServant INFO Master manager not found
2023-10-23 17:47:14,964 file.ManagerServant INFO Master manager not found
2023-10-23 17:47:25,069 file.ManagerServant INFO Master manager not found
2023-10-23 17:47:35,193 file.ManagerServant INFO Master manager not found
2023-10-23 17:47:45,185 file.ManagerServant INFO Master manager not found
2023-10-23 17:47:55,311 file.ManagerServant INFO Master manager not found
2023-10-23 17:48:05,302 file.ManagerServant INFO Master manager not found
2023-10-23 17:48:15,320 file.ManagerServant INFO Master manager not found
2023-10-23 17:48:25,389 file.ManagerServant INFO Master manager not found
2023-10-23 17:48:35,473 file.ManagerServant INFO Master manager not found
2023-10-23 17:48:45,587 file.ManagerServant INFO Master manager not found
2023-10-23 17:48:55,669 file.ManagerServant INFO Master manager not found
2023-10-23 17:49:05,810 file.ManagerServant INFO Master manager not found
2023-10-23 17:49:15,767 file.ManagerServant INFO Master manager not found
2023-10-23 17:49:25,912 file.ManagerServant INFO Master manager not found
2023-10-23 17:49:35,922 file.ManagerServant INFO Master manager not found
2023-10-23 17:49:45,911 file.ManagerServant INFO Master manager not found
2023-10-23 17:49:56,021 file.ManagerServant INFO Master manager not found
2023-10-23 17:50:06,031 file.ManagerServant INFO Master manager not found
2023-10-23 17:50:16,029 file.ManagerServant INFO Master manager not found
2023-10-23 17:50:26,081 file.ManagerServant INFO Master manager not found
2023-10-23 17:50:36,184 file.ManagerServant INFO Master manager not found
2023-10-23 17:50:46,203 file.ManagerServant INFO Master manager not found
2023-10-23 17:50:56,191 file.ManagerServant INFO Master manager not found
2023-10-23 17:51:06,201 file.ManagerServant INFO Master manager not found
2023-10-23 17:51:16,235 file.ManagerServant INFO Master manager not found
2023-10-23 17:51:26,228 file.ManagerServant INFO Master manager not found
2023-10-23 17:51:36,220 file.ManagerServant INFO Master manager not found
2023-10-23 17:51:46,363 file.ManagerServant INFO Master manager not found
2023-10-23 17:51:56,369 file.ManagerServant INFO Master manager not found
2023-10-23 17:52:06,340 file.ManagerServant INFO Master manager not found
2023-10-23 17:52:16,473 file.ManagerServant INFO Master manager not found
2023-10-23 17:52:26,489 file.ManagerServant INFO Master manager not found
2023-10-23 17:52:36,481 file.ManagerServant INFO Master manager not found
2023-10-23 17:52:46,458 file.ManagerServant INFO Master manager not found
2023-10-23 17:52:56,588 file.ManagerServant INFO Master manager not found
2023-10-23 17:53:06,590 file.ManagerServant INFO Master manager not found
2023-10-23 17:53:16,724 file.ManagerServant INFO Master manager not found
2023-10-23 17:53:26,720 file.ManagerServant INFO Master manager not found
2023-10-23 17:53:36,836 file.ManagerServant INFO Master manager not found
2023-10-23 17:53:46,967 file.ManagerServant INFO Master manager not found
2023-10-23 17:53:56,974 file.ManagerServant INFO Master manager not found
2023-10-23 17:54:06,969 file.ManagerServant INFO Master manager not found
2023-10-23 17:54:17,073 file.ManagerServant INFO Master manager not found
2023-10-23 17:54:27,167 file.ManagerServant INFO Master manager not found
2023-10-23 17:54:37,255 file.ManagerServant INFO Master manager not found
2023-10-23 17:54:47,379 file.ManagerServant INFO Master manager not found
2023-10-23 17:54:57,389 file.ManagerServant INFO Master manager not found
2023-10-23 17:55:07,410 file.ManagerServant INFO Master manager not found
2023-10-23 17:55:17,397 file.ManagerServant INFO Master manager not found
2023-10-23 17:55:27,510 file.ManagerServant INFO Master manager not found
2023-10-23 17:55:37,598 file.ManagerServant INFO Master manager not found
2023-10-23 17:55:47,698 file.ManagerServant INFO Master manager not found
2023-10-23 17:55:57,714 file.ManagerServant INFO Master manager not found
2023-10-23 17:56:07,692 file.ManagerServant INFO Master manager not found
2023-10-23 17:56:17,775 file.ManagerServant INFO Master manager not found
2023-10-23 17:56:27,884 file.ManagerServant INFO Master manager not found
2023-10-23 17:56:37,924 file.ManagerServant INFO Master manager not found
2023-10-23 17:56:47,905 file.ManagerServant INFO Master manager not found
2023-10-23 17:56:58,012 file.ManagerServant INFO Master manager not found
2023-10-23 17:57:08,126 file.ManagerServant INFO Master manager not found
2023-10-23 17:57:18,146 file.ManagerServant INFO Master manager not found
2023-10-23 17:57:28,165 file.ManagerServant INFO Master manager not found
2023-10-23 17:57:38,139 file.ManagerServant INFO Master manager not found
2023-10-23 17:57:48,246 file.ManagerServant INFO Master manager not found
2023-10-23 17:57:58,336 file.ManagerServant INFO Master manager not found
2023-10-23 17:58:08,455 file.ManagerServant INFO Master manager not found
2023-10-23 17:58:18,467 file.ManagerServant INFO Master manager not found
2023-10-23 17:58:28,575 file.ManagerServant INFO Master manager not found
2023-10-23 17:58:38,583 file.ManagerServant INFO Master manager not found
2023-10-23 17:58:48,583 file.ManagerServant INFO Master manager not found
2023-10-23 17:58:58,712 file.ManagerServant INFO Master manager not found
2023-10-23 17:59:08,723 file.ManagerServant INFO Master manager not found
2023-10-23 17:59:18,721 file.ManagerServant INFO Master manager not found
2023-10-23 17:59:28,747 file.ManagerServant INFO Master manager not found
2023-10-23 17:59:38,740 file.ManagerServant INFO Master manager not found
2023-10-23 17:59:48,851 file.ManagerServant INFO Master manager not found
2023-10-23 17:59:58,997 file.ManagerServant INFO Master manager not found
2023-10-23 18:00:08,981 file.ManagerServant INFO Master manager not found
2023-10-23 18:00:19,073 file.ManagerServant INFO Master manager not found
2023-10-23 18:00:29,196 file.ManagerServant INFO Master manager not found
2023-10-23 18:00:39,168 file.ManagerServant INFO Master manager not found
2023-10-23 18:00:49,276 file.ManagerServant INFO Master manager not found
2023-10-23 18:00:59,280 file.ManagerServant INFO Master manager not found
2023-10-23 18:01:09,261 file.ManagerServant INFO Master manager not found
2023-10-23 18:01:19,401 file.ManagerServant INFO Master manager not found
2023-10-23 18:01:29,399 file.ManagerServant INFO Master manager not found
2023-10-23 18:01:39,418 file.ManagerServant INFO Master manager not found
2023-10-23 18:01:49,393 file.ManagerServant INFO Master manager not found
2023-10-23 18:01:59,503 file.ManagerServant INFO Master manager not found
2023-10-23 18:02:09,635 file.ManagerServant INFO Master manager not found
2023-10-23 18:02:19,656 file.ManagerServant INFO Master manager not found
2023-10-23 18:02:29,651 file.ManagerServant INFO Master manager not found
2023-10-23 18:02:39,780 file.ManagerServant INFO Master manager not found
2023-10-23 18:02:49,782 file.ManagerServant INFO Master manager not found
2023-10-23 18:02:59,774 file.ManagerServant INFO Master manager not found
2023-10-23 18:03:09,893 file.ManagerServant INFO Master manager not found
2023-10-23 18:03:19,933 file.ManagerServant INFO Master manager not found
2023-10-23 18:03:29,947 file.ManagerServant INFO Master manager not found
2023-10-23 18:03:39,933 file.ManagerServant INFO Master manager not found
2023-10-23 18:03:50,033 file.ManagerServant INFO Master manager not found
2023-10-23 18:04:00,118 file.ManagerServant INFO Master manager not found
2023-10-23 18:04:10,241 file.ManagerServant INFO Master manager not found
2023-10-23 18:04:20,236 file.ManagerServant INFO Master manager not found
2023-10-23 18:04:30,243 file.ManagerServant INFO Master manager not found
2023-10-23 18:04:40,321 file.ManagerServant INFO Master manager not found
2023-10-23 18:04:50,453 file.ManagerServant INFO Master manager not found
2023-10-23 18:05:00,468 file.ManagerServant INFO Master manager not found
2023-10-23 18:05:10,472 file.ManagerServant INFO Master manager not found
2023-10-23 18:05:20,480 file.ManagerServant INFO Master manager not found
2023-10-23 18:05:30,579 file.ManagerServant INFO Master manager not found
2023-10-23 18:05:40,661 file.ManagerServant INFO Master manager not found
2023-10-23 18:05:50,739 file.ManagerServant INFO Master manager not found
2023-10-23 18:06:00,824 file.ManagerServant INFO Master manager not found
2023-10-23 18:06:10,927 file.ManagerServant INFO Master manager not found
2023-10-23 18:06:21,041 file.ManagerServant INFO Master manager not found
2023-10-23 18:06:31,163 file.ManagerServant INFO Master manager not found
2023-10-23 18:06:41,144 file.ManagerServant INFO Master manager not found
2023-10-23 18:06:51,253 file.ManagerServant INFO Master manager not found
2023-10-23 18:07:01,358 file.ManagerServant INFO Master manager not found
2023-10-23 18:07:11,445 file.ManagerServant INFO Master manager not found
2023-10-23 18:07:21,524 file.ManagerServant INFO Master manager not found
2023-10-23 18:07:31,585 file.ManagerServant INFO Master manager not found
2023-10-23 18:07:41,686 file.ManagerServant INFO Master manager not found
2023-10-23 18:07:51,774 file.ManagerServant INFO Master manager not found
2023-10-23 18:08:01,875 file.ManagerServant INFO Master manager not found
2023-10-23 18:08:12,006 file.ManagerServant INFO Master manager not found
2023-10-23 18:08:21,995 file.ManagerServant INFO Master manager not found
2023-10-23 18:08:32,073 file.ManagerServant INFO Master manager not found
2023-10-23 18:08:42,189 file.ManagerServant INFO Master manager not found
2023-10-23 18:08:52,175 file.ManagerServant INFO Master manager not found
2023-10-23 18:09:02,279 file.ManagerServant INFO Master manager not found
2023-10-23 18:09:12,364 file.ManagerServant INFO Master manager not found
2023-10-23 18:09:22,462 file.ManagerServant INFO Master manager not found
2023-10-23 18:09:32,515 file.ManagerServant INFO Master manager not found
2023-10-23 18:09:42,626 file.ManagerServant INFO Master manager not found
2023-10-23 18:09:52,708 file.ManagerServant INFO Master manager not found
2023-10-23 18:10:02,812 file.ManagerServant INFO Master manager not found
2023-10-23 18:10:12,910 file.ManagerServant INFO Master manager not found
2023-10-23 18:10:23,014 file.ManagerServant INFO Master manager not found
2023-10-23 18:10:33,129 file.ManagerServant INFO Master manager not found
2023-10-23 18:10:43,147 file.ManagerServant INFO Master manager not found
2023-10-23 18:10:53,131 file.ManagerServant INFO Master manager not found
2023-10-23 18:11:03,220 file.ManagerServant INFO Master manager not found
2023-10-23 18:11:13,343 file.ManagerServant INFO Master manager not found
2023-10-23 18:11:23,320 file.ManagerServant INFO Master manager not found
2023-10-23 18:11:33,414 file.ManagerServant INFO Master manager not found
2023-10-23 18:11:43,524 file.ManagerServant INFO Master manager not found
2023-10-23 18:11:53,631 file.ManagerServant INFO Master manager not found
2023-10-23 18:12:03,655 file.ManagerServant INFO Master manager not found
2023-10-23 18:12:13,663 file.ManagerServant INFO Master manager not found
2023-10-23 18:12:23,761 file.ManagerServant INFO Master manager not found
2023-10-23 18:12:33,837 file.ManagerServant INFO Master manager not found
2023-10-23 18:12:43,905 file.ManagerServant INFO Master manager not found
2023-10-23 18:12:54,000 file.ManagerServant INFO Master manager not found
2023-10-23 18:13:04,116 file.ManagerServant INFO Master manager not found
2023-10-23 18:13:14,218 file.ManagerServant INFO Master manager not found
2023-10-23 18:13:24,341 file.ManagerServant INFO Master manager not found
2023-10-23 18:13:34,319 file.ManagerServant INFO Master manager not found
2023-10-23 18:13:44,397 file.ManagerServant INFO Master manager not found
2023-10-23 18:13:54,478 file.ManagerServant INFO Master manager not found
2023-10-23 18:14:04,584 file.ManagerServant INFO Master manager not found
2023-10-23 18:14:14,610 file.ManagerServant INFO Master manager not found
2023-10-23 18:14:24,600 file.ManagerServant INFO Master manager not found
2023-10-23 18:14:34,672 file.ManagerServant INFO Master manager not found
2023-10-23 18:14:44,783 file.ManagerServant INFO Master manager not found
2023-10-23 18:14:54,864 file.ManagerServant INFO Master manager not found
2023-10-23 18:15:04,968 file.ManagerServant INFO Master manager not found
2023-10-23 18:15:15,098 file.ManagerServant INFO Master manager not found
2023-10-23 18:15:25,116 file.ManagerServant INFO Master manager not found
2023-10-23 18:15:35,136 file.ManagerServant INFO Master manager not found
2023-10-23 18:15:45,120 file.ManagerServant INFO Master manager not found
2023-10-23 18:15:55,229 file.ManagerServant INFO Master manager not found
2023-10-23 18:16:05,322 file.ManagerServant INFO Master manager not found
2023-10-23 18:16:15,430 file.ManagerServant INFO Master manager not found
2023-10-23 18:16:25,528 file.ManagerServant INFO Master manager not found
2023-10-23 18:16:35,614 file.ManagerServant INFO Master manager not found
2023-10-23 18:16:45,690 file.ManagerServant INFO Master manager not found
2023-10-23 18:16:55,774 file.ManagerServant INFO Master manager not found
2023-10-23 18:17:05,896 file.ManagerServant INFO Master manager not found
2023-10-23 18:17:15,911 file.ManagerServant INFO Master manager not found
2023-10-23 18:17:26,000 file.ManagerServant INFO Master manager not found
2023-10-23 18:17:36,080 file.ManagerServant INFO Master manager not found
2023-10-23 18:17:46,195 file.ManagerServant INFO Master manager not found
2023-10-23 18:17:56,184 file.ManagerServant INFO Master manager not found
2023-10-23 18:18:06,256 file.ManagerServant INFO Master manager not found
2023-10-23 18:18:16,340 file.ManagerServant INFO Master manager not found
2023-10-23 18:18:26,443 file.ManagerServant INFO Master manager not found
2023-10-23 18:18:36,554 file.ManagerServant INFO Master manager not found
2023-10-23 18:18:46,522 file.ManagerServant INFO Master manager not found
2023-10-23 18:18:56,621 file.ManagerServant INFO Master manager not found
2023-10-23 18:19:06,725 file.ManagerServant INFO Master manager not found
2023-10-23 18:19:16,819 file.ManagerServant INFO Master manager not found
2023-10-23 18:19:26,920 file.ManagerServant INFO Master manager not found
2023-10-23 18:19:37,034 file.ManagerServant INFO Master manager not found
2023-10-23 18:19:47,003 file.ManagerServant INFO Master manager not found
2023-10-23 18:19:57,075 file.ManagerServant INFO Master manager not found
2023-10-23 18:20:07,166 file.ManagerServant INFO Master manager not found
2023-10-23 18:20:17,225 file.ManagerServant INFO Master manager not found
2023-10-23 18:20:27,307 file.ManagerServant INFO Master manager not found
2023-10-23 18:20:37,405 file.ManagerServant INFO Master manager not found
2023-10-23 18:20:47,499 file.ManagerServant INFO Master manager not found
2023-10-23 18:20:57,567 file.ManagerServant INFO Master manager not found
2023-10-23 18:21:07,683 file.ManagerServant INFO Master manager not found
2023-10-23 18:21:17,678 file.ManagerServant INFO Master manager not found
2023-10-23 18:21:27,701 file.ManagerServant INFO Master manager not found
2023-10-23 18:21:37,822 file.ManagerServant INFO Master manager not found
2023-10-23 18:21:47,827 file.ManagerServant INFO Master manager not found
2023-10-23 18:21:57,825 file.ManagerServant INFO Master manager not found
2023-10-23 18:22:07,917 file.ManagerServant INFO Master manager not found
2023-10-23 18:22:18,016 file.ManagerServant INFO Master manager not found
2023-10-23 18:22:28,102 file.ManagerServant INFO Master manager not found
2023-10-23 18:22:38,196 file.ManagerServant INFO Master manager not found
2023-10-23 18:22:48,318 file.ManagerServant INFO Master manager not found
2023-10-23 18:22:58,272 file.ManagerServant INFO Master manager not found
2023-10-23 18:23:08,367 file.ManagerServant INFO Master manager not found
2023-10-23 18:23:18,470 file.ManagerServant INFO Master manager not found
2023-10-23 18:23:28,557 file.ManagerServant INFO Master manager not found
2023-10-23 18:23:38,631 file.ManagerServant INFO Master manager not found
2023-10-23 18:23:48,722 file.ManagerServant INFO Master manager not found
2023-10-23 18:23:58,851 file.ManagerServant INFO Master manager not found
2023-10-23 18:24:08,832 file.ManagerServant INFO Master manager not found
2023-10-23 18:24:18,824 file.ManagerServant INFO Master manager not found
2023-10-23 18:24:28,948 file.ManagerServant INFO Master manager not found
2023-10-23 18:24:38,908 file.ManagerServant INFO Master manager not found
2023-10-23 18:24:49,007 file.ManagerServant INFO Master manager not found
2023-10-23 18:24:59,102 file.ManagerServant INFO Master manager not found
2023-10-23 18:25:09,203 file.ManagerServant INFO Master manager not found
2023-10-23 18:25:19,283 file.ManagerServant INFO Master manager not found
2023-10-23 18:25:29,386 file.ManagerServant INFO Master manager not found
2023-10-23 18:25:39,475 file.ManagerServant INFO Master manager not found
2023-10-23 18:25:49,533 file.ManagerServant INFO Master manager not found
2023-10-23 18:25:59,627 file.ManagerServant INFO Master manager not found
2023-10-23 18:26:09,724 file.ManagerServant INFO Master manager not found
2023-10-23 18:26:19,819 file.ManagerServant INFO Master manager not found
2023-10-23 18:26:29,932 file.ManagerServant INFO Master manager not found
2023-10-23 18:26:39,936 file.ManagerServant INFO Master manager not found
2023-10-23 18:26:50,018 file.ManagerServant INFO Master manager not found
2023-10-23 18:27:00,098 file.ManagerServant INFO Master manager not found
2023-10-23 18:27:10,170 file.ManagerServant INFO Master manager not found
2023-10-23 18:27:20,252 file.ManagerServant INFO Master manager not found
2023-10-23 18:27:30,338 file.ManagerServant INFO Master manager not found
2023-10-23 18:27:40,419 file.ManagerServant INFO Master manager not found
2023-10-23 18:27:50,530 file.ManagerServant INFO Master manager not found
2023-10-23 18:28:00,633 file.ManagerServant INFO Master manager not found
2023-10-23 18:28:10,625 file.ManagerServant INFO Master manager not found
2023-10-23 18:28:20,740 file.ManagerServant INFO Master manager not found
2023-10-23 18:28:30,817 file.ManagerServant INFO Master manager not found
2023-10-23 18:28:40,921 file.ManagerServant INFO Master manager not found
2023-10-23 18:28:51,026 file.ManagerServant INFO Master manager not found
2023-10-23 18:29:01,122 file.ManagerServant INFO Master manager not found
2023-10-23 18:29:11,130 file.ManagerServant INFO Master manager not found
2023-10-23 18:29:21,118 file.ManagerServant INFO Master manager not found
2023-10-23 18:29:31,228 file.ManagerServant INFO Master manager not found
2023-10-23 18:29:41,314 file.ManagerServant INFO Master manager not found
2023-10-23 18:29:51,387 file.ManagerServant INFO Master manager not found
2023-10-23 18:30:01,451 file.ManagerServant INFO Master manager not found
2023-10-23 18:30:11,540 file.ManagerServant INFO Master manager not found
2023-10-23 18:30:21,641 file.ManagerServant INFO Master manager not found
2023-10-23 18:30:31,736 file.ManagerServant INFO Master manager not found
2023-10-23 18:30:41,800 file.ManagerServant INFO Master manager not found
2023-10-23 18:30:51,898 file.ManagerServant INFO Master manager not found
2023-10-23 18:31:02,007 file.ManagerServant INFO Master manager not found
2023-10-23 18:31:12,111 file.ManagerServant INFO Master manager not found
2023-10-23 18:31:22,195 file.ManagerServant INFO Master manager not found
2023-10-23 18:31:32,257 file.ManagerServant INFO Master manager not found
2023-10-23 18:31:42,373 file.ManagerServant INFO Master manager not found
2023-10-23 18:31:52,349 file.ManagerServant INFO Master manager not found
2023-10-23 18:32:02,444 file.ManagerServant INFO Master manager not found
2023-10-23 18:32:12,546 file.ManagerServant INFO Master manager not found
2023-10-23 18:32:22,638 file.ManagerServant INFO Master manager not found
2023-10-23 18:32:32,720 file.ManagerServant INFO Master manager not found
2023-10-23 18:32:42,799 file.ManagerServant INFO Master manager not found
2023-10-23 18:32:52,877 file.ManagerServant INFO Master manager not found
2023-10-23 18:33:02,999 file.ManagerServant INFO Master manager not found
2023-10-23 18:33:12,990 file.ManagerServant INFO Master manager not found
2023-10-23 18:33:23,088 file.ManagerServant INFO Master manager not found
2023-10-23 18:33:33,191 file.ManagerServant INFO Master manager not found
2023-10-23 18:33:43,275 file.ManagerServant INFO Master manager not found
2023-10-23 18:33:53,373 file.ManagerServant INFO Master manager not found
2023-10-23 18:34:03,479 file.ManagerServant INFO Master manager not found
2023-10-23 18:34:13,577 file.ManagerServant INFO Master manager not found
2023-10-23 18:34:23,688 file.ManagerServant INFO Master manager not found
2023-10-23 18:34:33,675 file.ManagerServant INFO Master manager not found
2023-10-23 18:34:43,778 file.ManagerServant INFO Master manager not found
2023-10-23 18:34:53,899 file.ManagerServant INFO Master manager not found
2023-10-23 18:35:03,952 file.ManagerServant INFO Master manager not found
2023-10-23 18:35:13,951 file.ManagerServant INFO Master manager not found
2023-10-23 18:35:24,080 file.ManagerServant INFO Master manager not found
2023-10-23 18:35:34,037 file.ManagerServant INFO Master manager not found
2023-10-23 18:35:44,125 file.ManagerServant INFO Master manager not found
2023-10-23 18:35:54,256 file.ManagerServant INFO Master manager not found
2023-10-23 18:36:04,232 file.ManagerServant INFO Master manager not found
2023-10-23 18:36:14,280 file.ManagerServant INFO Master manager not found
2023-10-23 18:36:24,395 file.ManagerServant INFO Master manager not found
2023-10-23 18:36:34,487 file.ManagerServant INFO Master manager not found
2023-10-23 18:36:44,592 file.ManagerServant INFO Master manager not found
2023-10-23 18:36:54,667 file.ManagerServant INFO Master manager not found
2023-10-23 18:37:04,775 file.ManagerServant INFO Master manager not found
2023-10-23 18:37:14,750 file.ManagerServant INFO Master manager not found
2023-10-23 18:37:24,878 file.ManagerServant INFO Master manager not found
2023-10-23 18:37:34,897 file.ManagerServant INFO Master manager not found
2023-10-23 18:37:44,926 file.ManagerServant INFO Master manager not found
2023-10-23 18:37:54,907 file.ManagerServant INFO Master manager not found
2023-10-23 18:38:05,000 file.ManagerServant INFO Master manager not found
2023-10-23 18:38:15,136 file.ManagerServant INFO Master manager not found
2023-10-23 18:38:25,122 file.ManagerServant INFO Master manager not found
2023-10-23 18:38:35,213 file.ManagerServant INFO Master manager not found
2023-10-23 18:38:45,202 file.ManagerServant INFO Master manager not found
2023-10-23 18:38:55,351 file.ManagerServant INFO Master manager not found
2023-10-23 18:39:05,355 file.ManagerServant INFO Master manager not found
2023-10-23 18:39:15,449 file.ManagerServant INFO Master manager not found
2023-10-23 18:39:25,540 file.ManagerServant INFO Master manager not found
2023-10-23 18:39:35,603 file.ManagerServant INFO Master manager not found
2023-10-23 18:39:45,707 file.ManagerServant INFO Master manager not found
2023-10-23 18:39:55,815 file.ManagerServant INFO Master manager not found
2023-10-23 18:40:05,945 file.ManagerServant INFO Master manager not found
2023-10-23 18:40:15,938 file.ManagerServant INFO Master manager not found
2023-10-23 18:40:25,941 file.ManagerServant INFO Master manager not found
2023-10-23 18:40:36,046 file.ManagerServant INFO Master manager not found
2023-10-23 18:40:46,115 file.ManagerServant INFO Master manager not found
2023-10-23 18:40:56,197 file.ManagerServant INFO Master manager not found
2023-10-23 18:41:06,276 file.ManagerServant INFO Master manager not found
2023-10-23 18:41:16,381 file.ManagerServant INFO Master manager not found
2023-10-23 18:41:26,465 file.ManagerServant INFO Master manager not found
2023-10-23 18:41:36,590 file.ManagerServant INFO Master manager not found
2023-10-23 18:41:46,569 file.ManagerServant INFO Master manager not found
2023-10-23 18:41:56,684 file.ManagerServant INFO Master manager not found
2023-10-23 18:42:06,662 file.ManagerServant INFO Master manager not found
2023-10-23 18:42:16,759 file.ManagerServant INFO Master manager not found
2023-10-23 18:42:26,745 file.ManagerServant INFO Master manager not found
2023-10-23 18:42:36,844 file.ManagerServant INFO Master manager not found
2023-10-23 18:42:46,855 file.ManagerServant INFO Master manager not found
2023-10-23 18:42:56,954 file.ManagerServant INFO Master manager not found
2023-10-23 18:43:07,062 file.ManagerServant INFO Master manager not found
2023-10-23 18:43:17,039 file.ManagerServant INFO Master manager not found
2023-10-23 18:43:27,151 file.ManagerServant INFO Master manager not found
2023-10-23 18:43:37,135 file.ManagerServant INFO Master manager not found
2023-10-23 18:43:47,256 file.ManagerServant INFO Master manager not found
2023-10-23 18:43:57,254 file.ManagerServant INFO Master manager not found
2023-10-23 18:44:07,354 file.ManagerServant INFO Master manager not found
2023-10-23 18:44:17,429 file.ManagerServant INFO Master manager not found
2023-10-23 18:44:27,518 file.ManagerServant INFO Master manager not found
2023-10-23 18:44:37,642 file.ManagerServant INFO Master manager not found
2023-10-23 18:44:47,638 file.ManagerServant INFO Master manager not found
2023-10-23 18:44:57,702 file.ManagerServant INFO Master manager not found
2023-10-23 18:45:07,761 file.ManagerServant INFO Master manager not found
2023-10-23 18:45:17,869 file.ManagerServant INFO Master manager not found
2023-10-23 18:45:27,954 file.ManagerServant INFO Master manager not found
2023-10-23 18:45:37,951 file.ManagerServant INFO Master manager not found
2023-10-23 18:45:48,086 file.ManagerServant INFO Master manager not found
2023-10-23 18:45:58,059 file.ManagerServant INFO Master manager not found
2023-10-23 18:46:08,142 file.ManagerServant INFO Master manager not found
2023-10-23 18:46:18,230 file.ManagerServant INFO Master manager not found
2023-10-23 18:46:28,296 file.ManagerServant INFO Master manager not found
2023-10-23 18:46:38,275 file.ManagerServant INFO Master manager not found
2023-10-23 18:46:48,353 file.ManagerServant INFO Master manager not found
2023-10-23 18:46:58,467 file.ManagerServant INFO Master manager not found
2023-10-23 18:47:08,422 file.ManagerServant INFO Master manager not found
2023-10-23 18:47:18,516 file.ManagerServant INFO Master manager not found
2023-10-23 18:47:28,622 file.ManagerServant INFO Master manager not found
2023-10-23 18:47:38,721 file.ManagerServant INFO Master manager not found
2023-10-23 18:47:48,812 file.ManagerServant INFO Master manager not found
2023-10-23 18:47:58,898 file.ManagerServant INFO Master manager not found
2023-10-23 18:48:08,951 file.ManagerServant INFO Master manager not found
2023-10-23 18:48:19,061 file.ManagerServant INFO Master manager not found
2023-10-23 18:48:29,066 file.ManagerServant INFO Master manager not found
2023-10-23 18:48:39,186 file.ManagerServant INFO Master manager not found
2023-10-23 18:48:49,175 file.ManagerServant INFO Master manager not found
2023-10-23 18:48:59,312 file.ManagerServant INFO Master manager not found
2023-10-23 18:49:09,286 file.ManagerServant INFO Master manager not found
2023-10-23 18:49:19,417 file.ManagerServant INFO Master manager not found
2023-10-23 18:49:29,405 file.ManagerServant INFO Master manager not found
2023-10-23 18:49:39,484 file.ManagerServant INFO Master manager not found
2023-10-23 18:49:49,575 file.ManagerServant INFO Master manager not found
2023-10-23 18:49:59,669 file.ManagerServant INFO Master manager not found
2023-10-23 18:50:09,743 file.ManagerServant INFO Master manager not found
2023-10-23 18:50:19,860 file.ManagerServant INFO Master manager not found
2023-10-23 18:50:29,849 file.ManagerServant INFO Master manager not found
2023-10-23 18:50:39,849 file.ManagerServant INFO Master manager not found
2023-10-23 18:50:49,947 file.ManagerServant INFO Master manager not found
2023-10-23 18:51:00,049 file.ManagerServant INFO Master manager not found
2023-10-23 18:51:10,164 file.ManagerServant INFO Master manager not found
2023-10-23 18:51:20,165 file.ManagerServant INFO Master manager not found
2023-10-23 18:51:30,265 file.ManagerServant INFO Master manager not found
2023-10-23 18:51:40,330 file.ManagerServant INFO Master manager not found
2023-10-23 18:51:50,386 file.ManagerServant INFO Master manager not found
2023-10-23 18:52:00,491 file.ManagerServant INFO Master manager not found
2023-10-23 18:52:10,466 file.ManagerServant INFO Master manager not found
2023-10-23 18:52:20,571 file.ManagerServant INFO Master manager not found
2023-10-23 18:52:30,678 file.ManagerServant INFO Master manager not found
2023-10-23 18:52:40,762 file.ManagerServant INFO Master manager not found
2023-10-23 18:52:50,835 file.ManagerServant INFO Master manager not found
2023-10-23 18:53:00,936 file.ManagerServant INFO Master manager not found
2023-10-23 18:53:11,069 file.ManagerServant INFO Master manager not found
2023-10-23 18:53:21,049 file.ManagerServant INFO Master manager not found
2023-10-23 18:53:31,126 file.ManagerServant INFO Master manager not found
2023-10-23 18:53:41,267 file.ManagerServant INFO Master manager not found
2023-10-23 18:53:51,248 file.ManagerServant INFO Master manager not found
2023-10-23 18:54:01,334 file.ManagerServant INFO Master manager not found
2023-10-23 18:54:11,463 file.ManagerServant INFO Master manager not found
2023-10-23 18:54:21,429 file.ManagerServant INFO Master manager not found
2023-10-23 18:54:31,506 file.ManagerServant INFO Master manager not found
2023-10-23 18:54:41,611 file.ManagerServant INFO Master manager not found
2023-10-23 18:54:51,711 file.ManagerServant INFO Master manager not found
2023-10-23 18:55:01,800 file.ManagerServant INFO Master manager not found
2023-10-23 18:55:11,843 file.ManagerServant INFO Master manager not found
2023-10-23 18:55:21,930 file.ManagerServant INFO Master manager not found
2023-10-23 18:55:32,044 file.ManagerServant INFO Master manager not found
2023-10-23 18:55:42,060 file.ManagerServant INFO Master manager not found
2023-10-23 18:55:52,056 file.ManagerServant INFO Master manager not found
2023-10-23 18:56:02,149 file.ManagerServant INFO Master manager not found
2023-10-23 18:56:12,150 file.ManagerServant INFO Master manager not found
2023-10-23 18:56:22,117 file.ManagerServant INFO Master manager not found
2023-10-23 18:56:32,238 file.ManagerServant INFO Master manager not found
2023-10-23 18:56:42,235 file.ManagerServant INFO Master manager not found
2023-10-23 18:56:52,327 file.ManagerServant INFO Master manager not found
2023-10-23 18:57:02,403 file.ManagerServant INFO Master manager not found
2023-10-23 18:57:37,192 file.ManagerServant INFO Master manager not found
2023-10-23 18:57:47,252 file.ManagerServant INFO Master manager not found
2023-10-23 18:57:57,353 file.ManagerServant INFO Master manager not found
2023-10-23 18:58:07,394 file.ManagerServant INFO Master manager not found
2023-10-23 18:58:17,482 file.ManagerServant INFO Master manager not found
2023-10-23 18:58:27,524 file.ManagerServant INFO Master manager not found
2023-10-23 18:58:37,606 file.ManagerServant INFO Master manager not found
2023-10-23 18:58:47,698 file.ManagerServant INFO Master manager not found
2023-10-23 18:58:57,797 file.ManagerServant INFO Master manager not found
2023-10-23 18:59:07,894 file.ManagerServant INFO Master manager not found
2023-10-23 18:59:18,017 file.ManagerServant INFO Master manager not found
2023-10-23 18:59:28,085 file.ManagerServant INFO Master manager not found
2023-10-23 18:59:38,213 file.ManagerServant INFO Master manager not found
2023-10-23 18:59:48,206 file.ManagerServant INFO Master manager not found
2023-10-23 18:59:58,272 file.ManagerServant INFO Master manager not found
2023-10-23 19:00:08,378 file.ManagerServant INFO Master manager not found
2023-10-23 19:00:18,466 file.ManagerServant INFO Master manager not found
2023-10-23 19:00:28,535 file.ManagerServant INFO Master manager not found
2023-10-23 19:00:38,649 file.ManagerServant INFO Master manager not found
2023-10-23 19:00:48,647 file.ManagerServant INFO Master manager not found
2023-10-23 19:00:58,639 file.ManagerServant INFO Master manager not found
2023-10-23 19:01:08,722 file.ManagerServant INFO Master manager not found
2023-10-23 19:01:18,824 file.ManagerServant INFO Master manager not found
2023-10-23 19:01:28,946 file.ManagerServant INFO Master manager not found
2023-10-23 19:01:38,963 file.ManagerServant INFO Master manager not found
2023-10-23 19:01:48,922 file.ManagerServant INFO Master manager not found
2023-10-23 19:01:59,038 file.ManagerServant INFO Master manager not found
2023-10-23 19:02:09,143 file.ManagerServant INFO Master manager not found
2023-10-23 19:02:19,126 file.ManagerServant INFO Master manager not found
2023-10-23 19:02:29,225 file.ManagerServant INFO Master manager not found
2023-10-23 19:02:39,301 file.ManagerServant INFO Master manager not found
2023-10-23 19:02:49,406 file.ManagerServant INFO Master manager not found
2023-10-23 19:02:59,493 file.ManagerServant INFO Master manager not found
2023-10-23 19:03:09,586 file.ManagerServant INFO Master manager not found
2023-10-23 19:03:19,701 file.ManagerServant INFO Master manager not found
2023-10-23 19:03:29,679 file.ManagerServant INFO Master manager not found
2023-10-23 19:03:39,795 file.ManagerServant INFO Master manager not found
2023-10-23 19:03:49,781 file.ManagerServant INFO Master manager not found
2023-10-23 19:03:59,853 file.ManagerServant INFO Master manager not found
2023-10-23 19:04:09,928 file.ManagerServant INFO Master manager not found
2023-10-23 19:04:19,996 file.ManagerServant INFO Master manager not found
2023-10-23 19:04:30,085 file.ManagerServant INFO Master manager not found
2023-10-23 19:04:40,168 file.ManagerServant INFO Master manager not found
2023-10-23 19:04:50,267 file.ManagerServant INFO Master manager not found
2023-10-23 19:05:00,263 file.ManagerServant INFO Master manager not found
2023-10-23 19:05:10,372 file.ManagerServant INFO Master manager not found
2023-10-23 19:05:20,355 file.ManagerServant INFO Master manager not found
2023-10-23 19:05:30,428 file.ManagerServant INFO Master manager not found
2023-10-23 19:05:40,503 file.ManagerServant INFO Master manager not found
2023-10-23 19:05:50,579 file.ManagerServant INFO Master manager not found
2023-10-23 19:06:00,666 file.ManagerServant INFO Master manager not found
2023-10-23 19:06:10,780 file.ManagerServant INFO Master manager not found
2023-10-23 19:06:20,766 file.ManagerServant INFO Master manager not found
2023-10-23 19:06:30,887 file.ManagerServant INFO Master manager not found
2023-10-23 19:06:40,880 file.ManagerServant INFO Master manager not found
2023-10-23 19:06:50,937 file.ManagerServant INFO Master manager not found
2023-10-23 19:07:01,021 file.ManagerServant INFO Master manager not found
2023-10-23 19:07:11,098 file.ManagerServant INFO Master manager not found
2023-10-23 19:07:21,214 file.ManagerServant INFO Master manager not found
2023-10-23 19:07:31,294 file.ManagerServant INFO Master manager not found
2023-10-23 19:07:41,428 file.ManagerServant INFO Master manager not found
2023-10-23 19:07:51,445 file.ManagerServant INFO Master manager not found
2023-10-23 19:08:01,438 file.ManagerServant INFO Master manager not found
2023-10-23 19:08:11,550 file.ManagerServant INFO Master manager not found
2023-10-23 19:08:21,504 file.ManagerServant INFO Master manager not found
2023-10-23 19:08:31,590 file.ManagerServant INFO Master manager not found
2023-10-23 19:08:41,678 file.ManagerServant INFO Master manager not found
2023-10-23 19:08:51,773 file.ManagerServant INFO Master manager not found
2023-10-23 19:09:01,882 file.ManagerServant INFO Master manager not found
2023-10-23 19:09:11,854 file.ManagerServant INFO Master manager not found
2023-10-23 19:09:21,969 file.ManagerServant INFO Master manager not found
2023-10-23 19:09:32,100 file.ManagerServant INFO Master manager not found
2023-10-23 19:09:42,097 file.ManagerServant INFO Master manager not found
2023-10-23 19:09:52,193 file.ManagerServant INFO Master manager not found
2023-10-23 19:10:02,297 file.ManagerServant INFO Master manager not found
2023-10-23 19:10:12,418 file.ManagerServant INFO Master manager not found
2023-10-23 19:10:22,421 file.ManagerServant INFO Master manager not found
2023-10-23 19:10:32,401 file.ManagerServant INFO Master manager not found
2023-10-23 19:10:42,457 file.ManagerServant INFO Master manager not found
2023-10-23 19:10:52,547 file.ManagerServant INFO Master manager not found
2023-10-23 19:11:02,609 file.ManagerServant INFO Master manager not found
2023-10-23 19:11:12,732 file.ManagerServant INFO Master manager not found
2023-10-23 19:11:22,738 file.ManagerServant INFO Master manager not found
2023-10-23 19:11:32,751 file.ManagerServant INFO Master manager not found
2023-10-23 19:11:42,732 file.ManagerServant INFO Master manager not found
2023-10-23 19:11:52,777 file.ManagerServant INFO Master manager not found
2023-10-23 19:12:02,875 file.ManagerServant INFO Master manager not found
2023-10-23 19:12:12,992 file.ManagerServant INFO Master manager not found
2023-10-23 19:12:22,966 file.ManagerServant INFO Master manager not found
2023-10-23 19:12:33,056 file.ManagerServant INFO Master manager not found
2023-10-23 19:12:43,164 file.ManagerServant INFO Master manager not found
2023-10-23 19:12:53,137 file.ManagerServant INFO Master manager not found
2023-10-23 19:13:03,218 file.ManagerServant INFO Master manager not found
2023-10-23 19:13:13,335 file.ManagerServant INFO Master manager not found
2023-10-23 19:13:23,431 file.ManagerServant INFO Master manager not found
2023-10-23 19:13:33,517 file.ManagerServant INFO Master manager not found
2023-10-23 19:13:43,615 file.ManagerServant INFO Master manager not found
2023-10-23 19:13:53,700 file.ManagerServant INFO Master manager not found
2023-10-23 19:14:03,774 file.ManagerServant INFO Master manager not found
2023-10-23 19:14:13,836 file.ManagerServant INFO Master manager not found
2023-10-23 19:14:23,893 file.ManagerServant INFO Master manager not found
2023-10-23 19:14:34,010 file.ManagerServant INFO Master manager not found
2023-10-23 19:14:44,032 file.ManagerServant INFO Master manager not found
2023-10-23 19:14:54,115 file.ManagerServant INFO Master manager not found
2023-10-23 19:15:04,217 file.ManagerServant INFO Master manager not found
2023-10-23 19:15:14,279 file.ManagerServant INFO Master manager not found
2023-10-23 19:15:24,395 file.ManagerServant INFO Master manager not found
2023-10-23 19:15:34,467 file.ManagerServant INFO Master manager not found
2023-10-23 19:15:44,555 file.ManagerServant INFO Master manager not found
2023-10-23 19:15:54,605 file.ManagerServant INFO Master manager not found
2023-10-23 19:16:04,721 file.ManagerServant INFO Master manager not found
2023-10-23 19:16:14,772 file.ManagerServant INFO Master manager not found
2023-10-23 19:16:24,879 file.ManagerServant INFO Master manager not found
2023-10-23 19:16:34,862 file.ManagerServant INFO Master manager not found
2023-10-23 19:16:44,979 file.ManagerServant INFO Master manager not found
2023-10-23 19:16:55,083 file.ManagerServant INFO Master manager not found
2023-10-23 19:17:05,088 file.ManagerServant INFO Master manager not found
2023-10-23 19:17:15,146 file.ManagerServant INFO Master manager not found
2023-10-23 19:17:25,247 file.ManagerServant INFO Master manager not found
2023-10-23 19:17:35,353 file.ManagerServant INFO Master manager not found
2023-10-23 19:17:45,454 file.ManagerServant INFO Master manager not found
2023-10-23 19:17:55,451 file.ManagerServant INFO Master manager not found
2023-10-23 19:18:05,466 file.ManagerServant INFO Master manager not found
2023-10-23 19:18:15,414 file.ManagerServant INFO Master manager not found
2023-10-23 19:18:25,482 file.ManagerServant INFO Master manager not found
2023-10-23 19:18:35,558 file.ManagerServant INFO Master manager not found
2023-10-23 19:18:45,653 file.ManagerServant INFO Master manager not found
2023-10-23 19:18:55,718 file.ManagerServant INFO Master manager not found
2023-10-23 19:19:05,817 file.ManagerServant INFO Master manager not found
2023-10-23 19:19:15,927 file.ManagerServant INFO Master manager not found
2023-10-23 19:19:26,020 file.ManagerServant INFO Master manager not found
2023-10-23 19:19:36,134 file.ManagerServant INFO Master manager not found
2023-10-23 19:19:46,211 file.ManagerServant INFO Master manager not found
2023-10-23 19:19:56,312 file.ManagerServant INFO Master manager not found
2023-10-23 19:20:06,416 file.ManagerServant INFO Master manager not found
2023-10-23 19:20:16,565 file.ManagerServant INFO Master manager not found
2023-10-23 19:20:26,568 file.ManagerServant INFO Master manager not found
2023-10-23 19:20:36,651 file.ManagerServant INFO Master manager not found
2023-10-23 19:20:46,705 file.ManagerServant INFO Master manager not found
2023-10-23 19:20:56,780 file.ManagerServant INFO Master manager not found
2023-10-23 19:21:06,900 file.ManagerServant INFO Master manager not found
2023-10-23 19:21:16,886 file.ManagerServant INFO Master manager not found
2023-10-23 19:21:26,990 file.ManagerServant INFO Master manager not found
2023-10-23 19:21:37,071 file.ManagerServant INFO Master manager not found
2023-10-23 19:21:47,169 file.ManagerServant INFO Master manager not found
2023-10-23 19:21:57,222 file.ManagerServant INFO Master manager not found
2023-10-23 19:22:07,334 file.ManagerServant INFO Master manager not found
2023-10-23 19:22:17,307 file.ManagerServant INFO Master manager not found
2023-10-23 19:22:27,417 file.ManagerServant INFO Master manager not found
2023-10-23 19:22:37,437 file.ManagerServant INFO Master manager not found
2023-10-23 19:22:47,410 file.ManagerServant INFO Master manager not found
2023-10-23 19:22:57,497 file.ManagerServant INFO Master manager not found
2023-10-23 19:23:07,594 file.ManagerServant INFO Master manager not found
2023-10-23 19:23:17,689 file.ManagerServant INFO Master manager not found
2023-10-23 19:23:27,711 file.ManagerServant INFO Master manager not found
2023-10-23 19:23:37,841 file.ManagerServant INFO Master manager not found
2023-10-23 19:23:47,806 file.ManagerServant INFO Master manager not found
2023-10-23 19:23:57,915 file.ManagerServant INFO Master manager not found
2023-10-23 19:24:07,905 file.ManagerServant INFO Master manager not found
2023-10-23 19:24:17,969 file.ManagerServant INFO Master manager not found
2023-10-23 19:24:28,097 file.ManagerServant INFO Master manager not found
2023-10-23 19:24:38,106 file.ManagerServant INFO Master manager not found
2023-10-23 19:24:48,077 file.ManagerServant INFO Master manager not found
2023-10-23 19:24:58,187 file.ManagerServant INFO Master manager not found
2023-10-23 19:25:08,173 file.ManagerServant INFO Master manager not found
2023-10-23 19:25:18,267 file.ManagerServant INFO Master manager not found
2023-10-23 19:25:28,341 file.ManagerServant INFO Master manager not found
2023-10-23 19:25:38,440 file.ManagerServant INFO Master manager not found
2023-10-23 19:25:48,522 file.ManagerServant INFO Master manager not found
2023-10-23 19:25:58,595 file.ManagerServant INFO Master manager not found
2023-10-23 19:26:08,718 file.ManagerServant INFO Master manager not found
2023-10-23 19:26:18,719 file.ManagerServant INFO Master manager not found
2023-10-23 19:26:28,709 file.ManagerServant INFO Master manager not found
2023-10-23 19:26:38,794 file.ManagerServant INFO Master manager not found
2023-10-23 19:26:48,886 file.ManagerServant INFO Master manager not found
2023-10-23 19:26:58,985 file.ManagerServant INFO Master manager not found
2023-10-23 19:27:09,068 file.ManagerServant INFO Master manager not found
2023-10-23 19:27:19,115 file.ManagerServant INFO Master manager not found
2023-10-23 19:27:29,175 file.ManagerServant INFO Master manager not found
2023-10-23 19:27:39,256 file.ManagerServant INFO Master manager not found
2023-10-23 19:27:49,353 file.ManagerServant INFO Master manager not found
2023-10-23 19:27:59,461 file.ManagerServant INFO Master manager not found
2023-10-23 19:28:09,482 file.ManagerServant INFO Master manager not found
2023-10-23 19:28:19,478 file.ManagerServant INFO Master manager not found
2023-10-23 19:28:29,565 file.ManagerServant INFO Master manager not found
2023-10-23 19:28:39,639 file.ManagerServant INFO Master manager not found
2023-10-23 19:28:49,748 file.ManagerServant INFO Master manager not found
2023-10-23 19:28:59,844 file.ManagerServant INFO Master manager not found
2023-10-23 19:29:09,926 file.ManagerServant INFO Master manager not found
2023-10-23 19:29:20,016 file.ManagerServant INFO Master manager not found
2023-10-23 19:29:30,137 file.ManagerServant INFO Master manager not found
2023-10-23 19:29:40,129 file.ManagerServant INFO Master manager not found
2023-10-23 19:29:50,111 file.ManagerServant INFO Master manager not found
2023-10-23 19:30:00,169 file.ManagerServant INFO Master manager not found
2023-10-23 19:30:10,283 file.ManagerServant INFO Master manager not found
2023-10-23 19:30:20,273 file.ManagerServant INFO Master manager not found
2023-10-23 19:30:30,356 file.ManagerServant INFO Master manager not found
2023-10-23 19:30:40,472 file.ManagerServant INFO Master manager not found
2023-10-23 19:30:50,461 file.ManagerServant INFO Master manager not found
2023-10-23 19:31:00,566 file.ManagerServant INFO Master manager not found
2023-10-23 19:31:10,546 file.ManagerServant INFO Master manager not found
2023-10-23 19:31:20,628 file.ManagerServant INFO Master manager not found
2023-10-23 19:31:30,726 file.ManagerServant INFO Master manager not found
2023-10-23 19:31:40,842 file.ManagerServant INFO Master manager not found
2023-10-23 19:31:50,844 file.ManagerServant INFO Master manager not found
2023-10-23 19:32:00,850 file.ManagerServant INFO Master manager not found
2023-10-23 19:32:10,855 file.ManagerServant INFO Master manager not found
2023-10-23 19:32:20,852 file.ManagerServant INFO Master manager not found
2023-10-23 19:32:30,954 file.ManagerServant INFO Master manager not found
2023-10-23 19:32:41,062 file.ManagerServant INFO Master manager not found
2023-10-23 19:32:51,154 file.ManagerServant INFO Master manager not found
2023-10-23 19:33:01,281 file.ManagerServant INFO Master manager not found
2023-10-23 19:33:11,281 file.ManagerServant INFO Master manager not found
2023-10-23 19:33:21,254 file.ManagerServant INFO Master manager not found
2023-10-23 19:33:31,319 file.ManagerServant INFO Master manager not found
2023-10-23 19:33:41,416 file.ManagerServant INFO Master manager not found
2023-10-23 19:33:51,520 file.ManagerServant INFO Master manager not found
2023-10-23 19:34:01,605 file.ManagerServant INFO Master manager not found
2023-10-23 19:34:11,675 file.ManagerServant INFO Master manager not found
2023-10-23 19:34:21,721 file.ManagerServant INFO Master manager not found
2023-10-23 19:34:31,845 file.ManagerServant INFO Master manager not found
2023-10-23 19:34:41,813 file.ManagerServant INFO Master manager not found
2023-10-23 19:34:51,907 file.ManagerServant INFO Master manager not found
2023-10-23 19:35:02,032 file.ManagerServant INFO Master manager not found
2023-10-23 19:35:12,140 file.ManagerServant INFO Master manager not found
2023-10-23 19:35:22,172 file.ManagerServant INFO Master manager not found
2023-10-23 19:35:32,251 file.ManagerServant INFO Master manager not found
2023-10-23 19:35:42,349 file.ManagerServant INFO Master manager not found
2023-10-23 19:35:52,437 file.ManagerServant INFO Master manager not found
2023-10-23 19:36:02,530 file.ManagerServant INFO Master manager not found
2023-10-23 19:36:12,601 file.ManagerServant INFO Master manager not found
2023-10-23 19:36:22,587 file.ManagerServant INFO Master manager not found
2023-10-23 19:36:32,682 file.ManagerServant INFO Master manager not found
2023-10-23 19:36:42,793 file.ManagerServant INFO Master manager not found
2023-10-23 19:36:52,752 file.ManagerServant INFO Master manager not found
2023-10-23 19:37:02,797 file.ManagerServant INFO Master manager not found
2023-10-23 19:37:12,859 file.ManagerServant INFO Master manager not found
2023-10-23 19:37:22,951 file.ManagerServant INFO Master manager not found
2023-10-23 19:37:33,046 file.ManagerServant INFO Master manager not found
2023-10-23 19:37:43,152 file.ManagerServant INFO Master manager not found
2023-10-23 19:37:53,209 file.ManagerServant INFO Master manager not found
2023-10-23 19:38:03,292 file.ManagerServant INFO Master manager not found
2023-10-23 19:38:13,332 file.ManagerServant INFO Master manager not found
2023-10-23 19:38:23,404 file.ManagerServant INFO Master manager not found
2023-10-23 19:38:33,455 file.ManagerServant INFO Master manager not found
2023-10-23 19:38:43,549 file.ManagerServant INFO Master manager not found
2023-10-23 19:38:53,520 file.ManagerServant INFO Master manager not found
2023-10-23 19:39:03,652 file.ManagerServant INFO Master manager not found
2023-10-23 19:39:13,733 file.ManagerServant INFO Master manager not found
2023-10-23 19:39:23,807 file.ManagerServant INFO Master manager not found
2023-10-23 19:39:33,807 file.ManagerServant INFO Master manager not found
2023-10-23 19:39:43,895 file.ManagerServant INFO Master manager not found
2023-10-23 19:39:53,973 file.ManagerServant INFO Master manager not found
2023-10-23 19:40:04,064 file.ManagerServant INFO Master manager not found
2023-10-23 19:40:14,133 file.ManagerServant INFO Master manager not found
2023-10-23 19:40:24,242 file.ManagerServant INFO Master manager not found
2023-10-23 19:40:34,317 file.ManagerServant INFO Master manager not found
2023-10-23 19:40:44,391 file.ManagerServant INFO Master manager not found
2023-10-23 19:40:54,463 file.ManagerServant INFO Master manager not found
2023-10-23 19:41:04,525 file.ManagerServant INFO Master manager not found
2023-10-23 19:41:14,654 file.ManagerServant INFO Master manager not found
2023-10-23 19:41:24,653 file.ManagerServant INFO Master manager not found
2023-10-23 19:41:34,741 file.ManagerServant INFO Master manager not found
2023-10-23 19:41:44,822 file.ManagerServant INFO Master manager not found
2023-10-23 19:41:54,874 file.ManagerServant INFO Master manager not found
2023-10-23 19:42:04,972 file.ManagerServant INFO Master manager not found
2023-10-23 19:42:15,078 file.ManagerServant INFO Master manager not found
2023-10-23 19:42:25,168 file.ManagerServant INFO Master manager not found
2023-10-23 19:42:35,266 file.ManagerServant INFO Master manager not found
2023-10-23 19:42:45,259 file.ManagerServant INFO Master manager not found
2023-10-23 19:42:55,348 file.ManagerServant INFO Master manager not found
2023-10-23 19:43:05,408 file.ManagerServant INFO Master manager not found
2023-10-23 19:43:15,471 file.ManagerServant INFO Master manager not found
2023-10-23 19:43:25,564 file.ManagerServant INFO Master manager not found
2023-10-23 19:43:35,559 file.ManagerServant INFO Master manager not found
2023-10-23 19:43:45,558 file.ManagerServant INFO Master manager not found
2023-10-23 19:43:55,667 file.ManagerServant INFO Master manager not found
2023-10-23 19:44:05,750 file.ManagerServant INFO Master manager not found
2023-10-23 19:44:15,840 file.ManagerServant INFO Master manager not found
2023-10-23 19:44:25,941 file.ManagerServant INFO Master manager not found
2023-10-23 19:44:36,037 file.ManagerServant INFO Master manager not found
2023-10-23 19:44:46,132 file.ManagerServant INFO Master manager not found
2023-10-23 19:44:56,227 file.ManagerServant INFO Master manager not found
2023-10-23 19:45:06,305 file.ManagerServant INFO Master manager not found
2023-10-23 19:45:16,338 file.ManagerServant INFO Master manager not found
2023-10-23 19:45:26,334 file.ManagerServant INFO Master manager not found
2023-10-23 19:45:36,384 file.ManagerServant INFO Master manager not found
2023-10-23 19:45:46,445 file.ManagerServant INFO Master manager not found
2023-10-23 19:45:56,450 file.ManagerServant INFO Master manager not found
2023-10-23 19:46:06,459 file.ManagerServant INFO Master manager not found
2023-10-23 19:46:16,561 file.ManagerServant INFO Master manager not found
2023-10-23 19:46:26,646 file.ManagerServant INFO Master manager not found
2023-10-23 19:46:36,748 file.ManagerServant INFO Master manager not found
2023-10-23 19:46:46,869 file.ManagerServant INFO Master manager not found
2023-10-23 19:46:56,865 file.ManagerServant INFO Master manager not found
2023-10-23 19:47:06,837 file.ManagerServant INFO Master manager not found
2023-10-23 19:47:16,935 file.ManagerServant INFO Master manager not found
2023-10-23 19:47:27,020 file.ManagerServant INFO Master manager not found
2023-10-23 19:47:37,097 file.ManagerServant INFO Master manager not found
2023-10-23 19:47:47,199 file.ManagerServant INFO Master manager not found
2023-10-23 19:47:57,292 file.ManagerServant INFO Master manager not found
2023-10-23 19:48:07,408 file.ManagerServant INFO Master manager not found
2023-10-23 19:48:17,416 file.ManagerServant INFO Master manager not found
2023-10-23 19:48:27,427 file.ManagerServant INFO Master manager not found
2023-10-23 19:48:37,437 file.ManagerServant INFO Master manager not found
2023-10-23 19:48:47,416 file.ManagerServant INFO Master manager not found
2023-10-23 19:48:57,523 file.ManagerServant INFO Master manager not found
2023-10-23 19:49:07,614 file.ManagerServant INFO Master manager not found
2023-10-23 19:49:17,651 file.ManagerServant INFO Master manager not found
2023-10-23 19:49:27,654 file.ManagerServant INFO Master manager not found
2023-10-23 19:49:37,728 file.ManagerServant INFO Master manager not found
2023-10-23 19:49:47,834 file.ManagerServant INFO Master manager not found
2023-10-23 19:49:57,917 file.ManagerServant INFO Master manager not found
2023-10-23 19:50:07,932 file.ManagerServant INFO Master manager not found
2023-10-23 19:50:18,042 file.ManagerServant INFO Master manager not found
2023-10-23 19:50:28,122 file.ManagerServant INFO Master manager not found
2023-10-23 19:50:38,212 file.ManagerServant INFO Master manager not found
2023-10-23 19:50:48,324 file.ManagerServant INFO Master manager not found
2023-10-23 19:50:58,316 file.ManagerServant INFO Master manager not found
2023-10-23 19:51:08,421 file.ManagerServant INFO Master manager not found
2023-10-23 19:51:18,496 file.ManagerServant INFO Master manager not found
2023-10-23 19:51:28,599 file.ManagerServant INFO Master manager not found
2023-10-23 19:51:38,697 file.ManagerServant INFO Master manager not found
2023-10-23 19:51:48,782 file.ManagerServant INFO Master manager not found
2023-10-23 19:51:58,896 file.ManagerServant INFO Master manager not found
2023-10-23 19:52:08,906 file.ManagerServant INFO Master manager not found
2023-10-23 19:52:18,988 file.ManagerServant INFO Master manager not found
2023-10-23 19:52:29,113 file.ManagerServant INFO Master manager not found
2023-10-23 19:52:39,107 file.ManagerServant INFO Master manager not found
2023-10-23 19:52:49,193 file.ManagerServant INFO Master manager not found
2023-10-23 19:52:59,326 file.ManagerServant INFO Master manager not found
2023-10-23 19:53:09,313 file.ManagerServant INFO Master manager not found
2023-10-23 19:53:19,389 file.ManagerServant INFO Master manager not found
2023-10-23 19:53:29,479 file.ManagerServant INFO Master manager not found
2023-10-23 19:53:39,576 file.ManagerServant INFO Master manager not found
2023-10-23 19:53:49,679 file.ManagerServant INFO Master manager not found
2023-10-23 19:53:59,712 file.ManagerServant INFO Master manager not found
2023-10-23 19:54:09,695 file.ManagerServant INFO Master manager not found
2023-10-23 19:54:19,793 file.ManagerServant INFO Master manager not found
2023-10-23 19:54:29,900 file.ManagerServant INFO Master manager not found
2023-10-23 19:54:40,000 file.ManagerServant INFO Master manager not found
2023-10-23 19:54:49,996 file.ManagerServant INFO Master manager not found
2023-10-23 19:55:00,114 file.ManagerServant INFO Master manager not found
2023-10-23 19:55:10,182 file.ManagerServant INFO Master manager not found
2023-10-23 19:55:20,303 file.ManagerServant INFO Master manager not found
2023-10-23 19:55:30,297 file.ManagerServant INFO Master manager not found
2023-10-23 19:55:40,313 file.ManagerServant INFO Master manager not found
2023-10-23 19:55:50,327 file.ManagerServant INFO Master manager not found
2023-10-23 19:56:00,331 file.ManagerServant INFO Master manager not found
2023-10-23 19:56:10,326 file.ManagerServant INFO Master manager not found
2023-10-23 19:56:20,310 file.ManagerServant INFO Master manager not found
2023-10-23 19:56:30,416 file.ManagerServant INFO Master manager not found
2023-10-23 19:56:40,413 file.ManagerServant INFO Master manager not found
2023-10-23 19:56:50,517 file.ManagerServant INFO Master manager not found
2023-10-23 19:57:00,537 file.ManagerServant INFO Master manager not found
2023-10-23 19:57:10,537 file.ManagerServant INFO Master manager not found
2023-10-23 19:57:20,633 file.ManagerServant INFO Master manager not found
2023-10-23 19:57:30,706 file.ManagerServant INFO Master manager not found
2023-10-23 19:57:40,807 file.ManagerServant INFO Master manager not found
2023-10-23 19:57:50,882 file.ManagerServant INFO Master manager not found
2023-10-23 19:58:00,994 file.ManagerServant INFO Master manager not found
2023-10-23 19:58:11,086 file.ManagerServant INFO Master manager not found
2023-10-23 19:58:21,208 file.ManagerServant INFO Master manager not found
2023-10-23 19:58:31,191 file.ManagerServant INFO Master manager not found
2023-10-23 19:58:41,251 file.ManagerServant INFO Master manager not found
2023-10-23 19:58:51,333 file.ManagerServant INFO Master manager not found
2023-10-23 19:59:01,411 file.ManagerServant INFO Master manager not found
2023-10-23 19:59:11,527 file.ManagerServant INFO Master manager not found
2023-10-23 19:59:21,517 file.ManagerServant INFO Master manager not found
2023-10-23 19:59:31,530 file.ManagerServant INFO Master manager not found
2023-10-23 19:59:41,552 file.ManagerServant INFO Master manager not found
2023-10-23 19:59:51,551 file.ManagerServant INFO Master manager not found
2023-10-23 20:00:01,660 file.ManagerServant INFO Master manager not found
2023-10-23 20:00:11,760 file.ManagerServant INFO Master manager not found
2023-10-23 20:00:21,845 file.ManagerServant INFO Master manager not found
2023-10-23 20:00:31,943 file.ManagerServant INFO Master manager not found
2023-10-23 20:00:42,052 file.ManagerServant INFO Master manager not found
2023-10-23 20:00:52,053 file.ManagerServant INFO Master manager not found
2023-10-23 20:01:02,172 file.ManagerServant INFO Master manager not found
2023-10-23 20:01:12,183 file.ManagerServant INFO Master manager not found
2023-10-23 20:01:22,146 file.ManagerServant INFO Master manager not found
2023-10-23 20:01:32,278 file.ManagerServant INFO Master manager not found
2023-10-23 20:01:42,309 file.ManagerServant INFO Master manager not found
2023-10-23 20:01:52,308 file.ManagerServant INFO Master manager not found
2023-10-23 20:02:02,422 file.ManagerServant INFO Master manager not found
2023-10-23 20:02:12,416 file.ManagerServant INFO Master manager not found
2023-10-23 20:02:22,509 file.ManagerServant INFO Master manager not found
2023-10-23 20:02:32,605 file.ManagerServant INFO Master manager not found
2023-10-23 20:02:42,711 file.ManagerServant INFO Master manager not found
2023-10-23 20:02:52,838 file.ManagerServant INFO Master manager not found
2023-10-23 20:03:02,826 file.ManagerServant INFO Master manager not found
2023-10-23 20:03:12,909 file.ManagerServant INFO Master manager not found
2023-10-23 20:03:22,996 file.ManagerServant INFO Master manager not found
2023-10-23 20:03:33,104 file.ManagerServant INFO Master manager not found
2023-10-23 20:03:43,175 file.ManagerServant INFO Master manager not found
2023-10-23 20:03:53,312 file.ManagerServant INFO Master manager not found
2023-10-23 20:04:03,326 file.ManagerServant INFO Master manager not found
2023-10-23 20:04:13,317 file.ManagerServant INFO Master manager not found
2023-10-23 20:04:23,389 file.ManagerServant INFO Master manager not found
2023-10-23 20:04:33,505 file.ManagerServant INFO Master manager not found
2023-10-23 20:04:43,495 file.ManagerServant INFO Master manager not found
2023-10-23 20:04:53,607 file.ManagerServant INFO Master manager not found
2023-10-23 20:05:03,597 file.ManagerServant INFO Master manager not found
2023-10-23 20:05:13,678 file.ManagerServant INFO Master manager not found
2023-10-23 20:05:23,755 file.ManagerServant INFO Master manager not found
2023-10-23 20:05:33,892 file.ManagerServant INFO Master manager not found
2023-10-23 20:05:43,889 file.ManagerServant INFO Master manager not found
2023-10-23 20:05:53,984 file.ManagerServant INFO Master manager not found
2023-10-23 20:06:04,085 file.ManagerServant INFO Master manager not found
2023-10-23 20:06:14,205 file.ManagerServant INFO Master manager not found
2023-10-23 20:06:24,193 file.ManagerServant INFO Master manager not found
2023-10-23 20:06:34,300 file.ManagerServant INFO Master manager not found
2023-10-23 20:06:44,430 file.ManagerServant INFO Master manager not found
