2023-10-23 22:23:06,781 file.manager INFO 2.0.0
2023-10-23 22:23:06,782 file.manager INFO Copyright (C) 2003-2022, Noriaki Ando and OpenRTM development team,
2023-10-23 22:23:06,782 file.manager INFO   Intelligent Systems Research Institute, AIST,
2023-10-23 22:23:06,782 file.manager INFO Copyright (C) 2022, Noriaki Ando and OpenRTM development team,
2023-10-23 22:23:06,782 file.manager INFO   Industrial Cyber-Physical Research Center, AIST,
2023-10-23 22:23:06,782 file.manager INFO   All right reserved.
2023-10-23 22:23:06,782 file.manager INFO Manager starting.
2023-10-23 22:23:06,782 file.manager INFO Starting local logging.
2023-10-23 22:23:06,788 file.manager.namingmanager INFO NameServer connection succeeded: corba/localhost
2023-10-23 22:23:10,904 file.ManagerServant INFO Master manager not found
2023-10-23 22:23:10,905 file.LocalServiceAdmin INFO All the local services are enabled.
2023-10-23 22:23:10,907 file.manager INFO Component type conf file: camera.conf loaded.
2023-10-23 22:23:10,908 file.ec_base INFO setRate(1000000.000000) done
2023-10-23 22:23:10,908 file.ec_base INFO setRate(100.000000) done
2023-10-23 22:23:10,909 file.rtobject INFO 1 execution context was created.
2023-10-23 22:23:10,910 file.rtobject INFO Initial active configuration set is default.
2023-10-23 22:23:25,058 file.ManagerServant INFO Master manager not found
2023-10-23 22:23:35,053 file.ManagerServant INFO Master manager not found
2023-10-23 22:23:45,176 file.ManagerServant INFO Master manager not found
2023-10-23 22:23:55,167 file.ManagerServant INFO Master manager not found
2023-10-23 22:24:05,256 file.ManagerServant INFO Master manager not found
