2023-10-19 16:08:40,084 file.manager INFO 2.0.0
2023-10-19 16:08:40,084 file.manager INFO Copyright (C) 2003-2022, Noriaki Ando and OpenRTM development team,
2023-10-19 16:08:40,085 file.manager INFO   Intelligent Systems Research Institute, AIST,
2023-10-19 16:08:40,085 file.manager INFO Copyright (C) 2022, Noriaki Ando and OpenRTM development team,
2023-10-19 16:08:40,085 file.manager INFO   Industrial Cyber-Physical Research Center, AIST,
2023-10-19 16:08:40,085 file.manager INFO   All right reserved.
2023-10-19 16:08:40,085 file.manager INFO Manager starting.
2023-10-19 16:08:40,085 file.manager INFO Starting local logging.
2023-10-19 16:08:40,094 file.manager.namingmanager INFO NameServer connection succeeded: corba/localhost
2023-10-19 16:08:44,224 file.ManagerServant INFO Master manager not found
2023-10-19 16:08:44,226 file.LocalServiceAdmin INFO All the local services are enabled.
2023-10-19 16:08:44,230 file.manager INFO Component type conf file: camera.conf loaded.
2023-10-19 16:08:44,231 file.ec_base INFO setRate(1000000.000000) done
2023-10-19 16:08:44,231 file.ec_base INFO setRate(100.000000) done
2023-10-19 16:08:44,232 file.rtobject INFO 1 execution context was created.
2023-10-19 16:08:44,234 file.rtobject INFO Initial active configuration set is default.
2023-10-19 16:08:58,437 file.ManagerServant INFO Master manager not found
2023-10-19 16:09:08,539 file.ManagerServant INFO Master manager not found
2023-10-19 16:09:18,630 file.ManagerServant INFO Master manager not found
2023-10-19 16:09:28,729 file.ManagerServant INFO Master manager not found
2023-10-19 16:09:38,815 file.ManagerServant INFO Master manager not found
2023-10-19 16:09:48,930 file.ManagerServant INFO Master manager not found
2023-10-19 16:09:58,938 file.ManagerServant INFO Master manager not found
2023-10-19 16:10:09,037 file.ManagerServant INFO Master manager not found
2023-10-19 16:10:19,132 file.ManagerServant INFO Master manager not found
2023-10-19 16:10:29,208 file.ManagerServant INFO Master manager not found
2023-10-19 16:10:39,300 file.ManagerServant INFO Master manager not found
2023-10-19 16:10:49,361 file.ManagerServant INFO Master manager not found
2023-10-19 16:10:59,378 file.ManagerServant INFO Master manager not found
2023-10-19 16:11:09,464 file.ManagerServant INFO Master manager not found
2023-10-19 16:11:19,554 file.ManagerServant INFO Master manager not found
2023-10-19 16:11:29,641 file.ManagerServant INFO Master manager not found
2023-10-19 16:11:39,737 file.ManagerServant INFO Master manager not found
2023-10-19 16:11:49,805 file.ManagerServant INFO Master manager not found
2023-10-19 16:11:59,895 file.ManagerServant INFO Master manager not found
2023-10-19 16:12:10,000 file.ManagerServant INFO Master manager not found
2023-10-19 16:12:20,105 file.ManagerServant INFO Master manager not found
2023-10-19 16:12:30,114 file.ManagerServant INFO Master manager not found
2023-10-19 16:12:40,199 file.ManagerServant INFO Master manager not found
2023-10-19 16:12:50,307 file.ManagerServant INFO Master manager not found
2023-10-19 16:13:00,281 file.ManagerServant INFO Master manager not found
2023-10-19 16:13:10,373 file.ManagerServant INFO Master manager not found
2023-10-19 16:13:20,480 file.ManagerServant INFO Master manager not found
2023-10-19 16:13:30,562 file.ManagerServant INFO Master manager not found
2023-10-19 16:13:40,657 file.ManagerServant INFO Master manager not found
2023-10-19 16:13:50,747 file.ManagerServant INFO Master manager not found
2023-10-19 16:14:00,793 file.ManagerServant INFO Master manager not found
2023-10-19 16:14:10,835 file.ManagerServant INFO Master manager not found
2023-10-19 16:14:20,876 file.ManagerServant INFO Master manager not found
2023-10-19 16:14:30,979 file.ManagerServant INFO Master manager not found
2023-10-19 16:14:41,074 file.ManagerServant INFO Master manager not found
2023-10-19 16:14:51,091 file.ManagerServant INFO Master manager not found
2023-10-19 16:15:01,126 file.ManagerServant INFO Master manager not found
2023-10-19 16:15:11,202 file.ManagerServant INFO Master manager not found
2023-10-19 16:15:21,274 file.ManagerServant INFO Master manager not found
2023-10-19 16:15:31,337 file.ManagerServant INFO Master manager not found
2023-10-19 16:15:41,431 file.ManagerServant INFO Master manager not found
2023-10-19 16:15:51,520 file.ManagerServant INFO Master manager not found
2023-10-19 16:16:01,581 file.ManagerServant INFO Master manager not found
2023-10-19 16:16:11,680 file.ManagerServant INFO Master manager not found
2023-10-19 16:16:21,774 file.ManagerServant INFO Master manager not found
2023-10-19 16:16:31,829 file.ManagerServant INFO Master manager not found
2023-10-19 16:16:41,915 file.ManagerServant INFO Master manager not found
2023-10-19 16:16:52,006 file.ManagerServant INFO Master manager not found
2023-10-19 16:17:02,049 file.ManagerServant INFO Master manager not found
2023-10-19 16:17:12,118 file.ManagerServant INFO Master manager not found
2023-10-19 16:17:22,158 file.ManagerServant INFO Master manager not found
2023-10-19 16:17:32,182 file.ManagerServant INFO Master manager not found
2023-10-19 16:17:42,263 file.ManagerServant INFO Master manager not found
2023-10-19 16:17:52,322 file.ManagerServant INFO Master manager not found
2023-10-19 16:18:02,384 file.ManagerServant INFO Master manager not found
2023-10-19 16:18:12,438 file.ManagerServant INFO Master manager not found
2023-10-19 16:18:22,472 file.ManagerServant INFO Master manager not found
2023-10-19 16:18:32,530 file.ManagerServant INFO Master manager not found
2023-10-19 16:18:42,568 file.ManagerServant INFO Master manager not found
2023-10-19 16:18:52,585 file.ManagerServant INFO Master manager not found
2023-10-19 16:19:02,589 file.ManagerServant INFO Master manager not found
2023-10-19 16:19:12,639 file.ManagerServant INFO Master manager not found
2023-10-19 16:19:22,686 file.ManagerServant INFO Master manager not found
2023-10-19 16:19:32,723 file.ManagerServant INFO Master manager not found
2023-10-19 16:19:42,776 file.ManagerServant INFO Master manager not found
2023-10-19 16:19:52,830 file.ManagerServant INFO Master manager not found
2023-10-19 16:20:02,906 file.ManagerServant INFO Master manager not found
2023-10-19 16:20:12,937 file.ManagerServant INFO Master manager not found
2023-10-19 16:20:23,010 file.ManagerServant INFO Master manager not found
2023-10-19 16:20:33,084 file.ManagerServant INFO Master manager not found
2023-10-19 16:20:43,196 file.ManagerServant INFO Master manager not found
2023-10-19 16:20:53,243 file.ManagerServant INFO Master manager not found
2023-10-19 16:21:03,334 file.ManagerServant INFO Master manager not found
2023-10-19 16:21:13,419 file.ManagerServant INFO Master manager not found
2023-10-19 16:21:23,529 file.ManagerServant INFO Master manager not found
2023-10-19 16:21:33,588 file.ManagerServant INFO Master manager not found
2023-10-19 16:21:43,620 file.ManagerServant INFO Master manager not found
2023-10-19 16:21:53,652 file.ManagerServant INFO Master manager not found
2023-10-19 16:22:03,740 file.ManagerServant INFO Master manager not found
2023-10-19 16:22:13,802 file.ManagerServant INFO Master manager not found
2023-10-19 16:22:23,858 file.ManagerServant INFO Master manager not found
2023-10-19 16:22:33,904 file.ManagerServant INFO Master manager not found
2023-10-19 16:22:43,955 file.ManagerServant INFO Master manager not found
2023-10-19 16:22:53,960 file.ManagerServant INFO Master manager not found
2023-10-19 16:23:04,023 file.ManagerServant INFO Master manager not found
